[0.084s] Invoking command in '/home/heron/percheron_ws/build/percheron_cpp_examples': CMAKE_PREFIX_PATH=${CMAKE_PREFIX_PATH}:/home/heron/clydesdale_ws/install/serial_motor_demo:/home/heron/clydesdale_ws/install/joy_tester:/opt/ros/iron /usr/bin/cmake --build /home/heron/percheron_ws/build/percheron_cpp_examples -- -j4 -l4
[1.159s] [ 33%] Built target simple_publisher
[1.161s] [ 66%] Built target simple_subscriber
[1.163s] [100%] Built target simple_parameter
[1.164s] Invoked command in '/home/heron/percheron_ws/build/percheron_cpp_examples' returned '0': CMAKE_PREFIX_PATH=${CMAKE_PREFIX_PATH}:/home/heron/clydesdale_ws/install/serial_motor_demo:/home/heron/clydesdale_ws/install/joy_tester:/opt/ros/iron /usr/bin/cmake --build /home/heron/percheron_ws/build/percheron_cpp_examples -- -j4 -l4
[1.278s] Invoking command in '/home/heron/percheron_ws/build/percheron_cpp_examples': CMAKE_PREFIX_PATH=${CMAKE_PREFIX_PATH}:/home/heron/clydesdale_ws/install/serial_motor_demo:/home/heron/clydesdale_ws/install/joy_tester:/opt/ros/iron /usr/bin/cmake --install /home/heron/percheron_ws/build/percheron_cpp_examples
[1.309s] -- Install configuration: ""
[1.310s] -- Up-to-date: /home/heron/percheron_ws/install/percheron_cpp_examples/lib/percheron_cpp_examples/simple_publisher
[1.310s] -- Up-to-date: /home/heron/percheron_ws/install/percheron_cpp_examples/lib/percheron_cpp_examples/simple_subscriber
[1.311s] -- Up-to-date: /home/heron/percheron_ws/install/percheron_cpp_examples/lib/percheron_cpp_examples/simple_parameter
[1.311s] -- Up-to-date: /home/heron/percheron_ws/install/percheron_cpp_examples/share/ament_index/resource_index/package_run_dependencies/percheron_cpp_examples
[1.312s] -- Up-to-date: /home/heron/percheron_ws/install/percheron_cpp_examples/share/ament_index/resource_index/parent_prefix_path/percheron_cpp_examples
[1.313s] -- Up-to-date: /home/heron/percheron_ws/install/percheron_cpp_examples/share/percheron_cpp_examples/environment/ament_prefix_path.sh
[1.317s] -- Up-to-date: /home/heron/percheron_ws/install/percheron_cpp_examples/share/percheron_cpp_examples/environment/ament_prefix_path.dsv
[1.318s] -- Up-to-date: /home/heron/percheron_ws/install/percheron_cpp_examples/share/percheron_cpp_examples/environment/path.sh
[1.319s] -- Up-to-date: /home/heron/percheron_ws/install/percheron_cpp_examples/share/percheron_cpp_examples/environment/path.dsv
[1.319s] -- Up-to-date: /home/heron/percheron_ws/install/percheron_cpp_examples/share/percheron_cpp_examples/local_setup.bash
[1.319s] -- Up-to-date: /home/heron/percheron_ws/install/percheron_cpp_examples/share/percheron_cpp_examples/local_setup.sh
[1.319s] -- Up-to-date: /home/heron/percheron_ws/install/percheron_cpp_examples/share/percheron_cpp_examples/local_setup.zsh
[1.320s] -- Up-to-date: /home/heron/percheron_ws/install/percheron_cpp_examples/share/percheron_cpp_examples/local_setup.dsv
[1.320s] -- Installing: /home/heron/percheron_ws/install/percheron_cpp_examples/share/percheron_cpp_examples/package.dsv
[1.320s] -- Up-to-date: /home/heron/percheron_ws/install/percheron_cpp_examples/share/ament_index/resource_index/packages/percheron_cpp_examples
[1.321s] -- Up-to-date: /home/heron/percheron_ws/install/percheron_cpp_examples/share/percheron_cpp_examples/cmake/percheron_cpp_examplesConfig.cmake
[1.321s] -- Up-to-date: /home/heron/percheron_ws/install/percheron_cpp_examples/share/percheron_cpp_examples/cmake/percheron_cpp_examplesConfig-version.cmake
[1.321s] -- Up-to-date: /home/heron/percheron_ws/install/percheron_cpp_examples/share/percheron_cpp_examples/package.xml
[1.352s] Invoked command in '/home/heron/percheron_ws/build/percheron_cpp_examples' returned '0': CMAKE_PREFIX_PATH=${CMAKE_PREFIX_PATH}:/home/heron/clydesdale_ws/install/serial_motor_demo:/home/heron/clydesdale_ws/install/joy_tester:/opt/ros/iron /usr/bin/cmake --install /home/heron/percheron_ws/build/percheron_cpp_examples
