[4.859s] Invoking command in '/home/heron/percheron_ws/src/percheron_py_examples': PYTHONPATH=/home/heron/percheron_ws/build/percheron_py_examples/prefix_override:/usr/lib/python3/dist-packages/colcon_core/task/python/colcon_distutils_commands:/home/heron/percheron_ws/install/percheron_py_examples/lib/python3.10/site-packages:${PYTHONPATH} /usr/bin/python3 -W ignore:setup.py install is deprecated setup.py egg_info --egg-base ../../build/percheron_py_examples build --build-base /home/heron/percheron_ws/build/percheron_py_examples/build install --record /home/heron/percheron_ws/build/percheron_py_examples/install.log --single-version-externally-managed install_data
[5.730s] running egg_info
[5.733s] writing ../../build/percheron_py_examples/percheron_py_examples.egg-info/PKG-INFO
[5.734s] writing dependency_links to ../../build/percheron_py_examples/percheron_py_examples.egg-info/dependency_links.txt
[5.735s] writing entry points to ../../build/percheron_py_examples/percheron_py_examples.egg-info/entry_points.txt
[5.736s] writing requirements to ../../build/percheron_py_examples/percheron_py_examples.egg-info/requires.txt
[5.736s] writing top-level names to ../../build/percheron_py_examples/percheron_py_examples.egg-info/top_level.txt
[5.743s] reading manifest file '../../build/percheron_py_examples/percheron_py_examples.egg-info/SOURCES.txt'
[5.763s] writing manifest file '../../build/percheron_py_examples/percheron_py_examples.egg-info/SOURCES.txt'
[5.764s] running build
[5.764s] running build_py
[5.765s] running install
[5.766s] running install_lib
[5.770s] running install_data
[5.770s] running install_egg_info
[5.776s] removing '/home/heron/percheron_ws/install/percheron_py_examples/lib/python3.10/site-packages/percheron_py_examples-0.0.0-py3.10.egg-info' (and everything under it)
[5.776s] Copying ../../build/percheron_py_examples/percheron_py_examples.egg-info to /home/heron/percheron_ws/install/percheron_py_examples/lib/python3.10/site-packages/percheron_py_examples-0.0.0-py3.10.egg-info
[5.779s] running install_scripts
[5.845s] Installing simple_publisher script to /home/heron/percheron_ws/install/percheron_py_examples/lib/percheron_py_examples
[5.847s] writing list of installed files to '/home/heron/percheron_ws/build/percheron_py_examples/install.log'
[5.951s] Invoked command in '/home/heron/percheron_ws/src/percheron_py_examples' returned '0': PYTHONPATH=/home/heron/percheron_ws/build/percheron_py_examples/prefix_override:/usr/lib/python3/dist-packages/colcon_core/task/python/colcon_distutils_commands:/home/heron/percheron_ws/install/percheron_py_examples/lib/python3.10/site-packages:${PYTHONPATH} /usr/bin/python3 -W ignore:setup.py install is deprecated setup.py egg_info --egg-base ../../build/percheron_py_examples build --build-base /home/heron/percheron_ws/build/percheron_py_examples/build install --record /home/heron/percheron_ws/build/percheron_py_examples/install.log --single-version-externally-managed install_data
