[0.850s] DEBUG:colcon:Command line arguments: ['/usr/bin/colcon', 'build']
[0.850s] DEBUG:colcon:Parsed command line arguments: Namespace(log_base=None, log_level=None, verb_name='build', build_base='build', install_base='install', merge_install=False, symlink_install=False, test_result_base=None, continue_on_error=False, executor='parallel', parallel_workers=4, event_handlers=None, ignore_user_meta=False, metas=['./colcon.meta'], base_paths=['.'], packages_ignore=None, packages_ignore_regex=None, paths=None, packages_up_to=None, packages_up_to_regex=None, packages_above=None, packages_above_and_dependencies=None, packages_above_depth=None, packages_select_by_dep=None, packages_skip_by_dep=None, packages_skip_up_to=None, packages_select_build_failed=False, packages_skip_build_finished=False, packages_select_test_failures=False, packages_skip_test_passed=False, packages_select=None, packages_skip=None, packages_select_regex=None, packages_skip_regex=None, packages_start=None, packages_end=None, allow_overriding=[], cmake_args=None, cmake_target=None, cmake_target_skip_unavailable=False, cmake_clean_cache=False, cmake_clean_first=False, cmake_force_configure=False, ament_cmake_args=None, catkin_cmake_args=None, catkin_skip_building_tests=False, mixin_files=None, mixin=None, verb_parser=<colcon_mixin.mixin.mixin_argument.MixinArgumentDecorator object at 0x7f92302def80>, verb_extension=<colcon_core.verb.build.BuildVerb object at 0x7f92302dea40>, main=<bound method BuildVerb.main of <colcon_core.verb.build.BuildVerb object at 0x7f92302dea40>>, mixin_verb=('build',))
[1.896s] Level 1:colcon.colcon_core.package_discovery:discover_packages(colcon_meta) check parameters
[1.897s] Level 1:colcon.colcon_core.package_discovery:discover_packages(recursive) check parameters
[1.897s] Level 1:colcon.colcon_core.package_discovery:discover_packages(ignore) check parameters
[1.898s] Level 1:colcon.colcon_core.package_discovery:discover_packages(path) check parameters
[1.898s] Level 1:colcon.colcon_core.package_discovery:discover_packages(colcon_meta) discover
[1.898s] Level 1:colcon.colcon_core.package_discovery:discover_packages(recursive) discover
[1.898s] INFO:colcon.colcon_core.package_discovery:Crawling recursively for packages in '/home/heron/percheron_ws'
[1.899s] Level 1:colcon.colcon_core.package_identification:_identify(.) by extensions ['ignore', 'ignore_ament_install']
[1.899s] Level 1:colcon.colcon_core.package_identification:_identify(.) by extension 'ignore'
[1.899s] Level 1:colcon.colcon_core.package_identification:_identify(.) by extension 'ignore_ament_install'
[1.900s] Level 1:colcon.colcon_core.package_identification:_identify(.) by extensions ['colcon_pkg']
[1.900s] Level 1:colcon.colcon_core.package_identification:_identify(.) by extension 'colcon_pkg'
[1.900s] Level 1:colcon.colcon_core.package_identification:_identify(.) by extensions ['colcon_meta']
[1.900s] Level 1:colcon.colcon_core.package_identification:_identify(.) by extension 'colcon_meta'
[1.900s] Level 1:colcon.colcon_core.package_identification:_identify(.) by extensions ['ros']
[1.900s] Level 1:colcon.colcon_core.package_identification:_identify(.) by extension 'ros'
[1.969s] Level 1:colcon.colcon_core.package_identification:_identify(.) by extensions ['cmake', 'python']
[1.969s] Level 1:colcon.colcon_core.package_identification:_identify(.) by extension 'cmake'
[1.970s] Level 1:colcon.colcon_core.package_identification:_identify(.) by extension 'python'
[1.970s] Level 1:colcon.colcon_core.package_identification:_identify(.) by extensions ['python_setup_py']
[1.970s] Level 1:colcon.colcon_core.package_identification:_identify(.) by extension 'python_setup_py'
[1.970s] Level 1:colcon.colcon_core.package_identification:_identify(build) by extensions ['ignore', 'ignore_ament_install']
[1.971s] Level 1:colcon.colcon_core.package_identification:_identify(build) by extension 'ignore'
[1.971s] Level 1:colcon.colcon_core.package_identification:_identify(build) ignored
[1.971s] Level 1:colcon.colcon_core.package_identification:_identify(install) by extensions ['ignore', 'ignore_ament_install']
[1.972s] Level 1:colcon.colcon_core.package_identification:_identify(install) by extension 'ignore'
[1.972s] Level 1:colcon.colcon_core.package_identification:_identify(install) ignored
[1.972s] Level 1:colcon.colcon_core.package_identification:_identify(log) by extensions ['ignore', 'ignore_ament_install']
[1.972s] Level 1:colcon.colcon_core.package_identification:_identify(log) by extension 'ignore'
[1.972s] Level 1:colcon.colcon_core.package_identification:_identify(log) ignored
[1.973s] Level 1:colcon.colcon_core.package_identification:_identify(src) by extensions ['ignore', 'ignore_ament_install']
[1.973s] Level 1:colcon.colcon_core.package_identification:_identify(src) by extension 'ignore'
[1.973s] Level 1:colcon.colcon_core.package_identification:_identify(src) by extension 'ignore_ament_install'
[1.973s] Level 1:colcon.colcon_core.package_identification:_identify(src) by extensions ['colcon_pkg']
[1.974s] Level 1:colcon.colcon_core.package_identification:_identify(src) by extension 'colcon_pkg'
[1.974s] Level 1:colcon.colcon_core.package_identification:_identify(src) by extensions ['colcon_meta']
[1.974s] Level 1:colcon.colcon_core.package_identification:_identify(src) by extension 'colcon_meta'
[1.974s] Level 1:colcon.colcon_core.package_identification:_identify(src) by extensions ['ros']
[1.974s] Level 1:colcon.colcon_core.package_identification:_identify(src) by extension 'ros'
[1.974s] Level 1:colcon.colcon_core.package_identification:_identify(src) by extensions ['cmake', 'python']
[1.974s] Level 1:colcon.colcon_core.package_identification:_identify(src) by extension 'cmake'
[1.975s] Level 1:colcon.colcon_core.package_identification:_identify(src) by extension 'python'
[1.975s] Level 1:colcon.colcon_core.package_identification:_identify(src) by extensions ['python_setup_py']
[1.975s] Level 1:colcon.colcon_core.package_identification:_identify(src) by extension 'python_setup_py'
[1.975s] Level 1:colcon.colcon_core.package_identification:_identify(src/percheron_cpp_examples) by extensions ['ignore', 'ignore_ament_install']
[1.976s] Level 1:colcon.colcon_core.package_identification:_identify(src/percheron_cpp_examples) by extension 'ignore'
[1.976s] Level 1:colcon.colcon_core.package_identification:_identify(src/percheron_cpp_examples) by extension 'ignore_ament_install'
[1.976s] Level 1:colcon.colcon_core.package_identification:_identify(src/percheron_cpp_examples) by extensions ['colcon_pkg']
[1.976s] Level 1:colcon.colcon_core.package_identification:_identify(src/percheron_cpp_examples) by extension 'colcon_pkg'
[1.976s] Level 1:colcon.colcon_core.package_identification:_identify(src/percheron_cpp_examples) by extensions ['colcon_meta']
[1.976s] Level 1:colcon.colcon_core.package_identification:_identify(src/percheron_cpp_examples) by extension 'colcon_meta'
[1.976s] Level 1:colcon.colcon_core.package_identification:_identify(src/percheron_cpp_examples) by extensions ['ros']
[1.977s] Level 1:colcon.colcon_core.package_identification:_identify(src/percheron_cpp_examples) by extension 'ros'
[2.010s] DEBUG:colcon.colcon_core.package_identification:Package 'src/percheron_cpp_examples' with type 'ros.ament_cmake' and name 'percheron_cpp_examples'
[2.011s] Level 1:colcon.colcon_core.package_identification:_identify(src/percheron_description) by extensions ['ignore', 'ignore_ament_install']
[2.011s] Level 1:colcon.colcon_core.package_identification:_identify(src/percheron_description) by extension 'ignore'
[2.011s] Level 1:colcon.colcon_core.package_identification:_identify(src/percheron_description) by extension 'ignore_ament_install'
[2.012s] Level 1:colcon.colcon_core.package_identification:_identify(src/percheron_description) by extensions ['colcon_pkg']
[2.012s] Level 1:colcon.colcon_core.package_identification:_identify(src/percheron_description) by extension 'colcon_pkg'
[2.012s] Level 1:colcon.colcon_core.package_identification:_identify(src/percheron_description) by extensions ['colcon_meta']
[2.012s] Level 1:colcon.colcon_core.package_identification:_identify(src/percheron_description) by extension 'colcon_meta'
[2.012s] Level 1:colcon.colcon_core.package_identification:_identify(src/percheron_description) by extensions ['ros']
[2.013s] Level 1:colcon.colcon_core.package_identification:_identify(src/percheron_description) by extension 'ros'
[2.017s] DEBUG:colcon.colcon_core.package_identification:Package 'src/percheron_description' with type 'ros.ament_cmake' and name 'percheron_description'
[2.017s] Level 1:colcon.colcon_core.package_identification:_identify(src/percheron_py_examples) by extensions ['ignore', 'ignore_ament_install']
[2.018s] Level 1:colcon.colcon_core.package_identification:_identify(src/percheron_py_examples) by extension 'ignore'
[2.018s] Level 1:colcon.colcon_core.package_identification:_identify(src/percheron_py_examples) by extension 'ignore_ament_install'
[2.018s] Level 1:colcon.colcon_core.package_identification:_identify(src/percheron_py_examples) by extensions ['colcon_pkg']
[2.018s] Level 1:colcon.colcon_core.package_identification:_identify(src/percheron_py_examples) by extension 'colcon_pkg'
[2.019s] Level 1:colcon.colcon_core.package_identification:_identify(src/percheron_py_examples) by extensions ['colcon_meta']
[2.019s] Level 1:colcon.colcon_core.package_identification:_identify(src/percheron_py_examples) by extension 'colcon_meta'
[2.019s] Level 1:colcon.colcon_core.package_identification:_identify(src/percheron_py_examples) by extensions ['ros']
[2.019s] Level 1:colcon.colcon_core.package_identification:_identify(src/percheron_py_examples) by extension 'ros'
[2.021s] DEBUG:colcon.colcon_core.package_identification:Package 'src/percheron_py_examples' with type 'ros.ament_python' and name 'percheron_py_examples'
[2.022s] Level 1:colcon.colcon_core.package_discovery:discover_packages(recursive) using defaults
[2.022s] Level 1:colcon.colcon_core.package_discovery:discover_packages(ignore) discover
[2.022s] Level 1:colcon.colcon_core.package_discovery:discover_packages(ignore) using defaults
[2.022s] Level 1:colcon.colcon_core.package_discovery:discover_packages(path) discover
[2.022s] Level 1:colcon.colcon_core.package_discovery:discover_packages(path) using defaults
[2.174s] Level 1:colcon.colcon_core.package_discovery:discover_packages(prefix_path) check parameters
[2.174s] Level 1:colcon.colcon_core.package_discovery:discover_packages(prefix_path) discover
[2.211s] DEBUG:colcon.colcon_installed_package_information.package_discovery:Found 5 installed packages in /home/heron/clydesdale_ws/install
[2.220s] DEBUG:colcon.colcon_installed_package_information.package_discovery:Found 341 installed packages in /opt/ros/iron
[2.229s] Level 1:colcon.colcon_core.package_discovery:discover_packages(prefix_path) using defaults
[2.498s] Level 5:colcon.colcon_core.verb:set package 'percheron_cpp_examples' build argument 'cmake_args' from command line to 'None'
[2.498s] Level 5:colcon.colcon_core.verb:set package 'percheron_cpp_examples' build argument 'cmake_target' from command line to 'None'
[2.499s] Level 5:colcon.colcon_core.verb:set package 'percheron_cpp_examples' build argument 'cmake_target_skip_unavailable' from command line to 'False'
[2.499s] Level 5:colcon.colcon_core.verb:set package 'percheron_cpp_examples' build argument 'cmake_clean_cache' from command line to 'False'
[2.499s] Level 5:colcon.colcon_core.verb:set package 'percheron_cpp_examples' build argument 'cmake_clean_first' from command line to 'False'
[2.499s] Level 5:colcon.colcon_core.verb:set package 'percheron_cpp_examples' build argument 'cmake_force_configure' from command line to 'False'
[2.499s] Level 5:colcon.colcon_core.verb:set package 'percheron_cpp_examples' build argument 'ament_cmake_args' from command line to 'None'
[2.499s] Level 5:colcon.colcon_core.verb:set package 'percheron_cpp_examples' build argument 'catkin_cmake_args' from command line to 'None'
[2.499s] Level 5:colcon.colcon_core.verb:set package 'percheron_cpp_examples' build argument 'catkin_skip_building_tests' from command line to 'False'
[2.499s] DEBUG:colcon.colcon_core.verb:Building package 'percheron_cpp_examples' with the following arguments: {'ament_cmake_args': None, 'build_base': '/home/heron/percheron_ws/build/percheron_cpp_examples', 'catkin_cmake_args': None, 'catkin_skip_building_tests': False, 'cmake_args': None, 'cmake_clean_cache': False, 'cmake_clean_first': False, 'cmake_force_configure': False, 'cmake_target': None, 'cmake_target_skip_unavailable': False, 'install_base': '/home/heron/percheron_ws/install/percheron_cpp_examples', 'merge_install': False, 'path': '/home/heron/percheron_ws/src/percheron_cpp_examples', 'symlink_install': False, 'test_result_base': None}
[2.501s] Level 5:colcon.colcon_core.verb:set package 'percheron_description' build argument 'cmake_args' from command line to 'None'
[2.501s] Level 5:colcon.colcon_core.verb:set package 'percheron_description' build argument 'cmake_target' from command line to 'None'
[2.502s] Level 5:colcon.colcon_core.verb:set package 'percheron_description' build argument 'cmake_target_skip_unavailable' from command line to 'False'
[2.502s] Level 5:colcon.colcon_core.verb:set package 'percheron_description' build argument 'cmake_clean_cache' from command line to 'False'
[2.502s] Level 5:colcon.colcon_core.verb:set package 'percheron_description' build argument 'cmake_clean_first' from command line to 'False'
[2.502s] Level 5:colcon.colcon_core.verb:set package 'percheron_description' build argument 'cmake_force_configure' from command line to 'False'
[2.502s] Level 5:colcon.colcon_core.verb:set package 'percheron_description' build argument 'ament_cmake_args' from command line to 'None'
[2.502s] Level 5:colcon.colcon_core.verb:set package 'percheron_description' build argument 'catkin_cmake_args' from command line to 'None'
[2.502s] Level 5:colcon.colcon_core.verb:set package 'percheron_description' build argument 'catkin_skip_building_tests' from command line to 'False'
[2.502s] DEBUG:colcon.colcon_core.verb:Building package 'percheron_description' with the following arguments: {'ament_cmake_args': None, 'build_base': '/home/heron/percheron_ws/build/percheron_description', 'catkin_cmake_args': None, 'catkin_skip_building_tests': False, 'cmake_args': None, 'cmake_clean_cache': False, 'cmake_clean_first': False, 'cmake_force_configure': False, 'cmake_target': None, 'cmake_target_skip_unavailable': False, 'install_base': '/home/heron/percheron_ws/install/percheron_description', 'merge_install': False, 'path': '/home/heron/percheron_ws/src/percheron_description', 'symlink_install': False, 'test_result_base': None}
[2.504s] Level 5:colcon.colcon_core.verb:set package 'percheron_py_examples' build argument 'cmake_args' from command line to 'None'
[2.504s] Level 5:colcon.colcon_core.verb:set package 'percheron_py_examples' build argument 'cmake_target' from command line to 'None'
[2.504s] Level 5:colcon.colcon_core.verb:set package 'percheron_py_examples' build argument 'cmake_target_skip_unavailable' from command line to 'False'
[2.505s] Level 5:colcon.colcon_core.verb:set package 'percheron_py_examples' build argument 'cmake_clean_cache' from command line to 'False'
[2.505s] Level 5:colcon.colcon_core.verb:set package 'percheron_py_examples' build argument 'cmake_clean_first' from command line to 'False'
[2.505s] Level 5:colcon.colcon_core.verb:set package 'percheron_py_examples' build argument 'cmake_force_configure' from command line to 'False'
[2.505s] Level 5:colcon.colcon_core.verb:set package 'percheron_py_examples' build argument 'ament_cmake_args' from command line to 'None'
[2.505s] Level 5:colcon.colcon_core.verb:set package 'percheron_py_examples' build argument 'catkin_cmake_args' from command line to 'None'
[2.505s] Level 5:colcon.colcon_core.verb:set package 'percheron_py_examples' build argument 'catkin_skip_building_tests' from command line to 'False'
[2.505s] DEBUG:colcon.colcon_core.verb:Building package 'percheron_py_examples' with the following arguments: {'ament_cmake_args': None, 'build_base': '/home/heron/percheron_ws/build/percheron_py_examples', 'catkin_cmake_args': None, 'catkin_skip_building_tests': False, 'cmake_args': None, 'cmake_clean_cache': False, 'cmake_clean_first': False, 'cmake_force_configure': False, 'cmake_target': None, 'cmake_target_skip_unavailable': False, 'install_base': '/home/heron/percheron_ws/install/percheron_py_examples', 'merge_install': False, 'path': '/home/heron/percheron_ws/src/percheron_py_examples', 'symlink_install': False, 'test_result_base': None}
[2.506s] INFO:colcon.colcon_core.executor:Executing jobs using 'parallel' executor
[2.509s] DEBUG:colcon.colcon_parallel_executor.executor.parallel:run_until_complete
[2.510s] INFO:colcon.colcon_ros.task.ament_cmake.build:Building ROS package in '/home/heron/percheron_ws/src/percheron_cpp_examples' with build type 'ament_cmake'
[2.510s] INFO:colcon.colcon_cmake.task.cmake.build:Building CMake package in '/home/heron/percheron_ws/src/percheron_cpp_examples'
[2.538s] INFO:colcon.colcon_core.plugin_system:Skipping extension 'colcon_core.shell.bat': Not used on non-Windows systems
[2.539s] INFO:colcon.colcon_core.shell:Skip shell extension 'powershell' for command environment: Not usable outside of PowerShell
[2.540s] DEBUG:colcon.colcon_core.shell:Skip shell extension 'dsv' for command environment
[2.579s] INFO:colcon.colcon_ros.task.ament_cmake.build:Building ROS package in '/home/heron/percheron_ws/src/percheron_description' with build type 'ament_cmake'
[2.580s] INFO:colcon.colcon_cmake.task.cmake.build:Building CMake package in '/home/heron/percheron_ws/src/percheron_description'
[2.581s] INFO:colcon.colcon_core.shell:Skip shell extension 'powershell' for command environment: Not usable outside of PowerShell
[2.581s] DEBUG:colcon.colcon_core.shell:Skip shell extension 'dsv' for command environment
[2.603s] INFO:colcon.colcon_ros.task.ament_python.build:Building ROS package in '/home/heron/percheron_ws/src/percheron_py_examples' with build type 'ament_python'
[2.604s] Level 1:colcon.colcon_core.shell:create_environment_hook('percheron_py_examples', 'ament_prefix_path')
[2.605s] INFO:colcon.colcon_core.shell:Creating environment hook '/home/heron/percheron_ws/install/percheron_py_examples/share/percheron_py_examples/hook/ament_prefix_path.ps1'
[2.687s] INFO:colcon.colcon_core.shell:Creating environment descriptor '/home/heron/percheron_ws/install/percheron_py_examples/share/percheron_py_examples/hook/ament_prefix_path.dsv'
[2.725s] INFO:colcon.colcon_core.shell:Creating environment hook '/home/heron/percheron_ws/install/percheron_py_examples/share/percheron_py_examples/hook/ament_prefix_path.sh'
[2.756s] INFO:colcon.colcon_core.shell:Skip shell extension 'powershell' for command environment: Not usable outside of PowerShell
[2.757s] DEBUG:colcon.colcon_core.shell:Skip shell extension 'dsv' for command environment
[2.812s] DEBUG:colcon.colcon_core.event_handler.log_command:Invoking command in '/home/heron/percheron_ws/build/percheron_cpp_examples': CMAKE_PREFIX_PATH=${CMAKE_PREFIX_PATH}:/home/heron/clydesdale_ws/install/serial_motor_demo:/home/heron/clydesdale_ws/install/joy_tester:/opt/ros/iron /usr/bin/cmake --build /home/heron/percheron_ws/build/percheron_cpp_examples -- -j4 -l4
[2.832s] DEBUG:colcon.colcon_core.event_handler.log_command:Invoking command in '/home/heron/percheron_ws/build/percheron_description': CMAKE_PREFIX_PATH=${CMAKE_PREFIX_PATH}:/home/heron/clydesdale_ws/install/serial_motor_demo:/home/heron/clydesdale_ws/install/joy_tester:/opt/ros/iron /usr/bin/cmake --build /home/heron/percheron_ws/build/percheron_description -- -j4 -l4
[4.768s] INFO:colcon.colcon_core.task.python.build:Building Python package in '/home/heron/percheron_ws/src/percheron_py_examples'
[4.769s] INFO:colcon.colcon_core.shell:Skip shell extension 'powershell' for command environment: Not usable outside of PowerShell
[4.770s] DEBUG:colcon.colcon_core.shell:Skip shell extension 'dsv' for command environment
[4.810s] DEBUG:colcon.colcon_core.event_handler.log_command:Invoked command in '/home/heron/percheron_ws/build/percheron_cpp_examples' returned '0': CMAKE_PREFIX_PATH=${CMAKE_PREFIX_PATH}:/home/heron/clydesdale_ws/install/serial_motor_demo:/home/heron/clydesdale_ws/install/joy_tester:/opt/ros/iron /usr/bin/cmake --build /home/heron/percheron_ws/build/percheron_cpp_examples -- -j4 -l4
[5.039s] DEBUG:colcon.colcon_core.event_handler.log_command:Invoking command in '/home/heron/percheron_ws/build/percheron_cpp_examples': CMAKE_PREFIX_PATH=${CMAKE_PREFIX_PATH}:/home/heron/clydesdale_ws/install/serial_motor_demo:/home/heron/clydesdale_ws/install/joy_tester:/opt/ros/iron /usr/bin/cmake --install /home/heron/percheron_ws/build/percheron_cpp_examples
[5.115s] Level 1:colcon.colcon_core.environment:create_environment_scripts_only(percheron_cpp_examples)
[5.121s] DEBUG:colcon.colcon_core.event_handler.log_command:Invoked command in '/home/heron/percheron_ws/build/percheron_cpp_examples' returned '0': CMAKE_PREFIX_PATH=${CMAKE_PREFIX_PATH}:/home/heron/clydesdale_ws/install/serial_motor_demo:/home/heron/clydesdale_ws/install/joy_tester:/opt/ros/iron /usr/bin/cmake --install /home/heron/percheron_ws/build/percheron_cpp_examples
[5.212s] Level 1:colcon.colcon_core.environment:checking '/home/heron/percheron_ws/install/percheron_cpp_examples' for CMake module files
[5.214s] Level 1:colcon.colcon_core.environment:checking '/home/heron/percheron_ws/install/percheron_cpp_examples' for CMake config files
[5.215s] Level 1:colcon.colcon_core.shell:create_environment_hook('percheron_cpp_examples', 'cmake_prefix_path')
[5.216s] INFO:colcon.colcon_core.shell:Creating environment hook '/home/heron/percheron_ws/install/percheron_cpp_examples/share/percheron_cpp_examples/hook/cmake_prefix_path.ps1'
[5.219s] INFO:colcon.colcon_core.shell:Creating environment descriptor '/home/heron/percheron_ws/install/percheron_cpp_examples/share/percheron_cpp_examples/hook/cmake_prefix_path.dsv'
[5.220s] INFO:colcon.colcon_core.shell:Creating environment hook '/home/heron/percheron_ws/install/percheron_cpp_examples/share/percheron_cpp_examples/hook/cmake_prefix_path.sh'
[5.238s] Level 1:colcon.colcon_core.environment:checking '/home/heron/percheron_ws/install/percheron_cpp_examples/lib'
[5.239s] Level 1:colcon.colcon_core.environment:checking '/home/heron/percheron_ws/install/percheron_cpp_examples/bin'
[5.240s] Level 1:colcon.colcon_core.environment:checking '/home/heron/percheron_ws/install/percheron_cpp_examples/lib/pkgconfig/percheron_cpp_examples.pc'
[5.241s] Level 1:colcon.colcon_core.environment:checking '/home/heron/percheron_ws/install/percheron_cpp_examples/lib/python3.10/site-packages'
[5.245s] Level 1:colcon.colcon_core.environment:checking '/home/heron/percheron_ws/install/percheron_cpp_examples/bin'
[5.247s] INFO:colcon.colcon_core.shell:Creating package script '/home/heron/percheron_ws/install/percheron_cpp_examples/share/percheron_cpp_examples/package.ps1'
[5.254s] INFO:colcon.colcon_core.shell:Creating package descriptor '/home/heron/percheron_ws/install/percheron_cpp_examples/share/percheron_cpp_examples/package.dsv'
[5.257s] INFO:colcon.colcon_core.shell:Creating package script '/home/heron/percheron_ws/install/percheron_cpp_examples/share/percheron_cpp_examples/package.sh'
[5.261s] INFO:colcon.colcon_core.shell:Creating package script '/home/heron/percheron_ws/install/percheron_cpp_examples/share/percheron_cpp_examples/package.bash'
[5.269s] INFO:colcon.colcon_core.shell:Creating package script '/home/heron/percheron_ws/install/percheron_cpp_examples/share/percheron_cpp_examples/package.zsh'
[5.276s] Level 1:colcon.colcon_core.environment:create_file_with_runtime_dependencies(/home/heron/percheron_ws/install/percheron_cpp_examples/share/colcon-core/packages/percheron_cpp_examples)
[5.370s] DEBUG:colcon.colcon_core.event_handler.log_command:Invoked command in '/home/heron/percheron_ws/build/percheron_description' returned '0': CMAKE_PREFIX_PATH=${CMAKE_PREFIX_PATH}:/home/heron/clydesdale_ws/install/serial_motor_demo:/home/heron/clydesdale_ws/install/joy_tester:/opt/ros/iron /usr/bin/cmake --build /home/heron/percheron_ws/build/percheron_description -- -j4 -l4
[5.467s] Level 1:colcon.colcon_core.environment:create_environment_scripts_only(percheron_cpp_examples)
[5.471s] Level 1:colcon.colcon_core.environment:checking '/home/heron/percheron_ws/install/percheron_cpp_examples' for CMake module files
[5.474s] Level 1:colcon.colcon_core.environment:checking '/home/heron/percheron_ws/install/percheron_cpp_examples' for CMake config files
[5.475s] Level 1:colcon.colcon_core.shell:create_environment_hook('percheron_cpp_examples', 'cmake_prefix_path')
[5.477s] INFO:colcon.colcon_core.shell:Creating environment hook '/home/heron/percheron_ws/install/percheron_cpp_examples/share/percheron_cpp_examples/hook/cmake_prefix_path.ps1'
[5.479s] INFO:colcon.colcon_core.shell:Creating environment descriptor '/home/heron/percheron_ws/install/percheron_cpp_examples/share/percheron_cpp_examples/hook/cmake_prefix_path.dsv'
[5.481s] INFO:colcon.colcon_core.shell:Creating environment hook '/home/heron/percheron_ws/install/percheron_cpp_examples/share/percheron_cpp_examples/hook/cmake_prefix_path.sh'
[5.484s] Level 1:colcon.colcon_core.environment:checking '/home/heron/percheron_ws/install/percheron_cpp_examples/lib'
[5.485s] Level 1:colcon.colcon_core.environment:checking '/home/heron/percheron_ws/install/percheron_cpp_examples/bin'
[5.485s] Level 1:colcon.colcon_core.environment:checking '/home/heron/percheron_ws/install/percheron_cpp_examples/lib/pkgconfig/percheron_cpp_examples.pc'
[5.486s] Level 1:colcon.colcon_core.environment:checking '/home/heron/percheron_ws/install/percheron_cpp_examples/lib/python3.10/site-packages'
[5.487s] Level 1:colcon.colcon_core.environment:checking '/home/heron/percheron_ws/install/percheron_cpp_examples/bin'
[5.489s] INFO:colcon.colcon_core.shell:Creating package script '/home/heron/percheron_ws/install/percheron_cpp_examples/share/percheron_cpp_examples/package.ps1'
[5.493s] INFO:colcon.colcon_core.shell:Creating package descriptor '/home/heron/percheron_ws/install/percheron_cpp_examples/share/percheron_cpp_examples/package.dsv'
[5.496s] INFO:colcon.colcon_core.shell:Creating package script '/home/heron/percheron_ws/install/percheron_cpp_examples/share/percheron_cpp_examples/package.sh'
[5.499s] INFO:colcon.colcon_core.shell:Creating package script '/home/heron/percheron_ws/install/percheron_cpp_examples/share/percheron_cpp_examples/package.bash'
[5.501s] INFO:colcon.colcon_core.shell:Creating package script '/home/heron/percheron_ws/install/percheron_cpp_examples/share/percheron_cpp_examples/package.zsh'
[5.504s] Level 1:colcon.colcon_core.environment:create_file_with_runtime_dependencies(/home/heron/percheron_ws/install/percheron_cpp_examples/share/colcon-core/packages/percheron_cpp_examples)
[5.511s] DEBUG:colcon.colcon_core.event_handler.log_command:Invoking command in '/home/heron/percheron_ws/build/percheron_description': CMAKE_PREFIX_PATH=${CMAKE_PREFIX_PATH}:/home/heron/clydesdale_ws/install/serial_motor_demo:/home/heron/clydesdale_ws/install/joy_tester:/opt/ros/iron /usr/bin/cmake --install /home/heron/percheron_ws/build/percheron_description
[5.552s] Level 1:colcon.colcon_core.environment:create_environment_scripts_only(percheron_description)
[5.553s] Level 1:colcon.colcon_core.environment:checking '/home/heron/percheron_ws/install/percheron_description' for CMake module files
[5.555s] Level 1:colcon.colcon_core.environment:checking '/home/heron/percheron_ws/install/percheron_description' for CMake config files
[5.557s] Level 1:colcon.colcon_core.shell:create_environment_hook('percheron_description', 'cmake_prefix_path')
[5.558s] INFO:colcon.colcon_core.shell:Creating environment hook '/home/heron/percheron_ws/install/percheron_description/share/percheron_description/hook/cmake_prefix_path.ps1'
[5.561s] INFO:colcon.colcon_core.shell:Creating environment descriptor '/home/heron/percheron_ws/install/percheron_description/share/percheron_description/hook/cmake_prefix_path.dsv'
[5.563s] INFO:colcon.colcon_core.shell:Creating environment hook '/home/heron/percheron_ws/install/percheron_description/share/percheron_description/hook/cmake_prefix_path.sh'
[5.568s] DEBUG:colcon.colcon_core.event_handler.log_command:Invoked command in '/home/heron/percheron_ws/build/percheron_description' returned '0': CMAKE_PREFIX_PATH=${CMAKE_PREFIX_PATH}:/home/heron/clydesdale_ws/install/serial_motor_demo:/home/heron/clydesdale_ws/install/joy_tester:/opt/ros/iron /usr/bin/cmake --install /home/heron/percheron_ws/build/percheron_description
[5.572s] Level 1:colcon.colcon_core.environment:checking '/home/heron/percheron_ws/install/percheron_description/bin'
[5.572s] Level 1:colcon.colcon_core.environment:checking '/home/heron/percheron_ws/install/percheron_description/lib/pkgconfig/percheron_description.pc'
[5.573s] Level 1:colcon.colcon_core.environment:checking '/home/heron/percheron_ws/install/percheron_description/lib/python3.10/site-packages'
[5.574s] Level 1:colcon.colcon_core.environment:checking '/home/heron/percheron_ws/install/percheron_description/bin'
[5.576s] INFO:colcon.colcon_core.shell:Creating package script '/home/heron/percheron_ws/install/percheron_description/share/percheron_description/package.ps1'
[5.578s] INFO:colcon.colcon_core.shell:Creating package descriptor '/home/heron/percheron_ws/install/percheron_description/share/percheron_description/package.dsv'
[5.584s] INFO:colcon.colcon_core.shell:Creating package script '/home/heron/percheron_ws/install/percheron_description/share/percheron_description/package.sh'
[5.587s] INFO:colcon.colcon_core.shell:Creating package script '/home/heron/percheron_ws/install/percheron_description/share/percheron_description/package.bash'
[5.594s] INFO:colcon.colcon_core.shell:Creating package script '/home/heron/percheron_ws/install/percheron_description/share/percheron_description/package.zsh'
[5.597s] Level 1:colcon.colcon_core.environment:create_file_with_runtime_dependencies(/home/heron/percheron_ws/install/percheron_description/share/colcon-core/packages/percheron_description)
[5.676s] Level 1:colcon.colcon_core.environment:create_environment_scripts_only(percheron_description)
[5.681s] Level 1:colcon.colcon_core.environment:checking '/home/heron/percheron_ws/install/percheron_description' for CMake module files
[5.684s] Level 1:colcon.colcon_core.environment:checking '/home/heron/percheron_ws/install/percheron_description' for CMake config files
[5.685s] Level 1:colcon.colcon_core.shell:create_environment_hook('percheron_description', 'cmake_prefix_path')
[5.686s] INFO:colcon.colcon_core.shell:Creating environment hook '/home/heron/percheron_ws/install/percheron_description/share/percheron_description/hook/cmake_prefix_path.ps1'
[5.688s] INFO:colcon.colcon_core.shell:Creating environment descriptor '/home/heron/percheron_ws/install/percheron_description/share/percheron_description/hook/cmake_prefix_path.dsv'
[5.690s] INFO:colcon.colcon_core.shell:Creating environment hook '/home/heron/percheron_ws/install/percheron_description/share/percheron_description/hook/cmake_prefix_path.sh'
[5.694s] Level 1:colcon.colcon_core.environment:checking '/home/heron/percheron_ws/install/percheron_description/bin'
[5.695s] Level 1:colcon.colcon_core.environment:checking '/home/heron/percheron_ws/install/percheron_description/lib/pkgconfig/percheron_description.pc'
[5.696s] Level 1:colcon.colcon_core.environment:checking '/home/heron/percheron_ws/install/percheron_description/lib/python3.10/site-packages'
[5.697s] Level 1:colcon.colcon_core.environment:checking '/home/heron/percheron_ws/install/percheron_description/bin'
[5.699s] INFO:colcon.colcon_core.shell:Creating package script '/home/heron/percheron_ws/install/percheron_description/share/percheron_description/package.ps1'
[5.702s] INFO:colcon.colcon_core.shell:Creating package descriptor '/home/heron/percheron_ws/install/percheron_description/share/percheron_description/package.dsv'
[5.705s] INFO:colcon.colcon_core.shell:Creating package script '/home/heron/percheron_ws/install/percheron_description/share/percheron_description/package.sh'
[5.708s] INFO:colcon.colcon_core.shell:Creating package script '/home/heron/percheron_ws/install/percheron_description/share/percheron_description/package.bash'
[5.711s] INFO:colcon.colcon_core.shell:Creating package script '/home/heron/percheron_ws/install/percheron_description/share/percheron_description/package.zsh'
[5.713s] Level 1:colcon.colcon_core.environment:create_file_with_runtime_dependencies(/home/heron/percheron_ws/install/percheron_description/share/colcon-core/packages/percheron_description)
[7.149s] DEBUG:colcon.colcon_core.event_handler.log_command:Invoking command in '/home/heron/percheron_ws/src/percheron_py_examples': PYTHONPATH=/home/heron/percheron_ws/build/percheron_py_examples/prefix_override:/usr/lib/python3/dist-packages/colcon_core/task/python/colcon_distutils_commands:/home/heron/percheron_ws/install/percheron_py_examples/lib/python3.10/site-packages:${PYTHONPATH} /usr/bin/python3 -W ignore:setup.py install is deprecated setup.py egg_info --egg-base ../../build/percheron_py_examples build --build-base /home/heron/percheron_ws/build/percheron_py_examples/build install --record /home/heron/percheron_ws/build/percheron_py_examples/install.log --single-version-externally-managed install_data
[8.637s] Level 1:colcon.colcon_core.environment:checking '/home/heron/percheron_ws/install/percheron_py_examples' for CMake module files
[8.642s] DEBUG:colcon.colcon_core.event_handler.log_command:Invoked command in '/home/heron/percheron_ws/src/percheron_py_examples' returned '0': PYTHONPATH=/home/heron/percheron_ws/build/percheron_py_examples/prefix_override:/usr/lib/python3/dist-packages/colcon_core/task/python/colcon_distutils_commands:/home/heron/percheron_ws/install/percheron_py_examples/lib/python3.10/site-packages:${PYTHONPATH} /usr/bin/python3 -W ignore:setup.py install is deprecated setup.py egg_info --egg-base ../../build/percheron_py_examples build --build-base /home/heron/percheron_ws/build/percheron_py_examples/build install --record /home/heron/percheron_ws/build/percheron_py_examples/install.log --single-version-externally-managed install_data
[8.655s] Level 1:colcon.colcon_core.environment:checking '/home/heron/percheron_ws/install/percheron_py_examples' for CMake config files
[8.661s] Level 1:colcon.colcon_core.environment:checking '/home/heron/percheron_ws/install/percheron_py_examples/lib'
[8.662s] Level 1:colcon.colcon_core.environment:checking '/home/heron/percheron_ws/install/percheron_py_examples/bin'
[8.662s] Level 1:colcon.colcon_core.environment:checking '/home/heron/percheron_ws/install/percheron_py_examples/lib/pkgconfig/percheron_py_examples.pc'
[8.663s] Level 1:colcon.colcon_core.environment:checking '/home/heron/percheron_ws/install/percheron_py_examples/lib/python3.10/site-packages'
[8.663s] Level 1:colcon.colcon_core.shell:create_environment_hook('percheron_py_examples', 'pythonpath')
[8.664s] INFO:colcon.colcon_core.shell:Creating environment hook '/home/heron/percheron_ws/install/percheron_py_examples/share/percheron_py_examples/hook/pythonpath.ps1'
[8.667s] INFO:colcon.colcon_core.shell:Creating environment descriptor '/home/heron/percheron_ws/install/percheron_py_examples/share/percheron_py_examples/hook/pythonpath.dsv'
[8.669s] INFO:colcon.colcon_core.shell:Creating environment hook '/home/heron/percheron_ws/install/percheron_py_examples/share/percheron_py_examples/hook/pythonpath.sh'
[8.675s] Level 1:colcon.colcon_core.environment:checking '/home/heron/percheron_ws/install/percheron_py_examples/bin'
[8.675s] Level 1:colcon.colcon_core.environment:create_environment_scripts_only(percheron_py_examples)
[8.677s] INFO:colcon.colcon_core.shell:Creating package script '/home/heron/percheron_ws/install/percheron_py_examples/share/percheron_py_examples/package.ps1'
[8.679s] INFO:colcon.colcon_core.shell:Creating package descriptor '/home/heron/percheron_ws/install/percheron_py_examples/share/percheron_py_examples/package.dsv'
[8.681s] INFO:colcon.colcon_core.shell:Creating package script '/home/heron/percheron_ws/install/percheron_py_examples/share/percheron_py_examples/package.sh'
[8.683s] INFO:colcon.colcon_core.shell:Creating package script '/home/heron/percheron_ws/install/percheron_py_examples/share/percheron_py_examples/package.bash'
[8.685s] INFO:colcon.colcon_core.shell:Creating package script '/home/heron/percheron_ws/install/percheron_py_examples/share/percheron_py_examples/package.zsh'
[8.687s] Level 1:colcon.colcon_core.environment:create_file_with_runtime_dependencies(/home/heron/percheron_ws/install/percheron_py_examples/share/colcon-core/packages/percheron_py_examples)
[8.688s] DEBUG:colcon.colcon_parallel_executor.executor.parallel:closing loop
[8.689s] DEBUG:colcon.colcon_parallel_executor.executor.parallel:loop closed
[8.689s] DEBUG:colcon.colcon_parallel_executor.executor.parallel:run_until_complete finished with '0'
[8.689s] DEBUG:colcon.colcon_core.event_reactor:joining thread
[8.721s] INFO:colcon.colcon_core.plugin_system:Skipping extension 'colcon_notification.desktop_notification.terminal_notifier': Not used on non-Darwin systems
[8.722s] INFO:colcon.colcon_core.plugin_system:Skipping extension 'colcon_notification.desktop_notification.win32': Not used on non-Windows systems
[8.722s] INFO:colcon.colcon_notification.desktop_notification:Sending desktop notification using 'notify2'
[8.780s] DEBUG:colcon.colcon_core.event_reactor:joined thread
[8.781s] INFO:colcon.colcon_core.shell:Creating prefix script '/home/heron/percheron_ws/install/local_setup.ps1'
[8.786s] INFO:colcon.colcon_core.shell:Creating prefix util module '/home/heron/percheron_ws/install/_local_setup_util_ps1.py'
[8.794s] INFO:colcon.colcon_core.shell:Creating prefix chain script '/home/heron/percheron_ws/install/setup.ps1'
[8.800s] INFO:colcon.colcon_core.shell:Creating prefix script '/home/heron/percheron_ws/install/local_setup.sh'
[8.803s] INFO:colcon.colcon_core.shell:Creating prefix util module '/home/heron/percheron_ws/install/_local_setup_util_sh.py'
[8.807s] INFO:colcon.colcon_core.shell:Creating prefix chain script '/home/heron/percheron_ws/install/setup.sh'
[8.815s] INFO:colcon.colcon_core.shell:Creating prefix script '/home/heron/percheron_ws/install/local_setup.bash'
[8.818s] INFO:colcon.colcon_core.shell:Creating prefix chain script '/home/heron/percheron_ws/install/setup.bash'
[8.824s] INFO:colcon.colcon_core.shell:Creating prefix script '/home/heron/percheron_ws/install/local_setup.zsh'
[8.826s] INFO:colcon.colcon_core.shell:Creating prefix chain script '/home/heron/percheron_ws/install/setup.zsh'
