[1.190s] DEBUG:colcon:Command line arguments: ['/usr/bin/colcon', 'build']
[1.190s] DEBUG:colcon:Parsed command line arguments: Namespace(log_base=None, log_level=None, verb_name='build', build_base='build', install_base='install', merge_install=False, symlink_install=False, test_result_base=None, continue_on_error=False, executor='parallel', parallel_workers=4, event_handlers=None, ignore_user_meta=False, metas=['./colcon.meta'], base_paths=['.'], packages_ignore=None, packages_ignore_regex=None, paths=None, packages_up_to=None, packages_up_to_regex=None, packages_above=None, packages_above_and_dependencies=None, packages_above_depth=None, packages_select_by_dep=None, packages_skip_by_dep=None, packages_skip_up_to=None, packages_select_build_failed=False, packages_skip_build_finished=False, packages_select_test_failures=False, packages_skip_test_passed=False, packages_select=None, packages_skip=None, packages_select_regex=None, packages_skip_regex=None, packages_start=None, packages_end=None, allow_overriding=[], cmake_args=None, cmake_target=None, cmake_target_skip_unavailable=False, cmake_clean_cache=False, cmake_clean_first=False, cmake_force_configure=False, ament_cmake_args=None, catkin_cmake_args=None, catkin_skip_building_tests=False, mixin_files=None, mixin=None, verb_parser=<colcon_mixin.mixin.mixin_argument.MixinArgumentDecorator object at 0x7f90f830ef80>, verb_extension=<colcon_core.verb.build.BuildVerb object at 0x7f90f830ea40>, main=<bound method BuildVerb.main of <colcon_core.verb.build.BuildVerb object at 0x7f90f830ea40>>, mixin_verb=('build',))
[3.234s] Level 1:colcon.colcon_core.package_discovery:discover_packages(colcon_meta) check parameters
[3.235s] Level 1:colcon.colcon_core.package_discovery:discover_packages(recursive) check parameters
[3.235s] Level 1:colcon.colcon_core.package_discovery:discover_packages(ignore) check parameters
[3.235s] Level 1:colcon.colcon_core.package_discovery:discover_packages(path) check parameters
[3.235s] Level 1:colcon.colcon_core.package_discovery:discover_packages(colcon_meta) discover
[3.235s] Level 1:colcon.colcon_core.package_discovery:discover_packages(recursive) discover
[3.235s] INFO:colcon.colcon_core.package_discovery:Crawling recursively for packages in '/home/heron/percheron_ws'
[3.235s] Level 1:colcon.colcon_core.package_identification:_identify(.) by extensions ['ignore', 'ignore_ament_install']
[3.236s] Level 1:colcon.colcon_core.package_identification:_identify(.) by extension 'ignore'
[3.236s] Level 1:colcon.colcon_core.package_identification:_identify(.) by extension 'ignore_ament_install'
[3.236s] Level 1:colcon.colcon_core.package_identification:_identify(.) by extensions ['colcon_pkg']
[3.236s] Level 1:colcon.colcon_core.package_identification:_identify(.) by extension 'colcon_pkg'
[3.236s] Level 1:colcon.colcon_core.package_identification:_identify(.) by extensions ['colcon_meta']
[3.236s] Level 1:colcon.colcon_core.package_identification:_identify(.) by extension 'colcon_meta'
[3.237s] Level 1:colcon.colcon_core.package_identification:_identify(.) by extensions ['ros']
[3.237s] Level 1:colcon.colcon_core.package_identification:_identify(.) by extension 'ros'
[3.719s] Level 1:colcon.colcon_core.package_identification:_identify(.) by extensions ['cmake', 'python']
[3.719s] Level 1:colcon.colcon_core.package_identification:_identify(.) by extension 'cmake'
[3.719s] Level 1:colcon.colcon_core.package_identification:_identify(.) by extension 'python'
[3.720s] Level 1:colcon.colcon_core.package_identification:_identify(.) by extensions ['python_setup_py']
[3.720s] Level 1:colcon.colcon_core.package_identification:_identify(.) by extension 'python_setup_py'
[3.720s] Level 1:colcon.colcon_core.package_identification:_identify(build) by extensions ['ignore', 'ignore_ament_install']
[3.721s] Level 1:colcon.colcon_core.package_identification:_identify(build) by extension 'ignore'
[3.721s] Level 1:colcon.colcon_core.package_identification:_identify(build) ignored
[3.722s] Level 1:colcon.colcon_core.package_identification:_identify(install) by extensions ['ignore', 'ignore_ament_install']
[3.722s] Level 1:colcon.colcon_core.package_identification:_identify(install) by extension 'ignore'
[3.722s] Level 1:colcon.colcon_core.package_identification:_identify(install) ignored
[3.723s] Level 1:colcon.colcon_core.package_identification:_identify(log) by extensions ['ignore', 'ignore_ament_install']
[3.723s] Level 1:colcon.colcon_core.package_identification:_identify(log) by extension 'ignore'
[3.724s] Level 1:colcon.colcon_core.package_identification:_identify(log) ignored
[3.724s] Level 1:colcon.colcon_core.package_identification:_identify(src) by extensions ['ignore', 'ignore_ament_install']
[3.725s] Level 1:colcon.colcon_core.package_identification:_identify(src) by extension 'ignore'
[3.725s] Level 1:colcon.colcon_core.package_identification:_identify(src) by extension 'ignore_ament_install'
[3.725s] Level 1:colcon.colcon_core.package_identification:_identify(src) by extensions ['colcon_pkg']
[3.725s] Level 1:colcon.colcon_core.package_identification:_identify(src) by extension 'colcon_pkg'
[3.726s] Level 1:colcon.colcon_core.package_identification:_identify(src) by extensions ['colcon_meta']
[3.726s] Level 1:colcon.colcon_core.package_identification:_identify(src) by extension 'colcon_meta'
[3.726s] Level 1:colcon.colcon_core.package_identification:_identify(src) by extensions ['ros']
[3.726s] Level 1:colcon.colcon_core.package_identification:_identify(src) by extension 'ros'
[3.727s] Level 1:colcon.colcon_core.package_identification:_identify(src) by extensions ['cmake', 'python']
[3.727s] Level 1:colcon.colcon_core.package_identification:_identify(src) by extension 'cmake'
[3.727s] Level 1:colcon.colcon_core.package_identification:_identify(src) by extension 'python'
[3.727s] Level 1:colcon.colcon_core.package_identification:_identify(src) by extensions ['python_setup_py']
[3.728s] Level 1:colcon.colcon_core.package_identification:_identify(src) by extension 'python_setup_py'
[3.728s] Level 1:colcon.colcon_core.package_identification:_identify(src/percheron_cpp_examples) by extensions ['ignore', 'ignore_ament_install']
[3.729s] Level 1:colcon.colcon_core.package_identification:_identify(src/percheron_cpp_examples) by extension 'ignore'
[3.729s] Level 1:colcon.colcon_core.package_identification:_identify(src/percheron_cpp_examples) by extension 'ignore_ament_install'
[3.729s] Level 1:colcon.colcon_core.package_identification:_identify(src/percheron_cpp_examples) by extensions ['colcon_pkg']
[3.730s] Level 1:colcon.colcon_core.package_identification:_identify(src/percheron_cpp_examples) by extension 'colcon_pkg'
[3.730s] Level 1:colcon.colcon_core.package_identification:_identify(src/percheron_cpp_examples) by extensions ['colcon_meta']
[3.730s] Level 1:colcon.colcon_core.package_identification:_identify(src/percheron_cpp_examples) by extension 'colcon_meta'
[3.730s] Level 1:colcon.colcon_core.package_identification:_identify(src/percheron_cpp_examples) by extensions ['ros']
[3.731s] Level 1:colcon.colcon_core.package_identification:_identify(src/percheron_cpp_examples) by extension 'ros'
[3.890s] DEBUG:colcon.colcon_core.package_identification:Package 'src/percheron_cpp_examples' with type 'ros.ament_cmake' and name 'percheron_cpp_examples'
[3.891s] Level 1:colcon.colcon_core.package_identification:_identify(src/percheron_py_examples) by extensions ['ignore', 'ignore_ament_install']
[3.892s] Level 1:colcon.colcon_core.package_identification:_identify(src/percheron_py_examples) by extension 'ignore'
[3.892s] Level 1:colcon.colcon_core.package_identification:_identify(src/percheron_py_examples) by extension 'ignore_ament_install'
[3.893s] Level 1:colcon.colcon_core.package_identification:_identify(src/percheron_py_examples) by extensions ['colcon_pkg']
[3.893s] Level 1:colcon.colcon_core.package_identification:_identify(src/percheron_py_examples) by extension 'colcon_pkg'
[3.893s] Level 1:colcon.colcon_core.package_identification:_identify(src/percheron_py_examples) by extensions ['colcon_meta']
[3.894s] Level 1:colcon.colcon_core.package_identification:_identify(src/percheron_py_examples) by extension 'colcon_meta'
[3.894s] Level 1:colcon.colcon_core.package_identification:_identify(src/percheron_py_examples) by extensions ['ros']
[3.894s] Level 1:colcon.colcon_core.package_identification:_identify(src/percheron_py_examples) by extension 'ros'
[3.986s] DEBUG:colcon.colcon_core.package_identification:Package 'src/percheron_py_examples' with type 'ros.ament_python' and name 'percheron_py_examples'
[3.986s] Level 1:colcon.colcon_core.package_discovery:discover_packages(recursive) using defaults
[3.987s] Level 1:colcon.colcon_core.package_discovery:discover_packages(ignore) discover
[3.987s] Level 1:colcon.colcon_core.package_discovery:discover_packages(ignore) using defaults
[3.987s] Level 1:colcon.colcon_core.package_discovery:discover_packages(path) discover
[3.987s] Level 1:colcon.colcon_core.package_discovery:discover_packages(path) using defaults
[4.899s] Level 1:colcon.colcon_core.package_discovery:discover_packages(prefix_path) check parameters
[4.899s] Level 1:colcon.colcon_core.package_discovery:discover_packages(prefix_path) discover
[5.148s] DEBUG:colcon.colcon_installed_package_information.package_discovery:Found 5 installed packages in /home/heron/clydesdale_ws/install
[5.163s] DEBUG:colcon.colcon_installed_package_information.package_discovery:Found 341 installed packages in /opt/ros/iron
[5.183s] Level 1:colcon.colcon_core.package_discovery:discover_packages(prefix_path) using defaults
[5.632s] Level 5:colcon.colcon_core.verb:set package 'percheron_cpp_examples' build argument 'cmake_args' from command line to 'None'
[5.632s] Level 5:colcon.colcon_core.verb:set package 'percheron_cpp_examples' build argument 'cmake_target' from command line to 'None'
[5.633s] Level 5:colcon.colcon_core.verb:set package 'percheron_cpp_examples' build argument 'cmake_target_skip_unavailable' from command line to 'False'
[5.633s] Level 5:colcon.colcon_core.verb:set package 'percheron_cpp_examples' build argument 'cmake_clean_cache' from command line to 'False'
[5.633s] Level 5:colcon.colcon_core.verb:set package 'percheron_cpp_examples' build argument 'cmake_clean_first' from command line to 'False'
[5.633s] Level 5:colcon.colcon_core.verb:set package 'percheron_cpp_examples' build argument 'cmake_force_configure' from command line to 'False'
[5.633s] Level 5:colcon.colcon_core.verb:set package 'percheron_cpp_examples' build argument 'ament_cmake_args' from command line to 'None'
[5.633s] Level 5:colcon.colcon_core.verb:set package 'percheron_cpp_examples' build argument 'catkin_cmake_args' from command line to 'None'
[5.633s] Level 5:colcon.colcon_core.verb:set package 'percheron_cpp_examples' build argument 'catkin_skip_building_tests' from command line to 'False'
[5.633s] DEBUG:colcon.colcon_core.verb:Building package 'percheron_cpp_examples' with the following arguments: {'ament_cmake_args': None, 'build_base': '/home/heron/percheron_ws/build/percheron_cpp_examples', 'catkin_cmake_args': None, 'catkin_skip_building_tests': False, 'cmake_args': None, 'cmake_clean_cache': False, 'cmake_clean_first': False, 'cmake_force_configure': False, 'cmake_target': None, 'cmake_target_skip_unavailable': False, 'install_base': '/home/heron/percheron_ws/install/percheron_cpp_examples', 'merge_install': False, 'path': '/home/heron/percheron_ws/src/percheron_cpp_examples', 'symlink_install': False, 'test_result_base': None}
[5.634s] Level 5:colcon.colcon_core.verb:set package 'percheron_py_examples' build argument 'cmake_args' from command line to 'None'
[5.635s] Level 5:colcon.colcon_core.verb:set package 'percheron_py_examples' build argument 'cmake_target' from command line to 'None'
[5.635s] Level 5:colcon.colcon_core.verb:set package 'percheron_py_examples' build argument 'cmake_target_skip_unavailable' from command line to 'False'
[5.635s] Level 5:colcon.colcon_core.verb:set package 'percheron_py_examples' build argument 'cmake_clean_cache' from command line to 'False'
[5.635s] Level 5:colcon.colcon_core.verb:set package 'percheron_py_examples' build argument 'cmake_clean_first' from command line to 'False'
[5.635s] Level 5:colcon.colcon_core.verb:set package 'percheron_py_examples' build argument 'cmake_force_configure' from command line to 'False'
[5.635s] Level 5:colcon.colcon_core.verb:set package 'percheron_py_examples' build argument 'ament_cmake_args' from command line to 'None'
[5.635s] Level 5:colcon.colcon_core.verb:set package 'percheron_py_examples' build argument 'catkin_cmake_args' from command line to 'None'
[5.635s] Level 5:colcon.colcon_core.verb:set package 'percheron_py_examples' build argument 'catkin_skip_building_tests' from command line to 'False'
[5.635s] DEBUG:colcon.colcon_core.verb:Building package 'percheron_py_examples' with the following arguments: {'ament_cmake_args': None, 'build_base': '/home/heron/percheron_ws/build/percheron_py_examples', 'catkin_cmake_args': None, 'catkin_skip_building_tests': False, 'cmake_args': None, 'cmake_clean_cache': False, 'cmake_clean_first': False, 'cmake_force_configure': False, 'cmake_target': None, 'cmake_target_skip_unavailable': False, 'install_base': '/home/heron/percheron_ws/install/percheron_py_examples', 'merge_install': False, 'path': '/home/heron/percheron_ws/src/percheron_py_examples', 'symlink_install': False, 'test_result_base': None}
[5.636s] INFO:colcon.colcon_core.executor:Executing jobs using 'parallel' executor
[5.638s] DEBUG:colcon.colcon_parallel_executor.executor.parallel:run_until_complete
[5.639s] INFO:colcon.colcon_ros.task.ament_cmake.build:Building ROS package in '/home/heron/percheron_ws/src/percheron_cpp_examples' with build type 'ament_cmake'
[5.639s] INFO:colcon.colcon_cmake.task.cmake.build:Building CMake package in '/home/heron/percheron_ws/src/percheron_cpp_examples'
[5.784s] INFO:colcon.colcon_core.plugin_system:Skipping extension 'colcon_core.shell.bat': Not used on non-Windows systems
[5.785s] INFO:colcon.colcon_core.shell:Skip shell extension 'powershell' for command environment: Not usable outside of PowerShell
[5.785s] DEBUG:colcon.colcon_core.shell:Skip shell extension 'dsv' for command environment
[5.815s] INFO:colcon.colcon_ros.task.ament_python.build:Building ROS package in '/home/heron/percheron_ws/src/percheron_py_examples' with build type 'ament_python'
[5.816s] Level 1:colcon.colcon_core.shell:create_environment_hook('percheron_py_examples', 'ament_prefix_path')
[5.817s] INFO:colcon.colcon_core.shell:Creating environment hook '/home/heron/percheron_ws/install/percheron_py_examples/share/percheron_py_examples/hook/ament_prefix_path.ps1'
[5.822s] INFO:colcon.colcon_core.shell:Creating environment descriptor '/home/heron/percheron_ws/install/percheron_py_examples/share/percheron_py_examples/hook/ament_prefix_path.dsv'
[5.824s] INFO:colcon.colcon_core.shell:Creating environment hook '/home/heron/percheron_ws/install/percheron_py_examples/share/percheron_py_examples/hook/ament_prefix_path.sh'
[5.828s] INFO:colcon.colcon_core.shell:Skip shell extension 'powershell' for command environment: Not usable outside of PowerShell
[5.828s] DEBUG:colcon.colcon_core.shell:Skip shell extension 'dsv' for command environment
[6.013s] DEBUG:colcon.colcon_core.event_handler.log_command:Invoking command in '/home/heron/percheron_ws/build/percheron_cpp_examples': CMAKE_PREFIX_PATH=${CMAKE_PREFIX_PATH}:/home/heron/clydesdale_ws/install/serial_motor_demo:/home/heron/clydesdale_ws/install/joy_tester:/opt/ros/iron /usr/bin/cmake --build /home/heron/percheron_ws/build/percheron_cpp_examples -- -j4 -l4
[6.938s] INFO:colcon.colcon_core.task.python.build:Building Python package in '/home/heron/percheron_ws/src/percheron_py_examples'
[6.939s] INFO:colcon.colcon_core.shell:Skip shell extension 'powershell' for command environment: Not usable outside of PowerShell
[6.940s] DEBUG:colcon.colcon_core.shell:Skip shell extension 'dsv' for command environment
[9.842s] DEBUG:colcon.colcon_core.event_handler.log_command:Invoking command in '/home/heron/percheron_ws/src/percheron_py_examples': PYTHONPATH=/home/heron/percheron_ws/build/percheron_py_examples/prefix_override:/usr/lib/python3/dist-packages/colcon_core/task/python/colcon_distutils_commands:/home/heron/percheron_ws/install/percheron_py_examples/lib/python3.10/site-packages:${PYTHONPATH} /usr/bin/python3 -W ignore:setup.py install is deprecated setup.py egg_info --egg-base ../../build/percheron_py_examples build --build-base /home/heron/percheron_ws/build/percheron_py_examples/build install --record /home/heron/percheron_ws/build/percheron_py_examples/install.log --single-version-externally-managed install_data
[10.955s] DEBUG:colcon.colcon_core.event_handler.log_command:Invoked command in '/home/heron/percheron_ws/src/percheron_py_examples' returned '0': PYTHONPATH=/home/heron/percheron_ws/build/percheron_py_examples/prefix_override:/usr/lib/python3/dist-packages/colcon_core/task/python/colcon_distutils_commands:/home/heron/percheron_ws/install/percheron_py_examples/lib/python3.10/site-packages:${PYTHONPATH} /usr/bin/python3 -W ignore:setup.py install is deprecated setup.py egg_info --egg-base ../../build/percheron_py_examples build --build-base /home/heron/percheron_ws/build/percheron_py_examples/build install --record /home/heron/percheron_ws/build/percheron_py_examples/install.log --single-version-externally-managed install_data
[10.961s] Level 1:colcon.colcon_core.environment:checking '/home/heron/percheron_ws/install/percheron_py_examples' for CMake module files
[10.962s] Level 1:colcon.colcon_core.environment:checking '/home/heron/percheron_ws/install/percheron_py_examples' for CMake config files
[10.965s] Level 1:colcon.colcon_core.environment:checking '/home/heron/percheron_ws/install/percheron_py_examples/lib'
[10.966s] Level 1:colcon.colcon_core.environment:checking '/home/heron/percheron_ws/install/percheron_py_examples/bin'
[10.966s] Level 1:colcon.colcon_core.environment:checking '/home/heron/percheron_ws/install/percheron_py_examples/lib/pkgconfig/percheron_py_examples.pc'
[10.967s] Level 1:colcon.colcon_core.environment:checking '/home/heron/percheron_ws/install/percheron_py_examples/lib/python3.10/site-packages'
[10.967s] Level 1:colcon.colcon_core.shell:create_environment_hook('percheron_py_examples', 'pythonpath')
[10.968s] INFO:colcon.colcon_core.shell:Creating environment hook '/home/heron/percheron_ws/install/percheron_py_examples/share/percheron_py_examples/hook/pythonpath.ps1'
[10.970s] INFO:colcon.colcon_core.shell:Creating environment descriptor '/home/heron/percheron_ws/install/percheron_py_examples/share/percheron_py_examples/hook/pythonpath.dsv'
[10.971s] INFO:colcon.colcon_core.shell:Creating environment hook '/home/heron/percheron_ws/install/percheron_py_examples/share/percheron_py_examples/hook/pythonpath.sh'
[10.973s] Level 1:colcon.colcon_core.environment:checking '/home/heron/percheron_ws/install/percheron_py_examples/bin'
[10.973s] Level 1:colcon.colcon_core.environment:create_environment_scripts_only(percheron_py_examples)
[10.974s] INFO:colcon.colcon_core.shell:Creating package script '/home/heron/percheron_ws/install/percheron_py_examples/share/percheron_py_examples/package.ps1'
[10.977s] INFO:colcon.colcon_core.shell:Creating package descriptor '/home/heron/percheron_ws/install/percheron_py_examples/share/percheron_py_examples/package.dsv'
[10.979s] INFO:colcon.colcon_core.shell:Creating package script '/home/heron/percheron_ws/install/percheron_py_examples/share/percheron_py_examples/package.sh'
[10.982s] INFO:colcon.colcon_core.shell:Creating package script '/home/heron/percheron_ws/install/percheron_py_examples/share/percheron_py_examples/package.bash'
[10.985s] INFO:colcon.colcon_core.shell:Creating package script '/home/heron/percheron_ws/install/percheron_py_examples/share/percheron_py_examples/package.zsh'
[10.987s] Level 1:colcon.colcon_core.environment:create_file_with_runtime_dependencies(/home/heron/percheron_ws/install/percheron_py_examples/share/colcon-core/packages/percheron_py_examples)
[11.497s] DEBUG:colcon.colcon_core.event_handler.log_command:Invoked command in '/home/heron/percheron_ws/build/percheron_cpp_examples' returned '2': CMAKE_PREFIX_PATH=${CMAKE_PREFIX_PATH}:/home/heron/clydesdale_ws/install/serial_motor_demo:/home/heron/clydesdale_ws/install/joy_tester:/opt/ros/iron /usr/bin/cmake --build /home/heron/percheron_ws/build/percheron_cpp_examples -- -j4 -l4
[11.610s] Level 1:colcon.colcon_core.environment:create_environment_scripts_only(percheron_cpp_examples)
[11.612s] Level 1:colcon.colcon_core.environment:checking '/home/heron/percheron_ws/install/percheron_cpp_examples' for CMake module files
[11.616s] Level 1:colcon.colcon_core.environment:checking '/home/heron/percheron_ws/install/percheron_cpp_examples' for CMake config files
[11.618s] Level 1:colcon.colcon_core.shell:create_environment_hook('percheron_cpp_examples', 'cmake_prefix_path')
[11.619s] INFO:colcon.colcon_core.shell:Creating environment hook '/home/heron/percheron_ws/install/percheron_cpp_examples/share/percheron_cpp_examples/hook/cmake_prefix_path.ps1'
[11.622s] INFO:colcon.colcon_core.shell:Creating environment descriptor '/home/heron/percheron_ws/install/percheron_cpp_examples/share/percheron_cpp_examples/hook/cmake_prefix_path.dsv'
[11.624s] INFO:colcon.colcon_core.shell:Creating environment hook '/home/heron/percheron_ws/install/percheron_cpp_examples/share/percheron_cpp_examples/hook/cmake_prefix_path.sh'
[11.627s] Level 1:colcon.colcon_core.environment:checking '/home/heron/percheron_ws/install/percheron_cpp_examples/lib'
[11.628s] Level 1:colcon.colcon_core.environment:checking '/home/heron/percheron_ws/install/percheron_cpp_examples/bin'
[11.628s] Level 1:colcon.colcon_core.environment:checking '/home/heron/percheron_ws/install/percheron_cpp_examples/lib/pkgconfig/percheron_cpp_examples.pc'
[11.630s] Level 1:colcon.colcon_core.environment:checking '/home/heron/percheron_ws/install/percheron_cpp_examples/lib/python3.10/site-packages'
[11.631s] Level 1:colcon.colcon_core.environment:checking '/home/heron/percheron_ws/install/percheron_cpp_examples/bin'
[11.634s] INFO:colcon.colcon_core.shell:Creating package script '/home/heron/percheron_ws/install/percheron_cpp_examples/share/percheron_cpp_examples/package.ps1'
[11.637s] INFO:colcon.colcon_core.shell:Creating package descriptor '/home/heron/percheron_ws/install/percheron_cpp_examples/share/percheron_cpp_examples/package.dsv'
[11.640s] INFO:colcon.colcon_core.shell:Creating package script '/home/heron/percheron_ws/install/percheron_cpp_examples/share/percheron_cpp_examples/package.sh'
[11.643s] INFO:colcon.colcon_core.shell:Creating package script '/home/heron/percheron_ws/install/percheron_cpp_examples/share/percheron_cpp_examples/package.bash'
[11.646s] INFO:colcon.colcon_core.shell:Creating package script '/home/heron/percheron_ws/install/percheron_cpp_examples/share/percheron_cpp_examples/package.zsh'
[11.649s] Level 1:colcon.colcon_core.environment:create_file_with_runtime_dependencies(/home/heron/percheron_ws/install/percheron_cpp_examples/share/colcon-core/packages/percheron_cpp_examples)
[11.660s] DEBUG:colcon.colcon_parallel_executor.executor.parallel:closing loop
[11.661s] DEBUG:colcon.colcon_parallel_executor.executor.parallel:loop closed
[11.661s] DEBUG:colcon.colcon_parallel_executor.executor.parallel:run_until_complete finished with '2'
[11.662s] DEBUG:colcon.colcon_core.event_reactor:joining thread
[11.692s] INFO:colcon.colcon_core.plugin_system:Skipping extension 'colcon_notification.desktop_notification.terminal_notifier': Not used on non-Darwin systems
[11.693s] INFO:colcon.colcon_core.plugin_system:Skipping extension 'colcon_notification.desktop_notification.win32': Not used on non-Windows systems
[11.693s] INFO:colcon.colcon_notification.desktop_notification:Sending desktop notification using 'notify2'
[12.259s] DEBUG:colcon.colcon_core.event_reactor:joined thread
[12.261s] INFO:colcon.colcon_core.shell:Creating prefix script '/home/heron/percheron_ws/install/local_setup.ps1'
[12.268s] INFO:colcon.colcon_core.shell:Creating prefix util module '/home/heron/percheron_ws/install/_local_setup_util_ps1.py'
[12.280s] INFO:colcon.colcon_core.shell:Creating prefix chain script '/home/heron/percheron_ws/install/setup.ps1'
[12.288s] INFO:colcon.colcon_core.shell:Creating prefix script '/home/heron/percheron_ws/install/local_setup.sh'
[12.293s] INFO:colcon.colcon_core.shell:Creating prefix util module '/home/heron/percheron_ws/install/_local_setup_util_sh.py'
[12.297s] INFO:colcon.colcon_core.shell:Creating prefix chain script '/home/heron/percheron_ws/install/setup.sh'
[12.307s] INFO:colcon.colcon_core.shell:Creating prefix script '/home/heron/percheron_ws/install/local_setup.bash'
[12.312s] INFO:colcon.colcon_core.shell:Creating prefix chain script '/home/heron/percheron_ws/install/setup.bash'
[12.322s] INFO:colcon.colcon_core.shell:Creating prefix script '/home/heron/percheron_ws/install/local_setup.zsh'
[12.326s] INFO:colcon.colcon_core.shell:Creating prefix chain script '/home/heron/percheron_ws/install/setup.zsh'
