[5.078s] Invoking command in '/home/heron/percheron_ws/src/percheron_py_examples': PYTHONPATH=/home/heron/percheron_ws/build/percheron_py_examples/prefix_override:/usr/lib/python3/dist-packages/colcon_core/task/python/colcon_distutils_commands:/home/heron/percheron_ws/install/percheron_py_examples/lib/python3.10/site-packages:${PYTHONPATH} /usr/bin/python3 -W ignore:setup.py install is deprecated setup.py egg_info --egg-base ../../build/percheron_py_examples build --build-base /home/heron/percheron_ws/build/percheron_py_examples/build install --record /home/heron/percheron_ws/build/percheron_py_examples/install.log --single-version-externally-managed install_data
[5.953s] running egg_info
[5.955s] writing ../../build/percheron_py_examples/percheron_py_examples.egg-info/PKG-INFO
[6.028s] writing dependency_links to ../../build/percheron_py_examples/percheron_py_examples.egg-info/dependency_links.txt
[6.028s] writing entry points to ../../build/percheron_py_examples/percheron_py_examples.egg-info/entry_points.txt
[6.029s] writing requirements to ../../build/percheron_py_examples/percheron_py_examples.egg-info/requires.txt
[6.029s] writing top-level names to ../../build/percheron_py_examples/percheron_py_examples.egg-info/top_level.txt
[6.037s] reading manifest file '../../build/percheron_py_examples/percheron_py_examples.egg-info/SOURCES.txt'
[6.050s] writing manifest file '../../build/percheron_py_examples/percheron_py_examples.egg-info/SOURCES.txt'
[6.050s] running build
[6.050s] running build_py
[6.052s] running install
[6.053s] running install_lib
[6.057s] running install_data
[6.058s] running install_egg_info
[6.064s] removing '/home/heron/percheron_ws/install/percheron_py_examples/lib/python3.10/site-packages/percheron_py_examples-0.0.0-py3.10.egg-info' (and everything under it)
[6.065s] Copying ../../build/percheron_py_examples/percheron_py_examples.egg-info to /home/heron/percheron_ws/install/percheron_py_examples/lib/python3.10/site-packages/percheron_py_examples-0.0.0-py3.10.egg-info
[6.084s] running install_scripts
[6.147s] Installing simple_parameter script to /home/heron/percheron_ws/install/percheron_py_examples/lib/percheron_py_examples
[6.162s] Installing simple_publisher script to /home/heron/percheron_ws/install/percheron_py_examples/lib/percheron_py_examples
[6.163s] Installing simple_subscriber script to /home/heron/percheron_ws/install/percheron_py_examples/lib/percheron_py_examples
[6.164s] writing list of installed files to '/home/heron/percheron_ws/build/percheron_py_examples/install.log'
[6.254s] Invoked command in '/home/heron/percheron_ws/src/percheron_py_examples' returned '0': PYTHONPATH=/home/heron/percheron_ws/build/percheron_py_examples/prefix_override:/usr/lib/python3/dist-packages/colcon_core/task/python/colcon_distutils_commands:/home/heron/percheron_ws/install/percheron_py_examples/lib/python3.10/site-packages:${PYTHONPATH} /usr/bin/python3 -W ignore:setup.py install is deprecated setup.py egg_info --egg-base ../../build/percheron_py_examples build --build-base /home/heron/percheron_ws/build/percheron_py_examples/build install --record /home/heron/percheron_ws/build/percheron_py_examples/install.log --single-version-externally-managed install_data
