[0.180s] Invoking command in '/home/heron/percheron_ws/build/percheron_description': CMAKE_PREFIX_PATH=${CMAKE_PREFIX_PATH}:/home/heron/clydesdale_ws/install/serial_motor_demo:/home/heron/clydesdale_ws/install/joy_tester:/opt/ros/iron /usr/bin/cmake --build /home/heron/percheron_ws/build/percheron_description -- -j4 -l4
[1.192s] Invoked command in '/home/heron/percheron_ws/build/percheron_description' returned '0': CMAKE_PREFIX_PATH=${CMAKE_PREFIX_PATH}:/home/heron/clydesdale_ws/install/serial_motor_demo:/home/heron/clydesdale_ws/install/joy_tester:/opt/ros/iron /usr/bin/cmake --build /home/heron/percheron_ws/build/percheron_description -- -j4 -l4
[1.278s] Invoking command in '/home/heron/percheron_ws/build/percheron_description': CMAKE_PREFIX_PATH=${CMAKE_PREFIX_PATH}:/home/heron/clydesdale_ws/install/serial_motor_demo:/home/heron/clydesdale_ws/install/joy_tester:/opt/ros/iron /usr/bin/cmake --install /home/heron/percheron_ws/build/percheron_description
[1.318s] -- Install configuration: ""
[1.319s] -- Up-to-date: /home/heron/percheron_ws/install/percheron_description/share/percheron_description/meshes
[1.319s] -- Up-to-date: /home/heron/percheron_ws/install/percheron_description/share/percheron_description/meshes/wheel_left_link.STL
[1.320s] -- Up-to-date: /home/heron/percheron_ws/install/percheron_description/share/percheron_description/meshes/wheel_right_link.STL
[1.320s] -- Up-to-date: /home/heron/percheron_ws/install/percheron_description/share/percheron_description/urdf
[1.320s] -- Installing: /home/heron/percheron_ws/install/percheron_description/share/percheron_description/urdf/percheron_gazebo.xacro
[1.321s] -- Installing: /home/heron/percheron_ws/install/percheron_description/share/percheron_description/urdf/percheronold.urdf.xacro
[1.333s] -- Installing: /home/heron/percheron_ws/install/percheron_description/share/percheron_description/urdf/percheron.urdf.xacro
[1.334s] -- Up-to-date: /home/heron/percheron_ws/install/percheron_description/share/percheron_description/launch
[1.335s] -- Up-to-date: /home/heron/percheron_ws/install/percheron_description/share/percheron_description/launch/display.launch.py
[1.336s] -- Up-to-date: /home/heron/percheron_ws/install/percheron_description/share/percheron_description/launch/gazebo.launch.py
[1.336s] -- Up-to-date: /home/heron/percheron_ws/install/percheron_description/share/percheron_description/rviz
[1.336s] -- Up-to-date: /home/heron/percheron_ws/install/percheron_description/share/percheron_description/rviz/display.rviz
[1.337s] -- Up-to-date: /home/heron/percheron_ws/install/percheron_description/share/ament_index/resource_index/package_run_dependencies/percheron_description
[1.337s] -- Up-to-date: /home/heron/percheron_ws/install/percheron_description/share/ament_index/resource_index/parent_prefix_path/percheron_description
[1.337s] -- Up-to-date: /home/heron/percheron_ws/install/percheron_description/share/percheron_description/environment/ament_prefix_path.sh
[1.338s] -- Up-to-date: /home/heron/percheron_ws/install/percheron_description/share/percheron_description/environment/ament_prefix_path.dsv
[1.338s] -- Up-to-date: /home/heron/percheron_ws/install/percheron_description/share/percheron_description/environment/path.sh
[1.338s] -- Up-to-date: /home/heron/percheron_ws/install/percheron_description/share/percheron_description/environment/path.dsv
[1.339s] -- Up-to-date: /home/heron/percheron_ws/install/percheron_description/share/percheron_description/local_setup.bash
[1.339s] -- Up-to-date: /home/heron/percheron_ws/install/percheron_description/share/percheron_description/local_setup.sh
[1.339s] -- Up-to-date: /home/heron/percheron_ws/install/percheron_description/share/percheron_description/local_setup.zsh
[1.339s] -- Up-to-date: /home/heron/percheron_ws/install/percheron_description/share/percheron_description/local_setup.dsv
[1.340s] -- Installing: /home/heron/percheron_ws/install/percheron_description/share/percheron_description/package.dsv
[1.340s] -- Up-to-date: /home/heron/percheron_ws/install/percheron_description/share/ament_index/resource_index/packages/percheron_description
[1.341s] -- Up-to-date: /home/heron/percheron_ws/install/percheron_description/share/percheron_description/cmake/percheron_descriptionConfig.cmake
[1.341s] -- Up-to-date: /home/heron/percheron_ws/install/percheron_description/share/percheron_description/cmake/percheron_descriptionConfig-version.cmake
[1.342s] -- Up-to-date: /home/heron/percheron_ws/install/percheron_description/share/percheron_description/package.xml
[1.380s] Invoked command in '/home/heron/percheron_ws/build/percheron_description' returned '0': CMAKE_PREFIX_PATH=${CMAKE_PREFIX_PATH}:/home/heron/clydesdale_ws/install/serial_motor_demo:/home/heron/clydesdale_ws/install/joy_tester:/opt/ros/iron /usr/bin/cmake --install /home/heron/percheron_ws/build/percheron_description
