[2.837s] DEBUG:colcon:Command line arguments: ['/usr/bin/colcon', 'build']
[2.837s] DEBUG:colcon:Parsed command line arguments: Namespace(log_base=None, log_level=None, verb_name='build', build_base='build', install_base='install', merge_install=False, symlink_install=False, test_result_base=None, continue_on_error=False, executor='parallel', parallel_workers=4, event_handlers=None, ignore_user_meta=False, metas=['./colcon.meta'], base_paths=['.'], packages_ignore=None, packages_ignore_regex=None, paths=None, packages_up_to=None, packages_up_to_regex=None, packages_above=None, packages_above_and_dependencies=None, packages_above_depth=None, packages_select_by_dep=None, packages_skip_by_dep=None, packages_skip_up_to=None, packages_select_build_failed=False, packages_skip_build_finished=False, packages_select_test_failures=False, packages_skip_test_passed=False, packages_select=None, packages_skip=None, packages_select_regex=None, packages_skip_regex=None, packages_start=None, packages_end=None, allow_overriding=[], cmake_args=None, cmake_target=None, cmake_target_skip_unavailable=False, cmake_clean_cache=False, cmake_clean_first=False, cmake_force_configure=False, ament_cmake_args=None, catkin_cmake_args=None, catkin_skip_building_tests=False, mixin_files=None, mixin=None, verb_parser=<colcon_mixin.mixin.mixin_argument.MixinArgumentDecorator object at 0x7f949596efb0>, verb_extension=<colcon_core.verb.build.BuildVerb object at 0x7f949596ea70>, main=<bound method BuildVerb.main of <colcon_core.verb.build.BuildVerb object at 0x7f949596ea70>>, mixin_verb=('build',))
[8.753s] Level 1:colcon.colcon_core.package_discovery:discover_packages(colcon_meta) check parameters
[8.754s] Level 1:colcon.colcon_core.package_discovery:discover_packages(recursive) check parameters
[8.754s] Level 1:colcon.colcon_core.package_discovery:discover_packages(ignore) check parameters
[8.754s] Level 1:colcon.colcon_core.package_discovery:discover_packages(path) check parameters
[8.754s] Level 1:colcon.colcon_core.package_discovery:discover_packages(colcon_meta) discover
[8.755s] Level 1:colcon.colcon_core.package_discovery:discover_packages(recursive) discover
[8.755s] INFO:colcon.colcon_core.package_discovery:Crawling recursively for packages in '/home/heron/percheron_ws'
[8.756s] Level 1:colcon.colcon_core.package_identification:_identify(.) by extensions ['ignore', 'ignore_ament_install']
[8.756s] Level 1:colcon.colcon_core.package_identification:_identify(.) by extension 'ignore'
[8.757s] Level 1:colcon.colcon_core.package_identification:_identify(.) by extension 'ignore_ament_install'
[8.757s] Level 1:colcon.colcon_core.package_identification:_identify(.) by extensions ['colcon_pkg']
[8.757s] Level 1:colcon.colcon_core.package_identification:_identify(.) by extension 'colcon_pkg'
[8.758s] Level 1:colcon.colcon_core.package_identification:_identify(.) by extensions ['colcon_meta']
[8.758s] Level 1:colcon.colcon_core.package_identification:_identify(.) by extension 'colcon_meta'
[8.758s] Level 1:colcon.colcon_core.package_identification:_identify(.) by extensions ['ros']
[8.758s] Level 1:colcon.colcon_core.package_identification:_identify(.) by extension 'ros'
[8.870s] Level 1:colcon.colcon_core.package_identification:_identify(.) by extensions ['cmake', 'python']
[8.871s] Level 1:colcon.colcon_core.package_identification:_identify(.) by extension 'cmake'
[8.871s] Level 1:colcon.colcon_core.package_identification:_identify(.) by extension 'python'
[8.871s] Level 1:colcon.colcon_core.package_identification:_identify(.) by extensions ['python_setup_py']
[8.872s] Level 1:colcon.colcon_core.package_identification:_identify(.) by extension 'python_setup_py'
[8.872s] Level 1:colcon.colcon_core.package_identification:_identify(build) by extensions ['ignore', 'ignore_ament_install']
[8.873s] Level 1:colcon.colcon_core.package_identification:_identify(build) by extension 'ignore'
[8.873s] Level 1:colcon.colcon_core.package_identification:_identify(build) ignored
[8.873s] Level 1:colcon.colcon_core.package_identification:_identify(install) by extensions ['ignore', 'ignore_ament_install']
[8.874s] Level 1:colcon.colcon_core.package_identification:_identify(install) by extension 'ignore'
[8.874s] Level 1:colcon.colcon_core.package_identification:_identify(install) ignored
[8.875s] Level 1:colcon.colcon_core.package_identification:_identify(log) by extensions ['ignore', 'ignore_ament_install']
[8.875s] Level 1:colcon.colcon_core.package_identification:_identify(log) by extension 'ignore'
[8.875s] Level 1:colcon.colcon_core.package_identification:_identify(log) ignored
[8.876s] Level 1:colcon.colcon_core.package_identification:_identify(src) by extensions ['ignore', 'ignore_ament_install']
[8.876s] Level 1:colcon.colcon_core.package_identification:_identify(src) by extension 'ignore'
[8.876s] Level 1:colcon.colcon_core.package_identification:_identify(src) by extension 'ignore_ament_install'
[8.877s] Level 1:colcon.colcon_core.package_identification:_identify(src) by extensions ['colcon_pkg']
[8.877s] Level 1:colcon.colcon_core.package_identification:_identify(src) by extension 'colcon_pkg'
[8.877s] Level 1:colcon.colcon_core.package_identification:_identify(src) by extensions ['colcon_meta']
[8.877s] Level 1:colcon.colcon_core.package_identification:_identify(src) by extension 'colcon_meta'
[8.878s] Level 1:colcon.colcon_core.package_identification:_identify(src) by extensions ['ros']
[8.878s] Level 1:colcon.colcon_core.package_identification:_identify(src) by extension 'ros'
[8.878s] Level 1:colcon.colcon_core.package_identification:_identify(src) by extensions ['cmake', 'python']
[8.879s] Level 1:colcon.colcon_core.package_identification:_identify(src) by extension 'cmake'
[8.879s] Level 1:colcon.colcon_core.package_identification:_identify(src) by extension 'python'
[8.879s] Level 1:colcon.colcon_core.package_identification:_identify(src) by extensions ['python_setup_py']
[8.879s] Level 1:colcon.colcon_core.package_identification:_identify(src) by extension 'python_setup_py'
[8.880s] Level 1:colcon.colcon_core.package_identification:_identify(src/percheron_cpp_examples) by extensions ['ignore', 'ignore_ament_install']
[8.880s] Level 1:colcon.colcon_core.package_identification:_identify(src/percheron_cpp_examples) by extension 'ignore'
[8.880s] Level 1:colcon.colcon_core.package_identification:_identify(src/percheron_cpp_examples) by extension 'ignore_ament_install'
[8.881s] Level 1:colcon.colcon_core.package_identification:_identify(src/percheron_cpp_examples) by extensions ['colcon_pkg']
[8.881s] Level 1:colcon.colcon_core.package_identification:_identify(src/percheron_cpp_examples) by extension 'colcon_pkg'
[8.881s] Level 1:colcon.colcon_core.package_identification:_identify(src/percheron_cpp_examples) by extensions ['colcon_meta']
[8.881s] Level 1:colcon.colcon_core.package_identification:_identify(src/percheron_cpp_examples) by extension 'colcon_meta'
[8.881s] Level 1:colcon.colcon_core.package_identification:_identify(src/percheron_cpp_examples) by extensions ['ros']
[8.881s] Level 1:colcon.colcon_core.package_identification:_identify(src/percheron_cpp_examples) by extension 'ros'
[8.924s] DEBUG:colcon.colcon_core.package_identification:Package 'src/percheron_cpp_examples' with type 'ros.ament_cmake' and name 'percheron_cpp_examples'
[8.924s] Level 1:colcon.colcon_core.package_identification:_identify(src/percheron_description) by extensions ['ignore', 'ignore_ament_install']
[8.925s] Level 1:colcon.colcon_core.package_identification:_identify(src/percheron_description) by extension 'ignore'
[8.925s] Level 1:colcon.colcon_core.package_identification:_identify(src/percheron_description) by extension 'ignore_ament_install'
[8.925s] Level 1:colcon.colcon_core.package_identification:_identify(src/percheron_description) by extensions ['colcon_pkg']
[8.925s] Level 1:colcon.colcon_core.package_identification:_identify(src/percheron_description) by extension 'colcon_pkg'
[8.925s] Level 1:colcon.colcon_core.package_identification:_identify(src/percheron_description) by extensions ['colcon_meta']
[8.925s] Level 1:colcon.colcon_core.package_identification:_identify(src/percheron_description) by extension 'colcon_meta'
[8.926s] Level 1:colcon.colcon_core.package_identification:_identify(src/percheron_description) by extensions ['ros']
[8.926s] Level 1:colcon.colcon_core.package_identification:_identify(src/percheron_description) by extension 'ros'
[8.929s] DEBUG:colcon.colcon_core.package_identification:Package 'src/percheron_description' with type 'ros.ament_cmake' and name 'percheron_description'
[8.929s] Level 1:colcon.colcon_core.package_identification:_identify(src/percheron_py_examples) by extensions ['ignore', 'ignore_ament_install']
[8.929s] Level 1:colcon.colcon_core.package_identification:_identify(src/percheron_py_examples) by extension 'ignore'
[8.930s] Level 1:colcon.colcon_core.package_identification:_identify(src/percheron_py_examples) by extension 'ignore_ament_install'
[8.930s] Level 1:colcon.colcon_core.package_identification:_identify(src/percheron_py_examples) by extensions ['colcon_pkg']
[8.930s] Level 1:colcon.colcon_core.package_identification:_identify(src/percheron_py_examples) by extension 'colcon_pkg'
[8.930s] Level 1:colcon.colcon_core.package_identification:_identify(src/percheron_py_examples) by extensions ['colcon_meta']
[8.930s] Level 1:colcon.colcon_core.package_identification:_identify(src/percheron_py_examples) by extension 'colcon_meta'
[8.931s] Level 1:colcon.colcon_core.package_identification:_identify(src/percheron_py_examples) by extensions ['ros']
[8.931s] Level 1:colcon.colcon_core.package_identification:_identify(src/percheron_py_examples) by extension 'ros'
[8.952s] DEBUG:colcon.colcon_core.package_identification:Package 'src/percheron_py_examples' with type 'ros.ament_python' and name 'percheron_py_examples'
[8.952s] Level 1:colcon.colcon_core.package_discovery:discover_packages(recursive) using defaults
[8.952s] Level 1:colcon.colcon_core.package_discovery:discover_packages(ignore) discover
[8.953s] Level 1:colcon.colcon_core.package_discovery:discover_packages(ignore) using defaults
[8.953s] Level 1:colcon.colcon_core.package_discovery:discover_packages(path) discover
[8.953s] Level 1:colcon.colcon_core.package_discovery:discover_packages(path) using defaults
[9.343s] Level 1:colcon.colcon_core.package_discovery:discover_packages(prefix_path) check parameters
[9.344s] Level 1:colcon.colcon_core.package_discovery:discover_packages(prefix_path) discover
[9.416s] DEBUG:colcon.colcon_installed_package_information.package_discovery:Found 5 installed packages in /home/heron/clydesdale_ws/install
[9.432s] DEBUG:colcon.colcon_installed_package_information.package_discovery:Found 341 installed packages in /opt/ros/iron
[9.450s] Level 1:colcon.colcon_core.package_discovery:discover_packages(prefix_path) using defaults
[9.742s] Level 5:colcon.colcon_core.verb:set package 'percheron_cpp_examples' build argument 'cmake_args' from command line to 'None'
[9.742s] Level 5:colcon.colcon_core.verb:set package 'percheron_cpp_examples' build argument 'cmake_target' from command line to 'None'
[9.742s] Level 5:colcon.colcon_core.verb:set package 'percheron_cpp_examples' build argument 'cmake_target_skip_unavailable' from command line to 'False'
[9.742s] Level 5:colcon.colcon_core.verb:set package 'percheron_cpp_examples' build argument 'cmake_clean_cache' from command line to 'False'
[9.742s] Level 5:colcon.colcon_core.verb:set package 'percheron_cpp_examples' build argument 'cmake_clean_first' from command line to 'False'
[9.742s] Level 5:colcon.colcon_core.verb:set package 'percheron_cpp_examples' build argument 'cmake_force_configure' from command line to 'False'
[9.742s] Level 5:colcon.colcon_core.verb:set package 'percheron_cpp_examples' build argument 'ament_cmake_args' from command line to 'None'
[9.743s] Level 5:colcon.colcon_core.verb:set package 'percheron_cpp_examples' build argument 'catkin_cmake_args' from command line to 'None'
[9.743s] Level 5:colcon.colcon_core.verb:set package 'percheron_cpp_examples' build argument 'catkin_skip_building_tests' from command line to 'False'
[9.743s] DEBUG:colcon.colcon_core.verb:Building package 'percheron_cpp_examples' with the following arguments: {'ament_cmake_args': None, 'build_base': '/home/heron/percheron_ws/build/percheron_cpp_examples', 'catkin_cmake_args': None, 'catkin_skip_building_tests': False, 'cmake_args': None, 'cmake_clean_cache': False, 'cmake_clean_first': False, 'cmake_force_configure': False, 'cmake_target': None, 'cmake_target_skip_unavailable': False, 'install_base': '/home/heron/percheron_ws/install/percheron_cpp_examples', 'merge_install': False, 'path': '/home/heron/percheron_ws/src/percheron_cpp_examples', 'symlink_install': False, 'test_result_base': None}
[9.744s] Level 5:colcon.colcon_core.verb:set package 'percheron_description' build argument 'cmake_args' from command line to 'None'
[9.744s] Level 5:colcon.colcon_core.verb:set package 'percheron_description' build argument 'cmake_target' from command line to 'None'
[9.744s] Level 5:colcon.colcon_core.verb:set package 'percheron_description' build argument 'cmake_target_skip_unavailable' from command line to 'False'
[9.744s] Level 5:colcon.colcon_core.verb:set package 'percheron_description' build argument 'cmake_clean_cache' from command line to 'False'
[9.745s] Level 5:colcon.colcon_core.verb:set package 'percheron_description' build argument 'cmake_clean_first' from command line to 'False'
[9.745s] Level 5:colcon.colcon_core.verb:set package 'percheron_description' build argument 'cmake_force_configure' from command line to 'False'
[9.745s] Level 5:colcon.colcon_core.verb:set package 'percheron_description' build argument 'ament_cmake_args' from command line to 'None'
[9.745s] Level 5:colcon.colcon_core.verb:set package 'percheron_description' build argument 'catkin_cmake_args' from command line to 'None'
[9.745s] Level 5:colcon.colcon_core.verb:set package 'percheron_description' build argument 'catkin_skip_building_tests' from command line to 'False'
[9.745s] DEBUG:colcon.colcon_core.verb:Building package 'percheron_description' with the following arguments: {'ament_cmake_args': None, 'build_base': '/home/heron/percheron_ws/build/percheron_description', 'catkin_cmake_args': None, 'catkin_skip_building_tests': False, 'cmake_args': None, 'cmake_clean_cache': False, 'cmake_clean_first': False, 'cmake_force_configure': False, 'cmake_target': None, 'cmake_target_skip_unavailable': False, 'install_base': '/home/heron/percheron_ws/install/percheron_description', 'merge_install': False, 'path': '/home/heron/percheron_ws/src/percheron_description', 'symlink_install': False, 'test_result_base': None}
[9.746s] Level 5:colcon.colcon_core.verb:set package 'percheron_py_examples' build argument 'cmake_args' from command line to 'None'
[9.746s] Level 5:colcon.colcon_core.verb:set package 'percheron_py_examples' build argument 'cmake_target' from command line to 'None'
[9.746s] Level 5:colcon.colcon_core.verb:set package 'percheron_py_examples' build argument 'cmake_target_skip_unavailable' from command line to 'False'
[9.746s] Level 5:colcon.colcon_core.verb:set package 'percheron_py_examples' build argument 'cmake_clean_cache' from command line to 'False'
[9.747s] Level 5:colcon.colcon_core.verb:set package 'percheron_py_examples' build argument 'cmake_clean_first' from command line to 'False'
[9.747s] Level 5:colcon.colcon_core.verb:set package 'percheron_py_examples' build argument 'cmake_force_configure' from command line to 'False'
[9.747s] Level 5:colcon.colcon_core.verb:set package 'percheron_py_examples' build argument 'ament_cmake_args' from command line to 'None'
[9.747s] Level 5:colcon.colcon_core.verb:set package 'percheron_py_examples' build argument 'catkin_cmake_args' from command line to 'None'
[9.747s] Level 5:colcon.colcon_core.verb:set package 'percheron_py_examples' build argument 'catkin_skip_building_tests' from command line to 'False'
[9.747s] DEBUG:colcon.colcon_core.verb:Building package 'percheron_py_examples' with the following arguments: {'ament_cmake_args': None, 'build_base': '/home/heron/percheron_ws/build/percheron_py_examples', 'catkin_cmake_args': None, 'catkin_skip_building_tests': False, 'cmake_args': None, 'cmake_clean_cache': False, 'cmake_clean_first': False, 'cmake_force_configure': False, 'cmake_target': None, 'cmake_target_skip_unavailable': False, 'install_base': '/home/heron/percheron_ws/install/percheron_py_examples', 'merge_install': False, 'path': '/home/heron/percheron_ws/src/percheron_py_examples', 'symlink_install': False, 'test_result_base': None}
[9.747s] INFO:colcon.colcon_core.executor:Executing jobs using 'parallel' executor
[9.750s] DEBUG:colcon.colcon_parallel_executor.executor.parallel:run_until_complete
[9.751s] INFO:colcon.colcon_ros.task.ament_cmake.build:Building ROS package in '/home/heron/percheron_ws/src/percheron_cpp_examples' with build type 'ament_cmake'
[9.751s] INFO:colcon.colcon_cmake.task.cmake.build:Building CMake package in '/home/heron/percheron_ws/src/percheron_cpp_examples'
[9.785s] INFO:colcon.colcon_core.plugin_system:Skipping extension 'colcon_core.shell.bat': Not used on non-Windows systems
[9.786s] INFO:colcon.colcon_core.shell:Skip shell extension 'powershell' for command environment: Not usable outside of PowerShell
[9.786s] DEBUG:colcon.colcon_core.shell:Skip shell extension 'dsv' for command environment
[9.820s] INFO:colcon.colcon_ros.task.ament_cmake.build:Building ROS package in '/home/heron/percheron_ws/src/percheron_description' with build type 'ament_cmake'
[9.820s] INFO:colcon.colcon_cmake.task.cmake.build:Building CMake package in '/home/heron/percheron_ws/src/percheron_description'
[9.821s] INFO:colcon.colcon_core.shell:Skip shell extension 'powershell' for command environment: Not usable outside of PowerShell
[9.821s] DEBUG:colcon.colcon_core.shell:Skip shell extension 'dsv' for command environment
[9.855s] INFO:colcon.colcon_ros.task.ament_python.build:Building ROS package in '/home/heron/percheron_ws/src/percheron_py_examples' with build type 'ament_python'
[9.856s] Level 1:colcon.colcon_core.shell:create_environment_hook('percheron_py_examples', 'ament_prefix_path')
[9.857s] INFO:colcon.colcon_core.shell:Creating environment hook '/home/heron/percheron_ws/install/percheron_py_examples/share/percheron_py_examples/hook/ament_prefix_path.ps1'
[9.890s] INFO:colcon.colcon_core.shell:Creating environment descriptor '/home/heron/percheron_ws/install/percheron_py_examples/share/percheron_py_examples/hook/ament_prefix_path.dsv'
[9.892s] INFO:colcon.colcon_core.shell:Creating environment hook '/home/heron/percheron_ws/install/percheron_py_examples/share/percheron_py_examples/hook/ament_prefix_path.sh'
[9.896s] INFO:colcon.colcon_core.shell:Skip shell extension 'powershell' for command environment: Not usable outside of PowerShell
[9.896s] DEBUG:colcon.colcon_core.shell:Skip shell extension 'dsv' for command environment
[9.990s] DEBUG:colcon.colcon_core.event_handler.log_command:Invoking command in '/home/heron/percheron_ws/build/percheron_cpp_examples': CMAKE_PREFIX_PATH=${CMAKE_PREFIX_PATH}:/home/heron/clydesdale_ws/install/serial_motor_demo:/home/heron/clydesdale_ws/install/joy_tester:/opt/ros/iron /usr/bin/cmake --build /home/heron/percheron_ws/build/percheron_cpp_examples -- -j4 -l4
[10.122s] DEBUG:colcon.colcon_core.event_handler.log_command:Invoking command in '/home/heron/percheron_ws/build/percheron_description': CMAKE_PREFIX_PATH=${CMAKE_PREFIX_PATH}:/home/heron/clydesdale_ws/install/serial_motor_demo:/home/heron/clydesdale_ws/install/joy_tester:/opt/ros/iron /usr/bin/cmake --build /home/heron/percheron_ws/build/percheron_description -- -j4 -l4
[11.127s] INFO:colcon.colcon_core.task.python.build:Building Python package in '/home/heron/percheron_ws/src/percheron_py_examples'
[11.129s] INFO:colcon.colcon_core.shell:Skip shell extension 'powershell' for command environment: Not usable outside of PowerShell
[11.129s] DEBUG:colcon.colcon_core.shell:Skip shell extension 'dsv' for command environment
[13.723s] DEBUG:colcon.colcon_core.event_handler.log_command:Invoked command in '/home/heron/percheron_ws/build/percheron_cpp_examples' returned '0': CMAKE_PREFIX_PATH=${CMAKE_PREFIX_PATH}:/home/heron/clydesdale_ws/install/serial_motor_demo:/home/heron/clydesdale_ws/install/joy_tester:/opt/ros/iron /usr/bin/cmake --build /home/heron/percheron_ws/build/percheron_cpp_examples -- -j4 -l4
[13.843s] DEBUG:colcon.colcon_core.event_handler.log_command:Invoking command in '/home/heron/percheron_ws/build/percheron_cpp_examples': CMAKE_PREFIX_PATH=${CMAKE_PREFIX_PATH}:/home/heron/clydesdale_ws/install/serial_motor_demo:/home/heron/clydesdale_ws/install/joy_tester:/opt/ros/iron /usr/bin/cmake --install /home/heron/percheron_ws/build/percheron_cpp_examples
[14.309s] Level 1:colcon.colcon_core.environment:create_environment_scripts_only(percheron_cpp_examples)
[14.313s] DEBUG:colcon.colcon_core.event_handler.log_command:Invoked command in '/home/heron/percheron_ws/build/percheron_cpp_examples' returned '0': CMAKE_PREFIX_PATH=${CMAKE_PREFIX_PATH}:/home/heron/clydesdale_ws/install/serial_motor_demo:/home/heron/clydesdale_ws/install/joy_tester:/opt/ros/iron /usr/bin/cmake --install /home/heron/percheron_ws/build/percheron_cpp_examples
[14.411s] Level 1:colcon.colcon_core.environment:checking '/home/heron/percheron_ws/install/percheron_cpp_examples' for CMake module files
[14.417s] Level 1:colcon.colcon_core.environment:checking '/home/heron/percheron_ws/install/percheron_cpp_examples' for CMake config files
[14.442s] Level 1:colcon.colcon_core.shell:create_environment_hook('percheron_cpp_examples', 'cmake_prefix_path')
[14.444s] INFO:colcon.colcon_core.shell:Creating environment hook '/home/heron/percheron_ws/install/percheron_cpp_examples/share/percheron_cpp_examples/hook/cmake_prefix_path.ps1'
[14.451s] INFO:colcon.colcon_core.shell:Creating environment descriptor '/home/heron/percheron_ws/install/percheron_cpp_examples/share/percheron_cpp_examples/hook/cmake_prefix_path.dsv'
[14.454s] INFO:colcon.colcon_core.shell:Creating environment hook '/home/heron/percheron_ws/install/percheron_cpp_examples/share/percheron_cpp_examples/hook/cmake_prefix_path.sh'
[14.458s] Level 1:colcon.colcon_core.environment:checking '/home/heron/percheron_ws/install/percheron_cpp_examples/lib'
[14.459s] Level 1:colcon.colcon_core.environment:checking '/home/heron/percheron_ws/install/percheron_cpp_examples/bin'
[14.459s] Level 1:colcon.colcon_core.environment:checking '/home/heron/percheron_ws/install/percheron_cpp_examples/lib/pkgconfig/percheron_cpp_examples.pc'
[14.461s] Level 1:colcon.colcon_core.environment:checking '/home/heron/percheron_ws/install/percheron_cpp_examples/lib/python3.10/site-packages'
[14.463s] Level 1:colcon.colcon_core.environment:checking '/home/heron/percheron_ws/install/percheron_cpp_examples/bin'
[14.465s] INFO:colcon.colcon_core.shell:Creating package script '/home/heron/percheron_ws/install/percheron_cpp_examples/share/percheron_cpp_examples/package.ps1'
[14.492s] INFO:colcon.colcon_core.shell:Creating package descriptor '/home/heron/percheron_ws/install/percheron_cpp_examples/share/percheron_cpp_examples/package.dsv'
[14.519s] INFO:colcon.colcon_core.shell:Creating package script '/home/heron/percheron_ws/install/percheron_cpp_examples/share/percheron_cpp_examples/package.sh'
[14.529s] INFO:colcon.colcon_core.shell:Creating package script '/home/heron/percheron_ws/install/percheron_cpp_examples/share/percheron_cpp_examples/package.bash'
[14.555s] INFO:colcon.colcon_core.shell:Creating package script '/home/heron/percheron_ws/install/percheron_cpp_examples/share/percheron_cpp_examples/package.zsh'
[14.561s] Level 1:colcon.colcon_core.environment:create_file_with_runtime_dependencies(/home/heron/percheron_ws/install/percheron_cpp_examples/share/colcon-core/packages/percheron_cpp_examples)
[14.678s] Level 1:colcon.colcon_core.environment:create_environment_scripts_only(percheron_cpp_examples)
[14.679s] Level 1:colcon.colcon_core.environment:checking '/home/heron/percheron_ws/install/percheron_cpp_examples' for CMake module files
[14.681s] Level 1:colcon.colcon_core.environment:checking '/home/heron/percheron_ws/install/percheron_cpp_examples' for CMake config files
[14.682s] Level 1:colcon.colcon_core.shell:create_environment_hook('percheron_cpp_examples', 'cmake_prefix_path')
[14.683s] INFO:colcon.colcon_core.shell:Creating environment hook '/home/heron/percheron_ws/install/percheron_cpp_examples/share/percheron_cpp_examples/hook/cmake_prefix_path.ps1'
[14.684s] INFO:colcon.colcon_core.shell:Creating environment descriptor '/home/heron/percheron_ws/install/percheron_cpp_examples/share/percheron_cpp_examples/hook/cmake_prefix_path.dsv'
[14.686s] INFO:colcon.colcon_core.shell:Creating environment hook '/home/heron/percheron_ws/install/percheron_cpp_examples/share/percheron_cpp_examples/hook/cmake_prefix_path.sh'
[14.688s] Level 1:colcon.colcon_core.environment:checking '/home/heron/percheron_ws/install/percheron_cpp_examples/lib'
[14.688s] Level 1:colcon.colcon_core.environment:checking '/home/heron/percheron_ws/install/percheron_cpp_examples/bin'
[14.689s] Level 1:colcon.colcon_core.environment:checking '/home/heron/percheron_ws/install/percheron_cpp_examples/lib/pkgconfig/percheron_cpp_examples.pc'
[14.689s] Level 1:colcon.colcon_core.environment:checking '/home/heron/percheron_ws/install/percheron_cpp_examples/lib/python3.10/site-packages'
[14.690s] Level 1:colcon.colcon_core.environment:checking '/home/heron/percheron_ws/install/percheron_cpp_examples/bin'
[14.691s] INFO:colcon.colcon_core.shell:Creating package script '/home/heron/percheron_ws/install/percheron_cpp_examples/share/percheron_cpp_examples/package.ps1'
[14.693s] INFO:colcon.colcon_core.shell:Creating package descriptor '/home/heron/percheron_ws/install/percheron_cpp_examples/share/percheron_cpp_examples/package.dsv'
[14.695s] INFO:colcon.colcon_core.shell:Creating package script '/home/heron/percheron_ws/install/percheron_cpp_examples/share/percheron_cpp_examples/package.sh'
[14.697s] INFO:colcon.colcon_core.shell:Creating package script '/home/heron/percheron_ws/install/percheron_cpp_examples/share/percheron_cpp_examples/package.bash'
[14.699s] INFO:colcon.colcon_core.shell:Creating package script '/home/heron/percheron_ws/install/percheron_cpp_examples/share/percheron_cpp_examples/package.zsh'
[14.701s] Level 1:colcon.colcon_core.environment:create_file_with_runtime_dependencies(/home/heron/percheron_ws/install/percheron_cpp_examples/share/colcon-core/packages/percheron_cpp_examples)
[14.935s] DEBUG:colcon.colcon_core.event_handler.log_command:Invoking command in '/home/heron/percheron_ws/src/percheron_py_examples': PYTHONPATH=/home/heron/percheron_ws/build/percheron_py_examples/prefix_override:/usr/lib/python3/dist-packages/colcon_core/task/python/colcon_distutils_commands:/home/heron/percheron_ws/install/percheron_py_examples/lib/python3.10/site-packages:${PYTHONPATH} /usr/bin/python3 -W ignore:setup.py install is deprecated setup.py egg_info --egg-base ../../build/percheron_py_examples build --build-base /home/heron/percheron_ws/build/percheron_py_examples/build install --record /home/heron/percheron_ws/build/percheron_py_examples/install.log --single-version-externally-managed install_data
[15.048s] DEBUG:colcon.colcon_core.event_handler.log_command:Invoked command in '/home/heron/percheron_ws/build/percheron_description' returned '0': CMAKE_PREFIX_PATH=${CMAKE_PREFIX_PATH}:/home/heron/clydesdale_ws/install/serial_motor_demo:/home/heron/clydesdale_ws/install/joy_tester:/opt/ros/iron /usr/bin/cmake --build /home/heron/percheron_ws/build/percheron_description -- -j4 -l4
[15.103s] DEBUG:colcon.colcon_core.event_handler.log_command:Invoking command in '/home/heron/percheron_ws/build/percheron_description': CMAKE_PREFIX_PATH=${CMAKE_PREFIX_PATH}:/home/heron/clydesdale_ws/install/serial_motor_demo:/home/heron/clydesdale_ws/install/joy_tester:/opt/ros/iron /usr/bin/cmake --install /home/heron/percheron_ws/build/percheron_description
[15.159s] Level 1:colcon.colcon_core.environment:create_environment_scripts_only(percheron_description)
[15.161s] Level 1:colcon.colcon_core.environment:checking '/home/heron/percheron_ws/install/percheron_description' for CMake module files
[15.162s] DEBUG:colcon.colcon_core.event_handler.log_command:Invoked command in '/home/heron/percheron_ws/build/percheron_description' returned '0': CMAKE_PREFIX_PATH=${CMAKE_PREFIX_PATH}:/home/heron/clydesdale_ws/install/serial_motor_demo:/home/heron/clydesdale_ws/install/joy_tester:/opt/ros/iron /usr/bin/cmake --install /home/heron/percheron_ws/build/percheron_description
[15.164s] Level 1:colcon.colcon_core.environment:checking '/home/heron/percheron_ws/install/percheron_description' for CMake config files
[15.165s] Level 1:colcon.colcon_core.shell:create_environment_hook('percheron_description', 'cmake_prefix_path')
[15.166s] INFO:colcon.colcon_core.shell:Creating environment hook '/home/heron/percheron_ws/install/percheron_description/share/percheron_description/hook/cmake_prefix_path.ps1'
[15.168s] INFO:colcon.colcon_core.shell:Creating environment descriptor '/home/heron/percheron_ws/install/percheron_description/share/percheron_description/hook/cmake_prefix_path.dsv'
[15.169s] INFO:colcon.colcon_core.shell:Creating environment hook '/home/heron/percheron_ws/install/percheron_description/share/percheron_description/hook/cmake_prefix_path.sh'
[15.171s] Level 1:colcon.colcon_core.environment:checking '/home/heron/percheron_ws/install/percheron_description/bin'
[15.171s] Level 1:colcon.colcon_core.environment:checking '/home/heron/percheron_ws/install/percheron_description/lib/pkgconfig/percheron_description.pc'
[15.172s] Level 1:colcon.colcon_core.environment:checking '/home/heron/percheron_ws/install/percheron_description/lib/python3.10/site-packages'
[15.173s] Level 1:colcon.colcon_core.environment:checking '/home/heron/percheron_ws/install/percheron_description/bin'
[15.174s] INFO:colcon.colcon_core.shell:Creating package script '/home/heron/percheron_ws/install/percheron_description/share/percheron_description/package.ps1'
[15.175s] INFO:colcon.colcon_core.shell:Creating package descriptor '/home/heron/percheron_ws/install/percheron_description/share/percheron_description/package.dsv'
[15.176s] INFO:colcon.colcon_core.shell:Creating package script '/home/heron/percheron_ws/install/percheron_description/share/percheron_description/package.sh'
[15.177s] INFO:colcon.colcon_core.shell:Creating package script '/home/heron/percheron_ws/install/percheron_description/share/percheron_description/package.bash'
[15.178s] INFO:colcon.colcon_core.shell:Creating package script '/home/heron/percheron_ws/install/percheron_description/share/percheron_description/package.zsh'
[15.179s] Level 1:colcon.colcon_core.environment:create_file_with_runtime_dependencies(/home/heron/percheron_ws/install/percheron_description/share/colcon-core/packages/percheron_description)
[15.233s] Level 1:colcon.colcon_core.environment:create_environment_scripts_only(percheron_description)
[15.234s] Level 1:colcon.colcon_core.environment:checking '/home/heron/percheron_ws/install/percheron_description' for CMake module files
[15.236s] Level 1:colcon.colcon_core.environment:checking '/home/heron/percheron_ws/install/percheron_description' for CMake config files
[15.237s] Level 1:colcon.colcon_core.shell:create_environment_hook('percheron_description', 'cmake_prefix_path')
[15.237s] INFO:colcon.colcon_core.shell:Creating environment hook '/home/heron/percheron_ws/install/percheron_description/share/percheron_description/hook/cmake_prefix_path.ps1'
[15.239s] INFO:colcon.colcon_core.shell:Creating environment descriptor '/home/heron/percheron_ws/install/percheron_description/share/percheron_description/hook/cmake_prefix_path.dsv'
[15.240s] INFO:colcon.colcon_core.shell:Creating environment hook '/home/heron/percheron_ws/install/percheron_description/share/percheron_description/hook/cmake_prefix_path.sh'
[15.242s] Level 1:colcon.colcon_core.environment:checking '/home/heron/percheron_ws/install/percheron_description/bin'
[15.242s] Level 1:colcon.colcon_core.environment:checking '/home/heron/percheron_ws/install/percheron_description/lib/pkgconfig/percheron_description.pc'
[15.243s] Level 1:colcon.colcon_core.environment:checking '/home/heron/percheron_ws/install/percheron_description/lib/python3.10/site-packages'
[15.244s] Level 1:colcon.colcon_core.environment:checking '/home/heron/percheron_ws/install/percheron_description/bin'
[15.245s] INFO:colcon.colcon_core.shell:Creating package script '/home/heron/percheron_ws/install/percheron_description/share/percheron_description/package.ps1'
[15.247s] INFO:colcon.colcon_core.shell:Creating package descriptor '/home/heron/percheron_ws/install/percheron_description/share/percheron_description/package.dsv'
[15.249s] INFO:colcon.colcon_core.shell:Creating package script '/home/heron/percheron_ws/install/percheron_description/share/percheron_description/package.sh'
[15.251s] INFO:colcon.colcon_core.shell:Creating package script '/home/heron/percheron_ws/install/percheron_description/share/percheron_description/package.bash'
[15.253s] INFO:colcon.colcon_core.shell:Creating package script '/home/heron/percheron_ws/install/percheron_description/share/percheron_description/package.zsh'
[15.255s] Level 1:colcon.colcon_core.environment:create_file_with_runtime_dependencies(/home/heron/percheron_ws/install/percheron_description/share/colcon-core/packages/percheron_description)
[16.108s] Level 1:colcon.colcon_core.environment:checking '/home/heron/percheron_ws/install/percheron_py_examples' for CMake module files
[16.111s] DEBUG:colcon.colcon_core.event_handler.log_command:Invoked command in '/home/heron/percheron_ws/src/percheron_py_examples' returned '0': PYTHONPATH=/home/heron/percheron_ws/build/percheron_py_examples/prefix_override:/usr/lib/python3/dist-packages/colcon_core/task/python/colcon_distutils_commands:/home/heron/percheron_ws/install/percheron_py_examples/lib/python3.10/site-packages:${PYTHONPATH} /usr/bin/python3 -W ignore:setup.py install is deprecated setup.py egg_info --egg-base ../../build/percheron_py_examples build --build-base /home/heron/percheron_ws/build/percheron_py_examples/build install --record /home/heron/percheron_ws/build/percheron_py_examples/install.log --single-version-externally-managed install_data
[16.114s] Level 1:colcon.colcon_core.environment:checking '/home/heron/percheron_ws/install/percheron_py_examples' for CMake config files
[16.117s] Level 1:colcon.colcon_core.environment:checking '/home/heron/percheron_ws/install/percheron_py_examples/lib'
[16.118s] Level 1:colcon.colcon_core.environment:checking '/home/heron/percheron_ws/install/percheron_py_examples/bin'
[16.118s] Level 1:colcon.colcon_core.environment:checking '/home/heron/percheron_ws/install/percheron_py_examples/lib/pkgconfig/percheron_py_examples.pc'
[16.119s] Level 1:colcon.colcon_core.environment:checking '/home/heron/percheron_ws/install/percheron_py_examples/lib/python3.10/site-packages'
[16.119s] Level 1:colcon.colcon_core.shell:create_environment_hook('percheron_py_examples', 'pythonpath')
[16.121s] INFO:colcon.colcon_core.shell:Creating environment hook '/home/heron/percheron_ws/install/percheron_py_examples/share/percheron_py_examples/hook/pythonpath.ps1'
[16.123s] INFO:colcon.colcon_core.shell:Creating environment descriptor '/home/heron/percheron_ws/install/percheron_py_examples/share/percheron_py_examples/hook/pythonpath.dsv'
[16.124s] INFO:colcon.colcon_core.shell:Creating environment hook '/home/heron/percheron_ws/install/percheron_py_examples/share/percheron_py_examples/hook/pythonpath.sh'
[16.128s] Level 1:colcon.colcon_core.environment:checking '/home/heron/percheron_ws/install/percheron_py_examples/bin'
[16.128s] Level 1:colcon.colcon_core.environment:create_environment_scripts_only(percheron_py_examples)
[16.130s] INFO:colcon.colcon_core.shell:Creating package script '/home/heron/percheron_ws/install/percheron_py_examples/share/percheron_py_examples/package.ps1'
[16.133s] INFO:colcon.colcon_core.shell:Creating package descriptor '/home/heron/percheron_ws/install/percheron_py_examples/share/percheron_py_examples/package.dsv'
[16.136s] INFO:colcon.colcon_core.shell:Creating package script '/home/heron/percheron_ws/install/percheron_py_examples/share/percheron_py_examples/package.sh'
[16.139s] INFO:colcon.colcon_core.shell:Creating package script '/home/heron/percheron_ws/install/percheron_py_examples/share/percheron_py_examples/package.bash'
[16.141s] INFO:colcon.colcon_core.shell:Creating package script '/home/heron/percheron_ws/install/percheron_py_examples/share/percheron_py_examples/package.zsh'
[16.143s] Level 1:colcon.colcon_core.environment:create_file_with_runtime_dependencies(/home/heron/percheron_ws/install/percheron_py_examples/share/colcon-core/packages/percheron_py_examples)
[16.144s] DEBUG:colcon.colcon_parallel_executor.executor.parallel:closing loop
[16.145s] DEBUG:colcon.colcon_parallel_executor.executor.parallel:loop closed
[16.146s] DEBUG:colcon.colcon_parallel_executor.executor.parallel:run_until_complete finished with '0'
[16.146s] DEBUG:colcon.colcon_core.event_reactor:joining thread
[16.271s] INFO:colcon.colcon_core.plugin_system:Skipping extension 'colcon_notification.desktop_notification.terminal_notifier': Not used on non-Darwin systems
[16.271s] INFO:colcon.colcon_core.plugin_system:Skipping extension 'colcon_notification.desktop_notification.win32': Not used on non-Windows systems
[16.272s] INFO:colcon.colcon_notification.desktop_notification:Sending desktop notification using 'notify2'
[16.391s] DEBUG:colcon.colcon_core.event_reactor:joined thread
[16.393s] INFO:colcon.colcon_core.shell:Creating prefix script '/home/heron/percheron_ws/install/local_setup.ps1'
[16.427s] INFO:colcon.colcon_core.shell:Creating prefix util module '/home/heron/percheron_ws/install/_local_setup_util_ps1.py'
[16.493s] INFO:colcon.colcon_core.shell:Creating prefix chain script '/home/heron/percheron_ws/install/setup.ps1'
[16.510s] INFO:colcon.colcon_core.shell:Creating prefix script '/home/heron/percheron_ws/install/local_setup.sh'
[16.519s] INFO:colcon.colcon_core.shell:Creating prefix util module '/home/heron/percheron_ws/install/_local_setup_util_sh.py'
[16.523s] INFO:colcon.colcon_core.shell:Creating prefix chain script '/home/heron/percheron_ws/install/setup.sh'
[16.535s] INFO:colcon.colcon_core.shell:Creating prefix script '/home/heron/percheron_ws/install/local_setup.bash'
[16.552s] INFO:colcon.colcon_core.shell:Creating prefix chain script '/home/heron/percheron_ws/install/setup.bash'
[16.569s] INFO:colcon.colcon_core.shell:Creating prefix script '/home/heron/percheron_ws/install/local_setup.zsh'
[16.578s] INFO:colcon.colcon_core.shell:Creating prefix chain script '/home/heron/percheron_ws/install/setup.zsh'
