[0.237s] Invoking command in '/home/heron/percheron_ws/build/percheron_cpp_examples': CMAKE_PREFIX_PATH=${CMAKE_PREFIX_PATH}:/home/heron/clydesdale_ws/install/serial_motor_demo:/home/heron/clydesdale_ws/install/joy_tester:/opt/ros/iron /usr/bin/cmake --build /home/heron/percheron_ws/build/percheron_cpp_examples -- -j4 -l4
[3.941s] [ 66%] Built target simple_publisher
[3.942s] [ 66%] Built target simple_parameter
[3.943s] [100%] Built target simple_subscriber
[3.971s] Invoked command in '/home/heron/percheron_ws/build/percheron_cpp_examples' returned '0': CMAKE_PREFIX_PATH=${CMAKE_PREFIX_PATH}:/home/heron/clydesdale_ws/install/serial_motor_demo:/home/heron/clydesdale_ws/install/joy_tester:/opt/ros/iron /usr/bin/cmake --build /home/heron/percheron_ws/build/percheron_cpp_examples -- -j4 -l4
[4.091s] Invoking command in '/home/heron/percheron_ws/build/percheron_cpp_examples': CMAKE_PREFIX_PATH=${CMAKE_PREFIX_PATH}:/home/heron/clydesdale_ws/install/serial_motor_demo:/home/heron/clydesdale_ws/install/joy_tester:/opt/ros/iron /usr/bin/cmake --install /home/heron/percheron_ws/build/percheron_cpp_examples
[4.128s] -- Install configuration: ""
[4.289s] -- Up-to-date: /home/heron/percheron_ws/install/percheron_cpp_examples/lib/percheron_cpp_examples/simple_publisher
[4.398s] -- Up-to-date: /home/heron/percheron_ws/install/percheron_cpp_examples/lib/percheron_cpp_examples/simple_subscriber
[4.462s] -- Up-to-date: /home/heron/percheron_ws/install/percheron_cpp_examples/lib/percheron_cpp_examples/simple_parameter
[4.511s] -- Up-to-date: /home/heron/percheron_ws/install/percheron_cpp_examples/share/ament_index/resource_index/package_run_dependencies/percheron_cpp_examples
[4.512s] -- Up-to-date: /home/heron/percheron_ws/install/percheron_cpp_examples/share/ament_index/resource_index/parent_prefix_path/percheron_cpp_examples
[4.513s] -- Up-to-date: /home/heron/percheron_ws/install/percheron_cpp_examples/share/percheron_cpp_examples/environment/ament_prefix_path.sh
[4.513s] -- Up-to-date: /home/heron/percheron_ws/install/percheron_cpp_examples/share/percheron_cpp_examples/environment/ament_prefix_path.dsv
[4.514s] -- Up-to-date: /home/heron/percheron_ws/install/percheron_cpp_examples/share/percheron_cpp_examples/environment/path.sh
[4.515s] -- Up-to-date: /home/heron/percheron_ws/install/percheron_cpp_examples/share/percheron_cpp_examples/environment/path.dsv
[4.516s] -- Up-to-date: /home/heron/percheron_ws/install/percheron_cpp_examples/share/percheron_cpp_examples/local_setup.bash
[4.516s] -- Up-to-date: /home/heron/percheron_ws/install/percheron_cpp_examples/share/percheron_cpp_examples/local_setup.sh
[4.517s] -- Up-to-date: /home/heron/percheron_ws/install/percheron_cpp_examples/share/percheron_cpp_examples/local_setup.zsh
[4.517s] -- Up-to-date: /home/heron/percheron_ws/install/percheron_cpp_examples/share/percheron_cpp_examples/local_setup.dsv
[4.518s] -- Installing: /home/heron/percheron_ws/install/percheron_cpp_examples/share/percheron_cpp_examples/package.dsv
[4.543s] -- Up-to-date: /home/heron/percheron_ws/install/percheron_cpp_examples/share/ament_index/resource_index/packages/percheron_cpp_examples
[4.551s] -- Up-to-date: /home/heron/percheron_ws/install/percheron_cpp_examples/share/percheron_cpp_examples/cmake/percheron_cpp_examplesConfig.cmake
[4.552s] -- Up-to-date: /home/heron/percheron_ws/install/percheron_cpp_examples/share/percheron_cpp_examples/cmake/percheron_cpp_examplesConfig-version.cmake
[4.552s] -- Up-to-date: /home/heron/percheron_ws/install/percheron_cpp_examples/share/percheron_cpp_examples/package.xml
[4.560s] Invoked command in '/home/heron/percheron_ws/build/percheron_cpp_examples' returned '0': CMAKE_PREFIX_PATH=${CMAKE_PREFIX_PATH}:/home/heron/clydesdale_ws/install/serial_motor_demo:/home/heron/clydesdale_ws/install/joy_tester:/opt/ros/iron /usr/bin/cmake --install /home/heron/percheron_ws/build/percheron_cpp_examples
