[0.349s] DEBUG:colcon:Command line arguments: ['/usr/bin/colcon', 'build']
[0.350s] DEBUG:colcon:Parsed command line arguments: Namespace(log_base=None, log_level=None, verb_name='build', build_base='build', install_base='install', merge_install=False, symlink_install=False, test_result_base=None, continue_on_error=False, executor='parallel', parallel_workers=4, event_handlers=None, ignore_user_meta=False, metas=['./colcon.meta'], base_paths=['.'], packages_ignore=None, packages_ignore_regex=None, paths=None, packages_up_to=None, packages_up_to_regex=None, packages_above=None, packages_above_and_dependencies=None, packages_above_depth=None, packages_select_by_dep=None, packages_skip_by_dep=None, packages_skip_up_to=None, packages_select_build_failed=False, packages_skip_build_finished=False, packages_select_test_failures=False, packages_skip_test_passed=False, packages_select=None, packages_skip=None, packages_select_regex=None, packages_skip_regex=None, packages_start=None, packages_end=None, allow_overriding=[], cmake_args=None, cmake_target=None, cmake_target_skip_unavailable=False, cmake_clean_cache=False, cmake_clean_first=False, cmake_force_configure=False, ament_cmake_args=None, catkin_cmake_args=None, catkin_skip_building_tests=False, mixin_files=None, mixin=None, verb_parser=<colcon_mixin.mixin.mixin_argument.MixinArgumentDecorator object at 0x7f1184d8af80>, verb_extension=<colcon_core.verb.build.BuildVerb object at 0x7f1184d8aa40>, main=<bound method BuildVerb.main of <colcon_core.verb.build.BuildVerb object at 0x7f1184d8aa40>>, mixin_verb=('build',))
[0.967s] Level 1:colcon.colcon_core.package_discovery:discover_packages(colcon_meta) check parameters
[0.967s] Level 1:colcon.colcon_core.package_discovery:discover_packages(recursive) check parameters
[0.967s] Level 1:colcon.colcon_core.package_discovery:discover_packages(ignore) check parameters
[0.967s] Level 1:colcon.colcon_core.package_discovery:discover_packages(path) check parameters
[0.967s] Level 1:colcon.colcon_core.package_discovery:discover_packages(colcon_meta) discover
[0.967s] Level 1:colcon.colcon_core.package_discovery:discover_packages(recursive) discover
[0.968s] INFO:colcon.colcon_core.package_discovery:Crawling recursively for packages in '/home/heron/percheron_ws'
[0.968s] Level 1:colcon.colcon_core.package_identification:_identify(.) by extensions ['ignore', 'ignore_ament_install']
[0.968s] Level 1:colcon.colcon_core.package_identification:_identify(.) by extension 'ignore'
[0.968s] Level 1:colcon.colcon_core.package_identification:_identify(.) by extension 'ignore_ament_install'
[0.968s] Level 1:colcon.colcon_core.package_identification:_identify(.) by extensions ['colcon_pkg']
[0.969s] Level 1:colcon.colcon_core.package_identification:_identify(.) by extension 'colcon_pkg'
[0.969s] Level 1:colcon.colcon_core.package_identification:_identify(.) by extensions ['colcon_meta']
[0.969s] Level 1:colcon.colcon_core.package_identification:_identify(.) by extension 'colcon_meta'
[0.969s] Level 1:colcon.colcon_core.package_identification:_identify(.) by extensions ['ros']
[0.969s] Level 1:colcon.colcon_core.package_identification:_identify(.) by extension 'ros'
[1.004s] Level 1:colcon.colcon_core.package_identification:_identify(.) by extensions ['cmake', 'python']
[1.004s] Level 1:colcon.colcon_core.package_identification:_identify(.) by extension 'cmake'
[1.004s] Level 1:colcon.colcon_core.package_identification:_identify(.) by extension 'python'
[1.004s] Level 1:colcon.colcon_core.package_identification:_identify(.) by extensions ['python_setup_py']
[1.004s] Level 1:colcon.colcon_core.package_identification:_identify(.) by extension 'python_setup_py'
[1.005s] Level 1:colcon.colcon_core.package_identification:_identify(build) by extensions ['ignore', 'ignore_ament_install']
[1.005s] Level 1:colcon.colcon_core.package_identification:_identify(build) by extension 'ignore'
[1.005s] Level 1:colcon.colcon_core.package_identification:_identify(build) ignored
[1.005s] Level 1:colcon.colcon_core.package_identification:_identify(install) by extensions ['ignore', 'ignore_ament_install']
[1.006s] Level 1:colcon.colcon_core.package_identification:_identify(install) by extension 'ignore'
[1.006s] Level 1:colcon.colcon_core.package_identification:_identify(install) ignored
[1.006s] Level 1:colcon.colcon_core.package_identification:_identify(log) by extensions ['ignore', 'ignore_ament_install']
[1.006s] Level 1:colcon.colcon_core.package_identification:_identify(log) by extension 'ignore'
[1.007s] Level 1:colcon.colcon_core.package_identification:_identify(log) ignored
[1.007s] Level 1:colcon.colcon_core.package_identification:_identify(src) by extensions ['ignore', 'ignore_ament_install']
[1.007s] Level 1:colcon.colcon_core.package_identification:_identify(src) by extension 'ignore'
[1.007s] Level 1:colcon.colcon_core.package_identification:_identify(src) by extension 'ignore_ament_install'
[1.007s] Level 1:colcon.colcon_core.package_identification:_identify(src) by extensions ['colcon_pkg']
[1.008s] Level 1:colcon.colcon_core.package_identification:_identify(src) by extension 'colcon_pkg'
[1.008s] Level 1:colcon.colcon_core.package_identification:_identify(src) by extensions ['colcon_meta']
[1.008s] Level 1:colcon.colcon_core.package_identification:_identify(src) by extension 'colcon_meta'
[1.008s] Level 1:colcon.colcon_core.package_identification:_identify(src) by extensions ['ros']
[1.008s] Level 1:colcon.colcon_core.package_identification:_identify(src) by extension 'ros'
[1.008s] Level 1:colcon.colcon_core.package_identification:_identify(src) by extensions ['cmake', 'python']
[1.008s] Level 1:colcon.colcon_core.package_identification:_identify(src) by extension 'cmake'
[1.008s] Level 1:colcon.colcon_core.package_identification:_identify(src) by extension 'python'
[1.009s] Level 1:colcon.colcon_core.package_identification:_identify(src) by extensions ['python_setup_py']
[1.009s] Level 1:colcon.colcon_core.package_identification:_identify(src) by extension 'python_setup_py'
[1.009s] Level 1:colcon.colcon_core.package_identification:_identify(src/percheron_cpp_examples) by extensions ['ignore', 'ignore_ament_install']
[1.009s] Level 1:colcon.colcon_core.package_identification:_identify(src/percheron_cpp_examples) by extension 'ignore'
[1.009s] Level 1:colcon.colcon_core.package_identification:_identify(src/percheron_cpp_examples) by extension 'ignore_ament_install'
[1.010s] Level 1:colcon.colcon_core.package_identification:_identify(src/percheron_cpp_examples) by extensions ['colcon_pkg']
[1.010s] Level 1:colcon.colcon_core.package_identification:_identify(src/percheron_cpp_examples) by extension 'colcon_pkg'
[1.010s] Level 1:colcon.colcon_core.package_identification:_identify(src/percheron_cpp_examples) by extensions ['colcon_meta']
[1.010s] Level 1:colcon.colcon_core.package_identification:_identify(src/percheron_cpp_examples) by extension 'colcon_meta'
[1.010s] Level 1:colcon.colcon_core.package_identification:_identify(src/percheron_cpp_examples) by extensions ['ros']
[1.010s] Level 1:colcon.colcon_core.package_identification:_identify(src/percheron_cpp_examples) by extension 'ros'
[1.023s] DEBUG:colcon.colcon_core.package_identification:Package 'src/percheron_cpp_examples' with type 'ros.ament_cmake' and name 'percheron_cpp_examples'
[1.024s] Level 1:colcon.colcon_core.package_identification:_identify(src/percheron_description) by extensions ['ignore', 'ignore_ament_install']
[1.024s] Level 1:colcon.colcon_core.package_identification:_identify(src/percheron_description) by extension 'ignore'
[1.024s] Level 1:colcon.colcon_core.package_identification:_identify(src/percheron_description) by extension 'ignore_ament_install'
[1.024s] Level 1:colcon.colcon_core.package_identification:_identify(src/percheron_description) by extensions ['colcon_pkg']
[1.024s] Level 1:colcon.colcon_core.package_identification:_identify(src/percheron_description) by extension 'colcon_pkg'
[1.025s] Level 1:colcon.colcon_core.package_identification:_identify(src/percheron_description) by extensions ['colcon_meta']
[1.025s] Level 1:colcon.colcon_core.package_identification:_identify(src/percheron_description) by extension 'colcon_meta'
[1.025s] Level 1:colcon.colcon_core.package_identification:_identify(src/percheron_description) by extensions ['ros']
[1.025s] Level 1:colcon.colcon_core.package_identification:_identify(src/percheron_description) by extension 'ros'
[1.027s] DEBUG:colcon.colcon_core.package_identification:Package 'src/percheron_description' with type 'ros.ament_cmake' and name 'percheron_description'
[1.027s] Level 1:colcon.colcon_core.package_identification:_identify(src/percheron_py_examples) by extensions ['ignore', 'ignore_ament_install']
[1.027s] Level 1:colcon.colcon_core.package_identification:_identify(src/percheron_py_examples) by extension 'ignore'
[1.027s] Level 1:colcon.colcon_core.package_identification:_identify(src/percheron_py_examples) by extension 'ignore_ament_install'
[1.028s] Level 1:colcon.colcon_core.package_identification:_identify(src/percheron_py_examples) by extensions ['colcon_pkg']
[1.028s] Level 1:colcon.colcon_core.package_identification:_identify(src/percheron_py_examples) by extension 'colcon_pkg'
[1.028s] Level 1:colcon.colcon_core.package_identification:_identify(src/percheron_py_examples) by extensions ['colcon_meta']
[1.028s] Level 1:colcon.colcon_core.package_identification:_identify(src/percheron_py_examples) by extension 'colcon_meta'
[1.028s] Level 1:colcon.colcon_core.package_identification:_identify(src/percheron_py_examples) by extensions ['ros']
[1.028s] Level 1:colcon.colcon_core.package_identification:_identify(src/percheron_py_examples) by extension 'ros'
[1.030s] DEBUG:colcon.colcon_core.package_identification:Package 'src/percheron_py_examples' with type 'ros.ament_python' and name 'percheron_py_examples'
[1.030s] Level 1:colcon.colcon_core.package_discovery:discover_packages(recursive) using defaults
[1.030s] Level 1:colcon.colcon_core.package_discovery:discover_packages(ignore) discover
[1.030s] Level 1:colcon.colcon_core.package_discovery:discover_packages(ignore) using defaults
[1.030s] Level 1:colcon.colcon_core.package_discovery:discover_packages(path) discover
[1.030s] Level 1:colcon.colcon_core.package_discovery:discover_packages(path) using defaults
[1.122s] Level 1:colcon.colcon_core.package_discovery:discover_packages(prefix_path) check parameters
[1.122s] Level 1:colcon.colcon_core.package_discovery:discover_packages(prefix_path) discover
[1.128s] DEBUG:colcon.colcon_installed_package_information.package_discovery:Found 5 installed packages in /home/heron/clydesdale_ws/install
[1.135s] DEBUG:colcon.colcon_installed_package_information.package_discovery:Found 341 installed packages in /opt/ros/iron
[1.143s] Level 1:colcon.colcon_core.package_discovery:discover_packages(prefix_path) using defaults
[1.321s] Level 5:colcon.colcon_core.verb:set package 'percheron_cpp_examples' build argument 'cmake_args' from command line to 'None'
[1.321s] Level 5:colcon.colcon_core.verb:set package 'percheron_cpp_examples' build argument 'cmake_target' from command line to 'None'
[1.321s] Level 5:colcon.colcon_core.verb:set package 'percheron_cpp_examples' build argument 'cmake_target_skip_unavailable' from command line to 'False'
[1.321s] Level 5:colcon.colcon_core.verb:set package 'percheron_cpp_examples' build argument 'cmake_clean_cache' from command line to 'False'
[1.322s] Level 5:colcon.colcon_core.verb:set package 'percheron_cpp_examples' build argument 'cmake_clean_first' from command line to 'False'
[1.322s] Level 5:colcon.colcon_core.verb:set package 'percheron_cpp_examples' build argument 'cmake_force_configure' from command line to 'False'
[1.322s] Level 5:colcon.colcon_core.verb:set package 'percheron_cpp_examples' build argument 'ament_cmake_args' from command line to 'None'
[1.322s] Level 5:colcon.colcon_core.verb:set package 'percheron_cpp_examples' build argument 'catkin_cmake_args' from command line to 'None'
[1.322s] Level 5:colcon.colcon_core.verb:set package 'percheron_cpp_examples' build argument 'catkin_skip_building_tests' from command line to 'False'
[1.322s] DEBUG:colcon.colcon_core.verb:Building package 'percheron_cpp_examples' with the following arguments: {'ament_cmake_args': None, 'build_base': '/home/heron/percheron_ws/build/percheron_cpp_examples', 'catkin_cmake_args': None, 'catkin_skip_building_tests': False, 'cmake_args': None, 'cmake_clean_cache': False, 'cmake_clean_first': False, 'cmake_force_configure': False, 'cmake_target': None, 'cmake_target_skip_unavailable': False, 'install_base': '/home/heron/percheron_ws/install/percheron_cpp_examples', 'merge_install': False, 'path': '/home/heron/percheron_ws/src/percheron_cpp_examples', 'symlink_install': False, 'test_result_base': None}
[1.323s] Level 5:colcon.colcon_core.verb:set package 'percheron_description' build argument 'cmake_args' from command line to 'None'
[1.323s] Level 5:colcon.colcon_core.verb:set package 'percheron_description' build argument 'cmake_target' from command line to 'None'
[1.323s] Level 5:colcon.colcon_core.verb:set package 'percheron_description' build argument 'cmake_target_skip_unavailable' from command line to 'False'
[1.324s] Level 5:colcon.colcon_core.verb:set package 'percheron_description' build argument 'cmake_clean_cache' from command line to 'False'
[1.324s] Level 5:colcon.colcon_core.verb:set package 'percheron_description' build argument 'cmake_clean_first' from command line to 'False'
[1.324s] Level 5:colcon.colcon_core.verb:set package 'percheron_description' build argument 'cmake_force_configure' from command line to 'False'
[1.324s] Level 5:colcon.colcon_core.verb:set package 'percheron_description' build argument 'ament_cmake_args' from command line to 'None'
[1.324s] Level 5:colcon.colcon_core.verb:set package 'percheron_description' build argument 'catkin_cmake_args' from command line to 'None'
[1.324s] Level 5:colcon.colcon_core.verb:set package 'percheron_description' build argument 'catkin_skip_building_tests' from command line to 'False'
[1.324s] DEBUG:colcon.colcon_core.verb:Building package 'percheron_description' with the following arguments: {'ament_cmake_args': None, 'build_base': '/home/heron/percheron_ws/build/percheron_description', 'catkin_cmake_args': None, 'catkin_skip_building_tests': False, 'cmake_args': None, 'cmake_clean_cache': False, 'cmake_clean_first': False, 'cmake_force_configure': False, 'cmake_target': None, 'cmake_target_skip_unavailable': False, 'install_base': '/home/heron/percheron_ws/install/percheron_description', 'merge_install': False, 'path': '/home/heron/percheron_ws/src/percheron_description', 'symlink_install': False, 'test_result_base': None}
[1.325s] Level 5:colcon.colcon_core.verb:set package 'percheron_py_examples' build argument 'cmake_args' from command line to 'None'
[1.325s] Level 5:colcon.colcon_core.verb:set package 'percheron_py_examples' build argument 'cmake_target' from command line to 'None'
[1.325s] Level 5:colcon.colcon_core.verb:set package 'percheron_py_examples' build argument 'cmake_target_skip_unavailable' from command line to 'False'
[1.326s] Level 5:colcon.colcon_core.verb:set package 'percheron_py_examples' build argument 'cmake_clean_cache' from command line to 'False'
[1.326s] Level 5:colcon.colcon_core.verb:set package 'percheron_py_examples' build argument 'cmake_clean_first' from command line to 'False'
[1.326s] Level 5:colcon.colcon_core.verb:set package 'percheron_py_examples' build argument 'cmake_force_configure' from command line to 'False'
[1.326s] Level 5:colcon.colcon_core.verb:set package 'percheron_py_examples' build argument 'ament_cmake_args' from command line to 'None'
[1.326s] Level 5:colcon.colcon_core.verb:set package 'percheron_py_examples' build argument 'catkin_cmake_args' from command line to 'None'
[1.326s] Level 5:colcon.colcon_core.verb:set package 'percheron_py_examples' build argument 'catkin_skip_building_tests' from command line to 'False'
[1.326s] DEBUG:colcon.colcon_core.verb:Building package 'percheron_py_examples' with the following arguments: {'ament_cmake_args': None, 'build_base': '/home/heron/percheron_ws/build/percheron_py_examples', 'catkin_cmake_args': None, 'catkin_skip_building_tests': False, 'cmake_args': None, 'cmake_clean_cache': False, 'cmake_clean_first': False, 'cmake_force_configure': False, 'cmake_target': None, 'cmake_target_skip_unavailable': False, 'install_base': '/home/heron/percheron_ws/install/percheron_py_examples', 'merge_install': False, 'path': '/home/heron/percheron_ws/src/percheron_py_examples', 'symlink_install': False, 'test_result_base': None}
[1.326s] INFO:colcon.colcon_core.executor:Executing jobs using 'parallel' executor
[1.329s] DEBUG:colcon.colcon_parallel_executor.executor.parallel:run_until_complete
[1.330s] INFO:colcon.colcon_ros.task.ament_cmake.build:Building ROS package in '/home/heron/percheron_ws/src/percheron_cpp_examples' with build type 'ament_cmake'
[1.330s] INFO:colcon.colcon_cmake.task.cmake.build:Building CMake package in '/home/heron/percheron_ws/src/percheron_cpp_examples'
[1.336s] INFO:colcon.colcon_core.plugin_system:Skipping extension 'colcon_core.shell.bat': Not used on non-Windows systems
[1.337s] INFO:colcon.colcon_core.shell:Skip shell extension 'powershell' for command environment: Not usable outside of PowerShell
[1.337s] DEBUG:colcon.colcon_core.shell:Skip shell extension 'dsv' for command environment
[1.352s] INFO:colcon.colcon_ros.task.ament_cmake.build:Building ROS package in '/home/heron/percheron_ws/src/percheron_description' with build type 'ament_cmake'
[1.353s] INFO:colcon.colcon_cmake.task.cmake.build:Building CMake package in '/home/heron/percheron_ws/src/percheron_description'
[1.353s] INFO:colcon.colcon_core.shell:Skip shell extension 'powershell' for command environment: Not usable outside of PowerShell
[1.354s] DEBUG:colcon.colcon_core.shell:Skip shell extension 'dsv' for command environment
[1.369s] INFO:colcon.colcon_ros.task.ament_python.build:Building ROS package in '/home/heron/percheron_ws/src/percheron_py_examples' with build type 'ament_python'
[1.370s] Level 1:colcon.colcon_core.shell:create_environment_hook('percheron_py_examples', 'ament_prefix_path')
[1.371s] INFO:colcon.colcon_core.shell:Creating environment hook '/home/heron/percheron_ws/install/percheron_py_examples/share/percheron_py_examples/hook/ament_prefix_path.ps1'
[1.374s] INFO:colcon.colcon_core.shell:Creating environment descriptor '/home/heron/percheron_ws/install/percheron_py_examples/share/percheron_py_examples/hook/ament_prefix_path.dsv'
[1.376s] INFO:colcon.colcon_core.shell:Creating environment hook '/home/heron/percheron_ws/install/percheron_py_examples/share/percheron_py_examples/hook/ament_prefix_path.sh'
[1.379s] INFO:colcon.colcon_core.shell:Skip shell extension 'powershell' for command environment: Not usable outside of PowerShell
[1.379s] DEBUG:colcon.colcon_core.shell:Skip shell extension 'dsv' for command environment
[1.424s] DEBUG:colcon.colcon_core.event_handler.log_command:Invoking command in '/home/heron/percheron_ws/build/percheron_cpp_examples': CMAKE_PREFIX_PATH=${CMAKE_PREFIX_PATH}:/home/heron/clydesdale_ws/install/serial_motor_demo:/home/heron/clydesdale_ws/install/joy_tester:/opt/ros/iron /usr/bin/cmake --build /home/heron/percheron_ws/build/percheron_cpp_examples -- -j4 -l4
[1.431s] DEBUG:colcon.colcon_core.event_handler.log_command:Invoking command in '/home/heron/percheron_ws/build/percheron_description': CMAKE_PREFIX_PATH=${CMAKE_PREFIX_PATH}:/home/heron/clydesdale_ws/install/serial_motor_demo:/home/heron/clydesdale_ws/install/joy_tester:/opt/ros/iron /usr/bin/cmake --build /home/heron/percheron_ws/build/percheron_description -- -j4 -l4
[2.417s] INFO:colcon.colcon_core.task.python.build:Building Python package in '/home/heron/percheron_ws/src/percheron_py_examples'
[2.418s] INFO:colcon.colcon_core.shell:Skip shell extension 'powershell' for command environment: Not usable outside of PowerShell
[2.419s] DEBUG:colcon.colcon_core.shell:Skip shell extension 'dsv' for command environment
[2.441s] DEBUG:colcon.colcon_core.event_handler.log_command:Invoked command in '/home/heron/percheron_ws/build/percheron_description' returned '0': CMAKE_PREFIX_PATH=${CMAKE_PREFIX_PATH}:/home/heron/clydesdale_ws/install/serial_motor_demo:/home/heron/clydesdale_ws/install/joy_tester:/opt/ros/iron /usr/bin/cmake --build /home/heron/percheron_ws/build/percheron_description -- -j4 -l4
[2.444s] DEBUG:colcon.colcon_core.event_handler.log_command:Invoked command in '/home/heron/percheron_ws/build/percheron_cpp_examples' returned '0': CMAKE_PREFIX_PATH=${CMAKE_PREFIX_PATH}:/home/heron/clydesdale_ws/install/serial_motor_demo:/home/heron/clydesdale_ws/install/joy_tester:/opt/ros/iron /usr/bin/cmake --build /home/heron/percheron_ws/build/percheron_cpp_examples -- -j4 -l4
[2.535s] DEBUG:colcon.colcon_core.event_handler.log_command:Invoking command in '/home/heron/percheron_ws/build/percheron_description': CMAKE_PREFIX_PATH=${CMAKE_PREFIX_PATH}:/home/heron/clydesdale_ws/install/serial_motor_demo:/home/heron/clydesdale_ws/install/joy_tester:/opt/ros/iron /usr/bin/cmake --install /home/heron/percheron_ws/build/percheron_description
[2.542s] DEBUG:colcon.colcon_core.event_handler.log_command:Invoking command in '/home/heron/percheron_ws/build/percheron_cpp_examples': CMAKE_PREFIX_PATH=${CMAKE_PREFIX_PATH}:/home/heron/clydesdale_ws/install/serial_motor_demo:/home/heron/clydesdale_ws/install/joy_tester:/opt/ros/iron /usr/bin/cmake --install /home/heron/percheron_ws/build/percheron_cpp_examples
[2.562s] Level 1:colcon.colcon_core.environment:create_environment_scripts_only(percheron_description)
[2.572s] DEBUG:colcon.colcon_core.event_handler.log_command:Invoked command in '/home/heron/percheron_ws/build/percheron_description' returned '0': CMAKE_PREFIX_PATH=${CMAKE_PREFIX_PATH}:/home/heron/clydesdale_ws/install/serial_motor_demo:/home/heron/clydesdale_ws/install/joy_tester:/opt/ros/iron /usr/bin/cmake --install /home/heron/percheron_ws/build/percheron_description
[2.586s] Level 1:colcon.colcon_core.environment:checking '/home/heron/percheron_ws/install/percheron_description' for CMake module files
[2.588s] Level 1:colcon.colcon_core.environment:checking '/home/heron/percheron_ws/install/percheron_description' for CMake config files
[2.590s] Level 1:colcon.colcon_core.shell:create_environment_hook('percheron_description', 'cmake_prefix_path')
[2.591s] INFO:colcon.colcon_core.shell:Creating environment hook '/home/heron/percheron_ws/install/percheron_description/share/percheron_description/hook/cmake_prefix_path.ps1'
[2.593s] INFO:colcon.colcon_core.shell:Creating environment descriptor '/home/heron/percheron_ws/install/percheron_description/share/percheron_description/hook/cmake_prefix_path.dsv'
[2.594s] INFO:colcon.colcon_core.shell:Creating environment hook '/home/heron/percheron_ws/install/percheron_description/share/percheron_description/hook/cmake_prefix_path.sh'
[2.596s] Level 1:colcon.colcon_core.environment:checking '/home/heron/percheron_ws/install/percheron_description/bin'
[2.597s] Level 1:colcon.colcon_core.environment:checking '/home/heron/percheron_ws/install/percheron_description/lib/pkgconfig/percheron_description.pc'
[2.598s] Level 1:colcon.colcon_core.environment:checking '/home/heron/percheron_ws/install/percheron_description/lib/python3.10/site-packages'
[2.600s] Level 1:colcon.colcon_core.environment:checking '/home/heron/percheron_ws/install/percheron_description/bin'
[2.602s] INFO:colcon.colcon_core.shell:Creating package script '/home/heron/percheron_ws/install/percheron_description/share/percheron_description/package.ps1'
[2.605s] INFO:colcon.colcon_core.shell:Creating package descriptor '/home/heron/percheron_ws/install/percheron_description/share/percheron_description/package.dsv'
[2.608s] INFO:colcon.colcon_core.shell:Creating package script '/home/heron/percheron_ws/install/percheron_description/share/percheron_description/package.sh'
[2.612s] INFO:colcon.colcon_core.shell:Creating package script '/home/heron/percheron_ws/install/percheron_description/share/percheron_description/package.bash'
[2.615s] INFO:colcon.colcon_core.shell:Creating package script '/home/heron/percheron_ws/install/percheron_description/share/percheron_description/package.zsh'
[2.618s] Level 1:colcon.colcon_core.environment:create_file_with_runtime_dependencies(/home/heron/percheron_ws/install/percheron_description/share/colcon-core/packages/percheron_description)
[2.622s] Level 1:colcon.colcon_core.environment:create_environment_scripts_only(percheron_cpp_examples)
[2.623s] Level 1:colcon.colcon_core.environment:checking '/home/heron/percheron_ws/install/percheron_cpp_examples' for CMake module files
[2.625s] DEBUG:colcon.colcon_core.event_handler.log_command:Invoked command in '/home/heron/percheron_ws/build/percheron_cpp_examples' returned '0': CMAKE_PREFIX_PATH=${CMAKE_PREFIX_PATH}:/home/heron/clydesdale_ws/install/serial_motor_demo:/home/heron/clydesdale_ws/install/joy_tester:/opt/ros/iron /usr/bin/cmake --install /home/heron/percheron_ws/build/percheron_cpp_examples
[2.626s] Level 1:colcon.colcon_core.environment:checking '/home/heron/percheron_ws/install/percheron_cpp_examples' for CMake config files
[2.627s] Level 1:colcon.colcon_core.shell:create_environment_hook('percheron_cpp_examples', 'cmake_prefix_path')
[2.628s] INFO:colcon.colcon_core.shell:Creating environment hook '/home/heron/percheron_ws/install/percheron_cpp_examples/share/percheron_cpp_examples/hook/cmake_prefix_path.ps1'
[2.629s] INFO:colcon.colcon_core.shell:Creating environment descriptor '/home/heron/percheron_ws/install/percheron_cpp_examples/share/percheron_cpp_examples/hook/cmake_prefix_path.dsv'
[2.631s] INFO:colcon.colcon_core.shell:Creating environment hook '/home/heron/percheron_ws/install/percheron_cpp_examples/share/percheron_cpp_examples/hook/cmake_prefix_path.sh'
[2.634s] Level 1:colcon.colcon_core.environment:checking '/home/heron/percheron_ws/install/percheron_cpp_examples/lib'
[2.634s] Level 1:colcon.colcon_core.environment:checking '/home/heron/percheron_ws/install/percheron_cpp_examples/bin'
[2.635s] Level 1:colcon.colcon_core.environment:checking '/home/heron/percheron_ws/install/percheron_cpp_examples/lib/pkgconfig/percheron_cpp_examples.pc'
[2.636s] Level 1:colcon.colcon_core.environment:checking '/home/heron/percheron_ws/install/percheron_cpp_examples/lib/python3.10/site-packages'
[2.636s] Level 1:colcon.colcon_core.environment:checking '/home/heron/percheron_ws/install/percheron_cpp_examples/bin'
[2.638s] INFO:colcon.colcon_core.shell:Creating package script '/home/heron/percheron_ws/install/percheron_cpp_examples/share/percheron_cpp_examples/package.ps1'
[2.640s] INFO:colcon.colcon_core.shell:Creating package descriptor '/home/heron/percheron_ws/install/percheron_cpp_examples/share/percheron_cpp_examples/package.dsv'
[2.642s] INFO:colcon.colcon_core.shell:Creating package script '/home/heron/percheron_ws/install/percheron_cpp_examples/share/percheron_cpp_examples/package.sh'
[2.644s] INFO:colcon.colcon_core.shell:Creating package script '/home/heron/percheron_ws/install/percheron_cpp_examples/share/percheron_cpp_examples/package.bash'
[2.646s] INFO:colcon.colcon_core.shell:Creating package script '/home/heron/percheron_ws/install/percheron_cpp_examples/share/percheron_cpp_examples/package.zsh'
[2.647s] Level 1:colcon.colcon_core.environment:create_file_with_runtime_dependencies(/home/heron/percheron_ws/install/percheron_cpp_examples/share/colcon-core/packages/percheron_cpp_examples)
[2.676s] Level 1:colcon.colcon_core.environment:create_environment_scripts_only(percheron_description)
[2.677s] Level 1:colcon.colcon_core.environment:checking '/home/heron/percheron_ws/install/percheron_description' for CMake module files
[2.679s] Level 1:colcon.colcon_core.environment:checking '/home/heron/percheron_ws/install/percheron_description' for CMake config files
[2.681s] Level 1:colcon.colcon_core.shell:create_environment_hook('percheron_description', 'cmake_prefix_path')
[2.682s] INFO:colcon.colcon_core.shell:Creating environment hook '/home/heron/percheron_ws/install/percheron_description/share/percheron_description/hook/cmake_prefix_path.ps1'
[2.683s] INFO:colcon.colcon_core.shell:Creating environment descriptor '/home/heron/percheron_ws/install/percheron_description/share/percheron_description/hook/cmake_prefix_path.dsv'
[2.685s] INFO:colcon.colcon_core.shell:Creating environment hook '/home/heron/percheron_ws/install/percheron_description/share/percheron_description/hook/cmake_prefix_path.sh'
[2.687s] Level 1:colcon.colcon_core.environment:checking '/home/heron/percheron_ws/install/percheron_description/bin'
[2.688s] Level 1:colcon.colcon_core.environment:checking '/home/heron/percheron_ws/install/percheron_description/lib/pkgconfig/percheron_description.pc'
[2.688s] Level 1:colcon.colcon_core.environment:checking '/home/heron/percheron_ws/install/percheron_description/lib/python3.10/site-packages'
[2.689s] Level 1:colcon.colcon_core.environment:checking '/home/heron/percheron_ws/install/percheron_description/bin'
[2.691s] INFO:colcon.colcon_core.shell:Creating package script '/home/heron/percheron_ws/install/percheron_description/share/percheron_description/package.ps1'
[2.694s] INFO:colcon.colcon_core.shell:Creating package descriptor '/home/heron/percheron_ws/install/percheron_description/share/percheron_description/package.dsv'
[2.696s] INFO:colcon.colcon_core.shell:Creating package script '/home/heron/percheron_ws/install/percheron_description/share/percheron_description/package.sh'
[2.698s] INFO:colcon.colcon_core.shell:Creating package script '/home/heron/percheron_ws/install/percheron_description/share/percheron_description/package.bash'
[2.701s] INFO:colcon.colcon_core.shell:Creating package script '/home/heron/percheron_ws/install/percheron_description/share/percheron_description/package.zsh'
[2.703s] Level 1:colcon.colcon_core.environment:create_file_with_runtime_dependencies(/home/heron/percheron_ws/install/percheron_description/share/colcon-core/packages/percheron_description)
[2.747s] Level 1:colcon.colcon_core.environment:create_environment_scripts_only(percheron_cpp_examples)
[2.748s] Level 1:colcon.colcon_core.environment:checking '/home/heron/percheron_ws/install/percheron_cpp_examples' for CMake module files
[2.750s] Level 1:colcon.colcon_core.environment:checking '/home/heron/percheron_ws/install/percheron_cpp_examples' for CMake config files
[2.751s] Level 1:colcon.colcon_core.shell:create_environment_hook('percheron_cpp_examples', 'cmake_prefix_path')
[2.752s] INFO:colcon.colcon_core.shell:Creating environment hook '/home/heron/percheron_ws/install/percheron_cpp_examples/share/percheron_cpp_examples/hook/cmake_prefix_path.ps1'
[2.753s] INFO:colcon.colcon_core.shell:Creating environment descriptor '/home/heron/percheron_ws/install/percheron_cpp_examples/share/percheron_cpp_examples/hook/cmake_prefix_path.dsv'
[2.754s] INFO:colcon.colcon_core.shell:Creating environment hook '/home/heron/percheron_ws/install/percheron_cpp_examples/share/percheron_cpp_examples/hook/cmake_prefix_path.sh'
[2.756s] Level 1:colcon.colcon_core.environment:checking '/home/heron/percheron_ws/install/percheron_cpp_examples/lib'
[2.757s] Level 1:colcon.colcon_core.environment:checking '/home/heron/percheron_ws/install/percheron_cpp_examples/bin'
[2.757s] Level 1:colcon.colcon_core.environment:checking '/home/heron/percheron_ws/install/percheron_cpp_examples/lib/pkgconfig/percheron_cpp_examples.pc'
[2.758s] Level 1:colcon.colcon_core.environment:checking '/home/heron/percheron_ws/install/percheron_cpp_examples/lib/python3.10/site-packages'
[2.758s] Level 1:colcon.colcon_core.environment:checking '/home/heron/percheron_ws/install/percheron_cpp_examples/bin'
[2.759s] INFO:colcon.colcon_core.shell:Creating package script '/home/heron/percheron_ws/install/percheron_cpp_examples/share/percheron_cpp_examples/package.ps1'
[2.762s] INFO:colcon.colcon_core.shell:Creating package descriptor '/home/heron/percheron_ws/install/percheron_cpp_examples/share/percheron_cpp_examples/package.dsv'
[2.764s] INFO:colcon.colcon_core.shell:Creating package script '/home/heron/percheron_ws/install/percheron_cpp_examples/share/percheron_cpp_examples/package.sh'
[2.767s] INFO:colcon.colcon_core.shell:Creating package script '/home/heron/percheron_ws/install/percheron_cpp_examples/share/percheron_cpp_examples/package.bash'
[2.769s] INFO:colcon.colcon_core.shell:Creating package script '/home/heron/percheron_ws/install/percheron_cpp_examples/share/percheron_cpp_examples/package.zsh'
[2.771s] Level 1:colcon.colcon_core.environment:create_file_with_runtime_dependencies(/home/heron/percheron_ws/install/percheron_cpp_examples/share/colcon-core/packages/percheron_cpp_examples)
[3.733s] DEBUG:colcon.colcon_core.event_handler.log_command:Invoking command in '/home/heron/percheron_ws/src/percheron_py_examples': PYTHONPATH=/home/heron/percheron_ws/build/percheron_py_examples/prefix_override:/usr/lib/python3/dist-packages/colcon_core/task/python/colcon_distutils_commands:/home/heron/percheron_ws/install/percheron_py_examples/lib/python3.10/site-packages:${PYTHONPATH} /usr/bin/python3 -W ignore:setup.py install is deprecated setup.py egg_info --egg-base ../../build/percheron_py_examples build --build-base /home/heron/percheron_ws/build/percheron_py_examples/build install --record /home/heron/percheron_ws/build/percheron_py_examples/install.log --single-version-externally-managed install_data
[4.745s] Level 1:colcon.colcon_core.environment:checking '/home/heron/percheron_ws/install/percheron_py_examples' for CMake module files
[4.749s] DEBUG:colcon.colcon_core.event_handler.log_command:Invoked command in '/home/heron/percheron_ws/src/percheron_py_examples' returned '0': PYTHONPATH=/home/heron/percheron_ws/build/percheron_py_examples/prefix_override:/usr/lib/python3/dist-packages/colcon_core/task/python/colcon_distutils_commands:/home/heron/percheron_ws/install/percheron_py_examples/lib/python3.10/site-packages:${PYTHONPATH} /usr/bin/python3 -W ignore:setup.py install is deprecated setup.py egg_info --egg-base ../../build/percheron_py_examples build --build-base /home/heron/percheron_ws/build/percheron_py_examples/build install --record /home/heron/percheron_ws/build/percheron_py_examples/install.log --single-version-externally-managed install_data
[4.751s] Level 1:colcon.colcon_core.environment:checking '/home/heron/percheron_ws/install/percheron_py_examples' for CMake config files
[4.754s] Level 1:colcon.colcon_core.environment:checking '/home/heron/percheron_ws/install/percheron_py_examples/lib'
[4.754s] Level 1:colcon.colcon_core.environment:checking '/home/heron/percheron_ws/install/percheron_py_examples/bin'
[4.754s] Level 1:colcon.colcon_core.environment:checking '/home/heron/percheron_ws/install/percheron_py_examples/lib/pkgconfig/percheron_py_examples.pc'
[4.756s] Level 1:colcon.colcon_core.environment:checking '/home/heron/percheron_ws/install/percheron_py_examples/lib/python3.10/site-packages'
[4.756s] Level 1:colcon.colcon_core.shell:create_environment_hook('percheron_py_examples', 'pythonpath')
[4.758s] INFO:colcon.colcon_core.shell:Creating environment hook '/home/heron/percheron_ws/install/percheron_py_examples/share/percheron_py_examples/hook/pythonpath.ps1'
[4.760s] INFO:colcon.colcon_core.shell:Creating environment descriptor '/home/heron/percheron_ws/install/percheron_py_examples/share/percheron_py_examples/hook/pythonpath.dsv'
[4.763s] INFO:colcon.colcon_core.shell:Creating environment hook '/home/heron/percheron_ws/install/percheron_py_examples/share/percheron_py_examples/hook/pythonpath.sh'
[4.765s] Level 1:colcon.colcon_core.environment:checking '/home/heron/percheron_ws/install/percheron_py_examples/bin'
[4.766s] Level 1:colcon.colcon_core.environment:create_environment_scripts_only(percheron_py_examples)
[4.768s] INFO:colcon.colcon_core.shell:Creating package script '/home/heron/percheron_ws/install/percheron_py_examples/share/percheron_py_examples/package.ps1'
[4.771s] INFO:colcon.colcon_core.shell:Creating package descriptor '/home/heron/percheron_ws/install/percheron_py_examples/share/percheron_py_examples/package.dsv'
[4.773s] INFO:colcon.colcon_core.shell:Creating package script '/home/heron/percheron_ws/install/percheron_py_examples/share/percheron_py_examples/package.sh'
[4.776s] INFO:colcon.colcon_core.shell:Creating package script '/home/heron/percheron_ws/install/percheron_py_examples/share/percheron_py_examples/package.bash'
[4.778s] INFO:colcon.colcon_core.shell:Creating package script '/home/heron/percheron_ws/install/percheron_py_examples/share/percheron_py_examples/package.zsh'
[4.780s] Level 1:colcon.colcon_core.environment:create_file_with_runtime_dependencies(/home/heron/percheron_ws/install/percheron_py_examples/share/colcon-core/packages/percheron_py_examples)
[4.781s] DEBUG:colcon.colcon_parallel_executor.executor.parallel:closing loop
[4.782s] DEBUG:colcon.colcon_parallel_executor.executor.parallel:loop closed
[4.783s] DEBUG:colcon.colcon_parallel_executor.executor.parallel:run_until_complete finished with '0'
[4.783s] DEBUG:colcon.colcon_core.event_reactor:joining thread
[4.797s] INFO:colcon.colcon_core.plugin_system:Skipping extension 'colcon_notification.desktop_notification.terminal_notifier': Not used on non-Darwin systems
[4.797s] INFO:colcon.colcon_core.plugin_system:Skipping extension 'colcon_notification.desktop_notification.win32': Not used on non-Windows systems
[4.797s] INFO:colcon.colcon_notification.desktop_notification:Sending desktop notification using 'notify2'
[4.837s] DEBUG:colcon.colcon_core.event_reactor:joined thread
[4.838s] INFO:colcon.colcon_core.shell:Creating prefix script '/home/heron/percheron_ws/install/local_setup.ps1'
[4.842s] INFO:colcon.colcon_core.shell:Creating prefix util module '/home/heron/percheron_ws/install/_local_setup_util_ps1.py'
[4.850s] INFO:colcon.colcon_core.shell:Creating prefix chain script '/home/heron/percheron_ws/install/setup.ps1'
[4.858s] INFO:colcon.colcon_core.shell:Creating prefix script '/home/heron/percheron_ws/install/local_setup.sh'
[4.862s] INFO:colcon.colcon_core.shell:Creating prefix util module '/home/heron/percheron_ws/install/_local_setup_util_sh.py'
[4.866s] INFO:colcon.colcon_core.shell:Creating prefix chain script '/home/heron/percheron_ws/install/setup.sh'
[4.875s] INFO:colcon.colcon_core.shell:Creating prefix script '/home/heron/percheron_ws/install/local_setup.bash'
[4.878s] INFO:colcon.colcon_core.shell:Creating prefix chain script '/home/heron/percheron_ws/install/setup.bash'
[4.883s] INFO:colcon.colcon_core.shell:Creating prefix script '/home/heron/percheron_ws/install/local_setup.zsh'
[4.886s] INFO:colcon.colcon_core.shell:Creating prefix chain script '/home/heron/percheron_ws/install/setup.zsh'
