[6.064s] Invoking command in '/home/heron/percheron_ws/src/percheron_py_examples': PYTHONPATH=/home/heron/percheron_ws/build/percheron_py_examples/prefix_override:/usr/lib/python3/dist-packages/colcon_core/task/python/colcon_distutils_commands:/home/heron/percheron_ws/install/percheron_py_examples/lib/python3.10/site-packages:${PYTHONPATH} /usr/bin/python3 -W ignore:setup.py install is deprecated setup.py egg_info --egg-base ../../build/percheron_py_examples build --build-base /home/heron/percheron_ws/build/percheron_py_examples/build install --record /home/heron/percheron_ws/build/percheron_py_examples/install.log --single-version-externally-managed install_data
[6.984s] running egg_info
[6.986s] creating ../../build/percheron_py_examples/percheron_py_examples.egg-info
[6.986s] writing ../../build/percheron_py_examples/percheron_py_examples.egg-info/PKG-INFO
[6.987s] writing dependency_links to ../../build/percheron_py_examples/percheron_py_examples.egg-info/dependency_links.txt
[6.987s] writing entry points to ../../build/percheron_py_examples/percheron_py_examples.egg-info/entry_points.txt
[6.988s] writing requirements to ../../build/percheron_py_examples/percheron_py_examples.egg-info/requires.txt
[6.988s] writing top-level names to ../../build/percheron_py_examples/percheron_py_examples.egg-info/top_level.txt
[6.989s] writing manifest file '../../build/percheron_py_examples/percheron_py_examples.egg-info/SOURCES.txt'
[6.995s] reading manifest file '../../build/percheron_py_examples/percheron_py_examples.egg-info/SOURCES.txt'
[6.998s] writing manifest file '../../build/percheron_py_examples/percheron_py_examples.egg-info/SOURCES.txt'
[6.999s] running build
[6.999s] running build_py
[6.999s] creating /home/heron/percheron_ws/build/percheron_py_examples/build
[7.000s] creating /home/heron/percheron_ws/build/percheron_py_examples/build/lib
[7.000s] creating /home/heron/percheron_ws/build/percheron_py_examples/build/lib/percheron_py_examples
[7.001s] copying percheron_py_examples/simple_publisher.py -> /home/heron/percheron_ws/build/percheron_py_examples/build/lib/percheron_py_examples
[7.001s] copying percheron_py_examples/__init__.py -> /home/heron/percheron_ws/build/percheron_py_examples/build/lib/percheron_py_examples
[7.001s] running install
[7.002s] running install_lib
[7.004s] creating /home/heron/percheron_ws/install/percheron_py_examples/lib/python3.10/site-packages/percheron_py_examples
[7.005s] copying /home/heron/percheron_ws/build/percheron_py_examples/build/lib/percheron_py_examples/simple_publisher.py -> /home/heron/percheron_ws/install/percheron_py_examples/lib/python3.10/site-packages/percheron_py_examples
[7.005s] copying /home/heron/percheron_ws/build/percheron_py_examples/build/lib/percheron_py_examples/__init__.py -> /home/heron/percheron_ws/install/percheron_py_examples/lib/python3.10/site-packages/percheron_py_examples
[7.007s] byte-compiling /home/heron/percheron_ws/install/percheron_py_examples/lib/python3.10/site-packages/percheron_py_examples/simple_publisher.py to simple_publisher.cpython-310.pyc
[7.008s] byte-compiling /home/heron/percheron_ws/install/percheron_py_examples/lib/python3.10/site-packages/percheron_py_examples/__init__.py to __init__.cpython-310.pyc
[7.009s] running install_data
[7.010s] creating /home/heron/percheron_ws/install/percheron_py_examples/share/ament_index
[7.010s] creating /home/heron/percheron_ws/install/percheron_py_examples/share/ament_index/resource_index
[7.010s] creating /home/heron/percheron_ws/install/percheron_py_examples/share/ament_index/resource_index/packages
[7.011s] copying resource/percheron_py_examples -> /home/heron/percheron_ws/install/percheron_py_examples/share/ament_index/resource_index/packages
[7.011s] copying package.xml -> /home/heron/percheron_ws/install/percheron_py_examples/share/percheron_py_examples
[7.012s] running install_egg_info
[7.017s] Copying ../../build/percheron_py_examples/percheron_py_examples.egg-info to /home/heron/percheron_ws/install/percheron_py_examples/lib/python3.10/site-packages/percheron_py_examples-0.0.0-py3.10.egg-info
[7.020s] running install_scripts
[7.083s] Installing simple_publisher script to /home/heron/percheron_ws/install/percheron_py_examples/lib/percheron_py_examples
[7.084s] writing list of installed files to '/home/heron/percheron_ws/build/percheron_py_examples/install.log'
[7.179s] Invoked command in '/home/heron/percheron_ws/src/percheron_py_examples' returned '0': PYTHONPATH=/home/heron/percheron_ws/build/percheron_py_examples/prefix_override:/usr/lib/python3/dist-packages/colcon_core/task/python/colcon_distutils_commands:/home/heron/percheron_ws/install/percheron_py_examples/lib/python3.10/site-packages:${PYTHONPATH} /usr/bin/python3 -W ignore:setup.py install is deprecated setup.py egg_info --egg-base ../../build/percheron_py_examples build --build-base /home/heron/percheron_ws/build/percheron_py_examples/build install --record /home/heron/percheron_ws/build/percheron_py_examples/install.log --single-version-externally-managed install_data
