[0.300s] Invoking command in '/home/heron/percheron_ws/build/percheron_description': CMAKE_PREFIX_PATH=${CMAKE_PREFIX_PATH}:/home/heron/clydesdale_ws/install/serial_motor_demo:/home/heron/clydesdale_ws/install/joy_tester:/opt/ros/iron /usr/bin/cmake --build /home/heron/percheron_ws/build/percheron_description -- -j4 -l4
[2.714s] -- Found ament_cmake: 2.0.6 (/opt/ros/iron/share/ament_cmake/cmake)
[5.094s] -- Configuring done
[5.155s] -- Generating done
[5.158s] -- Build files have been written to: /home/heron/percheron_ws/build/percheron_description
[5.227s] Invoked command in '/home/heron/percheron_ws/build/percheron_description' returned '0': CMAKE_PREFIX_PATH=${CMAKE_PREFIX_PATH}:/home/heron/clydesdale_ws/install/serial_motor_demo:/home/heron/clydesdale_ws/install/joy_tester:/opt/ros/iron /usr/bin/cmake --build /home/heron/percheron_ws/build/percheron_description -- -j4 -l4
[5.282s] Invoking command in '/home/heron/percheron_ws/build/percheron_description': CMAKE_PREFIX_PATH=${CMAKE_PREFIX_PATH}:/home/heron/clydesdale_ws/install/serial_motor_demo:/home/heron/clydesdale_ws/install/joy_tester:/opt/ros/iron /usr/bin/cmake --install /home/heron/percheron_ws/build/percheron_description
[5.302s] -- Install configuration: ""
[5.323s] -- Up-to-date: /home/heron/percheron_ws/install/percheron_description/share/percheron_description/meshes
[5.327s] -- Up-to-date: /home/heron/percheron_ws/install/percheron_description/share/percheron_description/meshes/wheel_left_link.STL
[5.327s] -- Up-to-date: /home/heron/percheron_ws/install/percheron_description/share/percheron_description/meshes/wheel_right_link.STL
[5.327s] -- Up-to-date: /home/heron/percheron_ws/install/percheron_description/share/percheron_description/urdf
[5.328s] -- Up-to-date: /home/heron/percheron_ws/install/percheron_description/share/percheron_description/urdf/percheron.urdf.xacro
[5.328s] -- Up-to-date: /home/heron/percheron_ws/install/percheron_description/share/percheron_description/launch
[5.328s] -- Up-to-date: /home/heron/percheron_ws/install/percheron_description/share/percheron_description/launch/display.launch.py
[5.328s] -- Installing: /home/heron/percheron_ws/install/percheron_description/share/percheron_description/launch/gazebo.launch.py
[5.329s] -- Up-to-date: /home/heron/percheron_ws/install/percheron_description/share/percheron_description/rviz
[5.329s] -- Up-to-date: /home/heron/percheron_ws/install/percheron_description/share/percheron_description/rviz/display.rviz
[5.329s] -- Installing: /home/heron/percheron_ws/install/percheron_description/share/ament_index/resource_index/package_run_dependencies/percheron_description
[5.330s] -- Up-to-date: /home/heron/percheron_ws/install/percheron_description/share/ament_index/resource_index/parent_prefix_path/percheron_description
[5.330s] -- Up-to-date: /home/heron/percheron_ws/install/percheron_description/share/percheron_description/environment/ament_prefix_path.sh
[5.331s] -- Up-to-date: /home/heron/percheron_ws/install/percheron_description/share/percheron_description/environment/ament_prefix_path.dsv
[5.331s] -- Up-to-date: /home/heron/percheron_ws/install/percheron_description/share/percheron_description/environment/path.sh
[5.332s] -- Up-to-date: /home/heron/percheron_ws/install/percheron_description/share/percheron_description/environment/path.dsv
[5.332s] -- Up-to-date: /home/heron/percheron_ws/install/percheron_description/share/percheron_description/local_setup.bash
[5.332s] -- Up-to-date: /home/heron/percheron_ws/install/percheron_description/share/percheron_description/local_setup.sh
[5.332s] -- Up-to-date: /home/heron/percheron_ws/install/percheron_description/share/percheron_description/local_setup.zsh
[5.333s] -- Up-to-date: /home/heron/percheron_ws/install/percheron_description/share/percheron_description/local_setup.dsv
[5.333s] -- Installing: /home/heron/percheron_ws/install/percheron_description/share/percheron_description/package.dsv
[5.334s] -- Up-to-date: /home/heron/percheron_ws/install/percheron_description/share/ament_index/resource_index/packages/percheron_description
[5.334s] -- Up-to-date: /home/heron/percheron_ws/install/percheron_description/share/percheron_description/cmake/percheron_descriptionConfig.cmake
[5.335s] -- Up-to-date: /home/heron/percheron_ws/install/percheron_description/share/percheron_description/cmake/percheron_descriptionConfig-version.cmake
[5.335s] -- Installing: /home/heron/percheron_ws/install/percheron_description/share/percheron_description/package.xml
[5.341s] Invoked command in '/home/heron/percheron_ws/build/percheron_description' returned '0': CMAKE_PREFIX_PATH=${CMAKE_PREFIX_PATH}:/home/heron/clydesdale_ws/install/serial_motor_demo:/home/heron/clydesdale_ws/install/joy_tester:/opt/ros/iron /usr/bin/cmake --install /home/heron/percheron_ws/build/percheron_description
