[0.130s] Invoking command in '/home/heron/percheron_ws/build/percheron_cpp_examples': CMAKE_PREFIX_PATH=${CMAKE_PREFIX_PATH}:/home/heron/clydesdale_ws/install/serial_motor_demo:/home/heron/clydesdale_ws/install/joy_tester:/opt/ros/iron /usr/bin/cmake --build /home/heron/percheron_ws/build/percheron_cpp_examples -- -j4 -l4
[1.874s] [ 33%] Built target simple_parameter
[1.875s] [ 66%] Built target simple_publisher
[1.875s] [100%] Built target simple_subscriber
[1.890s] Invoked command in '/home/heron/percheron_ws/build/percheron_cpp_examples' returned '0': CMAKE_PREFIX_PATH=${CMAKE_PREFIX_PATH}:/home/heron/clydesdale_ws/install/serial_motor_demo:/home/heron/clydesdale_ws/install/joy_tester:/opt/ros/iron /usr/bin/cmake --build /home/heron/percheron_ws/build/percheron_cpp_examples -- -j4 -l4
[2.083s] Invoking command in '/home/heron/percheron_ws/build/percheron_cpp_examples': CMAKE_PREFIX_PATH=${CMAKE_PREFIX_PATH}:/home/heron/clydesdale_ws/install/serial_motor_demo:/home/heron/clydesdale_ws/install/joy_tester:/opt/ros/iron /usr/bin/cmake --install /home/heron/percheron_ws/build/percheron_cpp_examples
[2.117s] -- Install configuration: ""
[2.171s] -- Up-to-date: /home/heron/percheron_ws/install/percheron_cpp_examples/lib/percheron_cpp_examples/simple_publisher
[2.292s] -- Up-to-date: /home/heron/percheron_ws/install/percheron_cpp_examples/lib/percheron_cpp_examples/simple_subscriber
[2.354s] -- Up-to-date: /home/heron/percheron_ws/install/percheron_cpp_examples/lib/percheron_cpp_examples/simple_parameter
[2.354s] -- Up-to-date: /home/heron/percheron_ws/install/percheron_cpp_examples/share/ament_index/resource_index/package_run_dependencies/percheron_cpp_examples
[2.354s] -- Up-to-date: /home/heron/percheron_ws/install/percheron_cpp_examples/share/ament_index/resource_index/parent_prefix_path/percheron_cpp_examples
[2.355s] -- Up-to-date: /home/heron/percheron_ws/install/percheron_cpp_examples/share/percheron_cpp_examples/environment/ament_prefix_path.sh
[2.355s] -- Up-to-date: /home/heron/percheron_ws/install/percheron_cpp_examples/share/percheron_cpp_examples/environment/ament_prefix_path.dsv
[2.355s] -- Up-to-date: /home/heron/percheron_ws/install/percheron_cpp_examples/share/percheron_cpp_examples/environment/path.sh
[2.355s] -- Up-to-date: /home/heron/percheron_ws/install/percheron_cpp_examples/share/percheron_cpp_examples/environment/path.dsv
[2.356s] -- Up-to-date: /home/heron/percheron_ws/install/percheron_cpp_examples/share/percheron_cpp_examples/local_setup.bash
[2.356s] -- Up-to-date: /home/heron/percheron_ws/install/percheron_cpp_examples/share/percheron_cpp_examples/local_setup.sh
[2.356s] -- Up-to-date: /home/heron/percheron_ws/install/percheron_cpp_examples/share/percheron_cpp_examples/local_setup.zsh
[2.356s] -- Up-to-date: /home/heron/percheron_ws/install/percheron_cpp_examples/share/percheron_cpp_examples/local_setup.dsv
[2.357s] -- Installing: /home/heron/percheron_ws/install/percheron_cpp_examples/share/percheron_cpp_examples/package.dsv
[2.431s] -- Up-to-date: /home/heron/percheron_ws/install/percheron_cpp_examples/share/ament_index/resource_index/packages/percheron_cpp_examples
[2.431s] -- Up-to-date: /home/heron/percheron_ws/install/percheron_cpp_examples/share/percheron_cpp_examples/cmake/percheron_cpp_examplesConfig.cmake
[2.432s] -- Up-to-date: /home/heron/percheron_ws/install/percheron_cpp_examples/share/percheron_cpp_examples/cmake/percheron_cpp_examplesConfig-version.cmake
[2.433s] -- Up-to-date: /home/heron/percheron_ws/install/percheron_cpp_examples/share/percheron_cpp_examples/package.xml
[2.433s] Invoked command in '/home/heron/percheron_ws/build/percheron_cpp_examples' returned '0': CMAKE_PREFIX_PATH=${CMAKE_PREFIX_PATH}:/home/heron/clydesdale_ws/install/serial_motor_demo:/home/heron/clydesdale_ws/install/joy_tester:/opt/ros/iron /usr/bin/cmake --install /home/heron/percheron_ws/build/percheron_cpp_examples
