[0.118s] Invoking command in '/home/heron/percheron_ws/build/percheron_cpp_examples': CMAKE_PREFIX_PATH=${CMAKE_PREFIX_PATH}:/home/heron/clydesdale_ws/install/serial_motor_demo:/home/heron/clydesdale_ws/install/joy_tester:/opt/ros/iron /usr/bin/cmake /home/heron/percheron_ws/src/percheron_cpp_examples -DCMAKE_INSTALL_PREFIX=/home/heron/percheron_ws/install/percheron_cpp_examples
[1.982s] -- The C compiler identification is GNU 11.4.0
[3.903s] -- The CXX compiler identification is GNU 11.4.0
[4.165s] -- Detecting C compiler ABI info
[4.789s] -- Detecting C compiler ABI info - done
[4.823s] -- Check for working C compiler: /usr/bin/cc - skipped
[4.827s] -- Detecting C compile features
[4.850s] -- Detecting C compile features - done
[4.916s] -- Detecting CXX compiler ABI info
[5.198s] -- Detecting CXX compiler ABI info - done
[5.228s] -- Check for working CXX compiler: /usr/bin/c++ - skipped
[5.229s] -- Detecting CXX compile features
[5.231s] -- Detecting CXX compile features - done
[5.527s] -- Found ament_cmake: 2.0.6 (/opt/ros/iron/share/ament_cmake/cmake)
[6.244s] -- Found Python3: /usr/bin/python3.10 (found version "3.10.12") found components: Interpreter 
[7.027s] -- Found rclcpp: 21.0.7 (/opt/ros/iron/share/rclcpp/cmake)
[7.874s] -- Found rosidl_generator_c: 4.0.1 (/opt/ros/iron/share/rosidl_generator_c/cmake)
[8.021s] -- Found rosidl_generator_cpp: 4.0.1 (/opt/ros/iron/share/rosidl_generator_cpp/cmake)
[8.387s] -- Using all available rosidl_typesupport_c: rosidl_typesupport_fastrtps_c;rosidl_typesupport_introspection_c
[8.584s] -- Using all available rosidl_typesupport_cpp: rosidl_typesupport_fastrtps_cpp;rosidl_typesupport_introspection_cpp
[9.797s] -- Found rmw_implementation_cmake: 7.1.0 (/opt/ros/iron/share/rmw_implementation_cmake/cmake)
[9.837s] -- Found rmw_fastrtps_cpp: 7.1.4 (/opt/ros/iron/share/rmw_fastrtps_cpp/cmake)
[10.785s] -- Found OpenSSL: /usr/lib/x86_64-linux-gnu/libcrypto.so (found version "3.0.2")  
[11.029s] -- Found FastRTPS: /opt/ros/iron/include  
[11.167s] -- Using RMW implementation 'rmw_fastrtps_cpp' as default
[12.022s] -- Found std_msgs: 5.0.1 (/opt/ros/iron/share/std_msgs/cmake)
[12.171s] -- Found ament_lint_auto: 0.14.4 (/opt/ros/iron/share/ament_lint_auto/cmake)
[12.685s] -- Added test 'cppcheck' to perform static code analysis on C / C++ code
[12.686s] -- Configured cppcheck include dirs: 
[12.687s] -- Configured cppcheck exclude dirs and/or files: 
[12.705s] -- Added test 'lint_cmake' to check CMake code style
[12.729s] -- Added test 'uncrustify' to check C / C++ code style
[12.729s] -- Configured uncrustify additional arguments: 
[12.733s] -- Added test 'xmllint' to check XML markup files
[12.761s] -- Configuring done
[12.902s] -- Generating done
[12.912s] -- Build files have been written to: /home/heron/percheron_ws/build/percheron_cpp_examples
[12.961s] Invoked command in '/home/heron/percheron_ws/build/percheron_cpp_examples' returned '0': CMAKE_PREFIX_PATH=${CMAKE_PREFIX_PATH}:/home/heron/clydesdale_ws/install/serial_motor_demo:/home/heron/clydesdale_ws/install/joy_tester:/opt/ros/iron /usr/bin/cmake /home/heron/percheron_ws/src/percheron_cpp_examples -DCMAKE_INSTALL_PREFIX=/home/heron/percheron_ws/install/percheron_cpp_examples
[12.970s] Invoking command in '/home/heron/percheron_ws/build/percheron_cpp_examples': CMAKE_PREFIX_PATH=${CMAKE_PREFIX_PATH}:/home/heron/clydesdale_ws/install/serial_motor_demo:/home/heron/clydesdale_ws/install/joy_tester:/opt/ros/iron /usr/bin/cmake --build /home/heron/percheron_ws/build/percheron_cpp_examples -- -j4 -l4
[13.169s] [ 50%] [32mBuilding CXX object CMakeFiles/simple_publisher.dir/src/simple_publisher.cpp.o[0m
[28.461s] [100%] [32m[1mLinking CXX executable simple_publisher[0m
[30.432s] [100%] Built target simple_publisher
[30.546s] Invoked command in '/home/heron/percheron_ws/build/percheron_cpp_examples' returned '0': CMAKE_PREFIX_PATH=${CMAKE_PREFIX_PATH}:/home/heron/clydesdale_ws/install/serial_motor_demo:/home/heron/clydesdale_ws/install/joy_tester:/opt/ros/iron /usr/bin/cmake --build /home/heron/percheron_ws/build/percheron_cpp_examples -- -j4 -l4
[30.658s] Invoking command in '/home/heron/percheron_ws/build/percheron_cpp_examples': CMAKE_PREFIX_PATH=${CMAKE_PREFIX_PATH}:/home/heron/clydesdale_ws/install/serial_motor_demo:/home/heron/clydesdale_ws/install/joy_tester:/opt/ros/iron /usr/bin/cmake --install /home/heron/percheron_ws/build/percheron_cpp_examples
[30.692s] -- Install configuration: ""
[30.706s] -- Installing: /home/heron/percheron_ws/install/percheron_cpp_examples/lib/percheron_cpp_examples/simple_publisher
[30.714s] -- Set runtime path of "/home/heron/percheron_ws/install/percheron_cpp_examples/lib/percheron_cpp_examples/simple_publisher" to ""
[30.714s] -- Installing: /home/heron/percheron_ws/install/percheron_cpp_examples/share/ament_index/resource_index/package_run_dependencies/percheron_cpp_examples
[30.715s] -- Installing: /home/heron/percheron_ws/install/percheron_cpp_examples/share/ament_index/resource_index/parent_prefix_path/percheron_cpp_examples
[30.716s] -- Installing: /home/heron/percheron_ws/install/percheron_cpp_examples/share/percheron_cpp_examples/environment/ament_prefix_path.sh
[30.716s] -- Installing: /home/heron/percheron_ws/install/percheron_cpp_examples/share/percheron_cpp_examples/environment/ament_prefix_path.dsv
[30.717s] -- Installing: /home/heron/percheron_ws/install/percheron_cpp_examples/share/percheron_cpp_examples/environment/path.sh
[30.717s] -- Installing: /home/heron/percheron_ws/install/percheron_cpp_examples/share/percheron_cpp_examples/environment/path.dsv
[30.718s] -- Installing: /home/heron/percheron_ws/install/percheron_cpp_examples/share/percheron_cpp_examples/local_setup.bash
[30.718s] -- Installing: /home/heron/percheron_ws/install/percheron_cpp_examples/share/percheron_cpp_examples/local_setup.sh
[30.719s] -- Installing: /home/heron/percheron_ws/install/percheron_cpp_examples/share/percheron_cpp_examples/local_setup.zsh
[30.720s] -- Installing: /home/heron/percheron_ws/install/percheron_cpp_examples/share/percheron_cpp_examples/local_setup.dsv
[30.720s] -- Installing: /home/heron/percheron_ws/install/percheron_cpp_examples/share/percheron_cpp_examples/package.dsv
[30.721s] -- Installing: /home/heron/percheron_ws/install/percheron_cpp_examples/share/ament_index/resource_index/packages/percheron_cpp_examples
[30.722s] -- Installing: /home/heron/percheron_ws/install/percheron_cpp_examples/share/percheron_cpp_examples/cmake/percheron_cpp_examplesConfig.cmake
[30.722s] -- Installing: /home/heron/percheron_ws/install/percheron_cpp_examples/share/percheron_cpp_examples/cmake/percheron_cpp_examplesConfig-version.cmake
[30.723s] -- Installing: /home/heron/percheron_ws/install/percheron_cpp_examples/share/percheron_cpp_examples/package.xml
[30.733s] Invoked command in '/home/heron/percheron_ws/build/percheron_cpp_examples' returned '0': CMAKE_PREFIX_PATH=${CMAKE_PREFIX_PATH}:/home/heron/clydesdale_ws/install/serial_motor_demo:/home/heron/clydesdale_ws/install/joy_tester:/opt/ros/iron /usr/bin/cmake --install /home/heron/percheron_ws/build/percheron_cpp_examples
