running egg_info
writing ../../build/percheron_py_examples/percheron_py_examples.egg-info/PKG-INFO
writing dependency_links to ../../build/percheron_py_examples/percheron_py_examples.egg-info/dependency_links.txt
writing entry points to ../../build/percheron_py_examples/percheron_py_examples.egg-info/entry_points.txt
writing requirements to ../../build/percheron_py_examples/percheron_py_examples.egg-info/requires.txt
writing top-level names to ../../build/percheron_py_examples/percheron_py_examples.egg-info/top_level.txt
reading manifest file '../../build/percheron_py_examples/percheron_py_examples.egg-info/SOURCES.txt'
writing manifest file '../../build/percheron_py_examples/percheron_py_examples.egg-info/SOURCES.txt'
running build
running build_py
copying percheron_py_examples/simple_parameter.py -> /home/heron/percheron_ws/build/percheron_py_examples/build/lib/percheron_py_examples
running install
running install_lib
copying /home/heron/percheron_ws/build/percheron_py_examples/build/lib/percheron_py_examples/simple_parameter.py -> /home/heron/percheron_ws/install/percheron_py_examples/lib/python3.10/site-packages/percheron_py_examples
byte-compiling /home/heron/percheron_ws/install/percheron_py_examples/lib/python3.10/site-packages/percheron_py_examples/simple_parameter.py to simple_parameter.cpython-310.pyc
running install_data
copying package.xml -> /home/heron/percheron_ws/install/percheron_py_examples/share/percheron_py_examples
running install_egg_info
removing '/home/heron/percheron_ws/install/percheron_py_examples/lib/python3.10/site-packages/percheron_py_examples-0.0.0-py3.10.egg-info' (and everything under it)
Copying ../../build/percheron_py_examples/percheron_py_examples.egg-info to /home/heron/percheron_ws/install/percheron_py_examples/lib/python3.10/site-packages/percheron_py_examples-0.0.0-py3.10.egg-info
running install_scripts
Installing simple_parameter script to /home/heron/percheron_ws/install/percheron_py_examples/lib/percheron_py_examples
Installing simple_publisher script to /home/heron/percheron_ws/install/percheron_py_examples/lib/percheron_py_examples
Installing simple_subscriber script to /home/heron/percheron_ws/install/percheron_py_examples/lib/percheron_py_examples
writing list of installed files to '/home/heron/percheron_ws/build/percheron_py_examples/install.log'
