[0.249s] Invoking command in '/home/heron/percheron_ws/build/percheron_description': CMAKE_PREFIX_PATH=${CMAKE_PREFIX_PATH}:/home/heron/clydesdale_ws/install/serial_motor_demo:/home/heron/clydesdale_ws/install/joy_tester:/opt/ros/iron /usr/bin/cmake --build /home/heron/percheron_ws/build/percheron_description -- -j4 -l4
[0.618s] -- Found ament_cmake: 2.0.6 (/opt/ros/iron/share/ament_cmake/cmake)
[2.565s] -- Configuring done
[2.655s] -- Generating done
[2.659s] -- Build files have been written to: /home/heron/percheron_ws/build/percheron_description
[2.787s] Invoked command in '/home/heron/percheron_ws/build/percheron_description' returned '0': CMAKE_PREFIX_PATH=${CMAKE_PREFIX_PATH}:/home/heron/clydesdale_ws/install/serial_motor_demo:/home/heron/clydesdale_ws/install/joy_tester:/opt/ros/iron /usr/bin/cmake --build /home/heron/percheron_ws/build/percheron_description -- -j4 -l4
[2.928s] Invoking command in '/home/heron/percheron_ws/build/percheron_description': CMAKE_PREFIX_PATH=${CMAKE_PREFIX_PATH}:/home/heron/clydesdale_ws/install/serial_motor_demo:/home/heron/clydesdale_ws/install/joy_tester:/opt/ros/iron /usr/bin/cmake --install /home/heron/percheron_ws/build/percheron_description
[2.959s] -- Install configuration: ""
[2.959s] -- Installing: /home/heron/percheron_ws/install/percheron_description/share/percheron_description/urdf
[2.960s] -- Installing: /home/heron/percheron_ws/install/percheron_description/share/percheron_description/urdf/percheron.urdf.xacro
[2.961s] -- Installing: /home/heron/percheron_ws/install/percheron_description/share/percheron_description/launch
[2.962s] -- Installing: /home/heron/percheron_ws/install/percheron_description/share/percheron_description/launch/display.launch.py
[2.962s] -- Installing: /home/heron/percheron_ws/install/percheron_description/share/percheron_description/rviz
[2.963s] -- Installing: /home/heron/percheron_ws/install/percheron_description/share/percheron_description/rviz/display.rviz
[2.964s] -- Up-to-date: /home/heron/percheron_ws/install/percheron_description/share/ament_index/resource_index/package_run_dependencies/percheron_description
[2.964s] -- Up-to-date: /home/heron/percheron_ws/install/percheron_description/share/ament_index/resource_index/parent_prefix_path/percheron_description
[2.965s] -- Up-to-date: /home/heron/percheron_ws/install/percheron_description/share/percheron_description/environment/ament_prefix_path.sh
[2.965s] -- Up-to-date: /home/heron/percheron_ws/install/percheron_description/share/percheron_description/environment/ament_prefix_path.dsv
[2.965s] -- Up-to-date: /home/heron/percheron_ws/install/percheron_description/share/percheron_description/environment/path.sh
[2.966s] -- Up-to-date: /home/heron/percheron_ws/install/percheron_description/share/percheron_description/environment/path.dsv
[2.966s] -- Up-to-date: /home/heron/percheron_ws/install/percheron_description/share/percheron_description/local_setup.bash
[2.966s] -- Up-to-date: /home/heron/percheron_ws/install/percheron_description/share/percheron_description/local_setup.sh
[2.967s] -- Up-to-date: /home/heron/percheron_ws/install/percheron_description/share/percheron_description/local_setup.zsh
[2.981s] -- Up-to-date: /home/heron/percheron_ws/install/percheron_description/share/percheron_description/local_setup.dsv
[2.982s] -- Installing: /home/heron/percheron_ws/install/percheron_description/share/percheron_description/package.dsv
[2.983s] -- Up-to-date: /home/heron/percheron_ws/install/percheron_description/share/ament_index/resource_index/packages/percheron_description
[2.983s] -- Up-to-date: /home/heron/percheron_ws/install/percheron_description/share/percheron_description/cmake/percheron_descriptionConfig.cmake
[2.984s] -- Up-to-date: /home/heron/percheron_ws/install/percheron_description/share/percheron_description/cmake/percheron_descriptionConfig-version.cmake
[2.984s] -- Up-to-date: /home/heron/percheron_ws/install/percheron_description/share/percheron_description/package.xml
[2.985s] Invoked command in '/home/heron/percheron_ws/build/percheron_description' returned '0': CMAKE_PREFIX_PATH=${CMAKE_PREFIX_PATH}:/home/heron/clydesdale_ws/install/serial_motor_demo:/home/heron/clydesdale_ws/install/joy_tester:/opt/ros/iron /usr/bin/cmake --install /home/heron/percheron_ws/build/percheron_description
