[2.517s] Invoking command in '/home/heron/percheron_ws/src/percheron_py_examples': PYTHONPATH=/home/heron/percheron_ws/build/percheron_py_examples/prefix_override:/usr/lib/python3/dist-packages/colcon_core/task/python/colcon_distutils_commands:/home/heron/percheron_ws/install/percheron_py_examples/lib/python3.10/site-packages:${PYTHONPATH} /usr/bin/python3 -W ignore:setup.py install is deprecated setup.py egg_info --egg-base ../../build/percheron_py_examples build --build-base /home/heron/percheron_ws/build/percheron_py_examples/build install --record /home/heron/percheron_ws/build/percheron_py_examples/install.log --single-version-externally-managed install_data
[3.425s] running egg_info
[3.428s] writing ../../build/percheron_py_examples/percheron_py_examples.egg-info/PKG-INFO
[3.428s] writing dependency_links to ../../build/percheron_py_examples/percheron_py_examples.egg-info/dependency_links.txt
[3.429s] writing entry points to ../../build/percheron_py_examples/percheron_py_examples.egg-info/entry_points.txt
[3.429s] writing requirements to ../../build/percheron_py_examples/percheron_py_examples.egg-info/requires.txt
[3.429s] writing top-level names to ../../build/percheron_py_examples/percheron_py_examples.egg-info/top_level.txt
[3.436s] reading manifest file '../../build/percheron_py_examples/percheron_py_examples.egg-info/SOURCES.txt'
[3.440s] writing manifest file '../../build/percheron_py_examples/percheron_py_examples.egg-info/SOURCES.txt'
[3.440s] running build
[3.440s] running build_py
[3.441s] running install
[3.442s] running install_lib
[3.446s] running install_data
[3.446s] running install_egg_info
[3.452s] removing '/home/heron/percheron_ws/install/percheron_py_examples/lib/python3.10/site-packages/percheron_py_examples-0.0.0-py3.10.egg-info' (and everything under it)
[3.453s] Copying ../../build/percheron_py_examples/percheron_py_examples.egg-info to /home/heron/percheron_ws/install/percheron_py_examples/lib/python3.10/site-packages/percheron_py_examples-0.0.0-py3.10.egg-info
[3.455s] running install_scripts
[3.519s] Installing simple_parameter script to /home/heron/percheron_ws/install/percheron_py_examples/lib/percheron_py_examples
[3.519s] Installing simple_publisher script to /home/heron/percheron_ws/install/percheron_py_examples/lib/percheron_py_examples
[3.520s] Installing simple_subscriber script to /home/heron/percheron_ws/install/percheron_py_examples/lib/percheron_py_examples
[3.521s] writing list of installed files to '/home/heron/percheron_ws/build/percheron_py_examples/install.log'
[3.617s] Invoked command in '/home/heron/percheron_ws/src/percheron_py_examples' returned '0': PYTHONPATH=/home/heron/percheron_ws/build/percheron_py_examples/prefix_override:/usr/lib/python3/dist-packages/colcon_core/task/python/colcon_distutils_commands:/home/heron/percheron_ws/install/percheron_py_examples/lib/python3.10/site-packages:${PYTHONPATH} /usr/bin/python3 -W ignore:setup.py install is deprecated setup.py egg_info --egg-base ../../build/percheron_py_examples build --build-base /home/heron/percheron_ws/build/percheron_py_examples/build install --record /home/heron/percheron_ws/build/percheron_py_examples/install.log --single-version-externally-managed install_data
